30-10-2021 15:44:33.699 [Gauge] [DEBUG] Created gauge_screenshots_dir at C:\Users\testinium\OneDrive\Masaüstü\selenium-ödev\selenium-ödev\trendyol-selenium\polenodev\.gauge\screenshots
30-10-2021 15:44:33.818 [Gauge] [DEBUG] Plugin html-report is already installed.
30-10-2021 15:44:33.820 [Gauge] [DEBUG] Plugin java is already installed.
30-10-2021 15:44:33.821 [Gauge] [DEBUG] Parsing started.
30-10-2021 15:44:33.821 [Gauge] [DEBUG] Started concepts parsing.
30-10-2021 15:44:33.833 [Gauge] [DEBUG] 6 concepts parsing completed.
30-10-2021 15:44:33.834 [Gauge] [DEBUG] Started specifications parsing.
30-10-2021 15:44:33.835 [Gauge] [DEBUG] 1 specifications parsing completed.
30-10-2021 15:44:33.835 [Gauge] [DEBUG] Parsing completed.
30-10-2021 15:44:34.140 [Gauge] [DEBUG] Checking updates...
30-10-2021 15:44:34.143 [Gauge] [DEBUG] Downloading https://downloads.gauge.org/plugin/flash?l=java&p=flash,html-report,java,json-report,screenshot,spectacle,xml-report&o=windows&a=amd64
30-10-2021 15:44:34.490 [Gauge] [DEBUG] Downloading https://downloads.gauge.org/plugin/html-report?l=java&p=flash,html-report,java,json-report,screenshot,spectacle,xml-report&o=windows&a=amd64
30-10-2021 15:44:34.619 [Gauge] [DEBUG] Downloading https://downloads.gauge.org/plugin/java?l=java&p=flash,html-report,java,json-report,screenshot,spectacle,xml-report&o=windows&a=amd64
30-10-2021 15:44:34.755 [Gauge] [DEBUG] Downloading https://downloads.gauge.org/plugin/json-report?l=java&p=flash,html-report,java,json-report,screenshot,spectacle,xml-report&o=windows&a=amd64
30-10-2021 15:44:34.933 [Gauge] [DEBUG] Downloading https://downloads.gauge.org/plugin/screenshot?l=java&p=flash,html-report,java,json-report,screenshot,spectacle,xml-report&o=windows&a=amd64
30-10-2021 15:44:35.109 [Gauge] [DEBUG] Downloading https://downloads.gauge.org/plugin/spectacle?l=java&p=flash,html-report,java,json-report,screenshot,spectacle,xml-report&o=windows&a=amd64
30-10-2021 15:44:35.307 [Gauge] [DEBUG] Downloading https://downloads.gauge.org/plugin/xml-report?l=java&p=flash,html-report,java,json-report,screenshot,spectacle,xml-report&o=windows&a=amd64
30-10-2021 15:44:35.529 [java] [DEBUG] ***** Printing Properties/Env Values *****
30-10-2021 15:44:35.529 [java] [DEBUG] PATH: C:\Program Files (x86)\Common Files\Oracle\Java\javapath;C:\WINDOWS\system32;C:\WINDOWS;C:\WINDOWS\System32\Wbem;C:\WINDOWS\System32\WindowsPowerShell\v1.0\;C:\WINDOWS\System32\OpenSSH\;C:\Program Files\nodejs\;C:\Program Files\maven\apache-maven-3.6.3\bin;C:\Program Files\Gauge\bin;";%!A(MISSING)NDROID_HOME\platform-tools%!"(MISSING);";%!A(MISSING)NDROID_HOME\tools%!"(MISSING);";%!A(MISSING)NDROID_HOME\build-tools%!"(MISSING);C:\Program Files\Git\cmd;C:\Android\sdk\platform-tools;C:\Android\sdk\build-tools\29.0.2;C:\Program Files (x86)\Micro Focus\Unified Functional Testing\bin;C:\Users\testinium\AppData\Local\Microsoft\WindowsApps;C:\Users\testinium\AppData\Roaming\npm;C:\Users\testinium\AppData\Local\GitHubDesktop\bin;C:\Users\testinium\AppData\Roaming\gauge\plugins\screenshot\0.1.0
30-10-2021 15:44:35.529 [java] [DEBUG] JAVA_HOME: C:\Program Files\Java\jdk1.8.0_281
30-10-2021 15:44:35.529 [java] [DEBUG] gauge_project_root: C:\Users\testinium\OneDrive\Masaüstü\selenium-ödev\selenium-ödev\trendyol-selenium\polenodev
30-10-2021 15:44:35.529 [java] [DEBUG] gauge_parallel_streams_count: 
30-10-2021 15:44:35.529 [java] [DEBUG] gauge_reports_dir: reports
30-10-2021 15:44:35.529 [java] [DEBUG] overwrite_reports: true
30-10-2021 15:44:35.530 [java] [DEBUG] logs_directory: logs
30-10-2021 15:44:35.530 [java] [DEBUG] enable_multithreading: false
30-10-2021 15:44:35.530 [java] [DEBUG] gauge_specs_dir: specs
30-10-2021 15:44:35.530 [java] [DEBUG] csv_delimiter: ,
30-10-2021 15:44:35.530 [java] [DEBUG] gauge_java_home: 
30-10-2021 15:44:35.530 [java] [DEBUG] gauge_custom_build_path: 
30-10-2021 15:44:35.530 [java] [DEBUG] gauge_additional_libs: libs/*
30-10-2021 15:44:35.530 [java] [DEBUG] gauge_jvm_args: 
30-10-2021 15:44:35.530 [java] [DEBUG] gauge_custom_compile_dir: 
30-10-2021 15:44:35.530 [java] [DEBUG] gauge_clear_state_level: scenario
30-10-2021 15:44:35.530 [java] [DEBUG] ***** END *****
30-10-2021 15:44:40.732 [java] [ERROR] Installed version of gauge-java (0.7.15) does not match with dependency gauge-java (0.7.3) specified in pom.xml file
30-10-2021 15:44:40.733 [java] [DEBUG] classpath set to C:\Program Files\Java\jdk1.8.0_281\jre\lib\charsets.jar;C:\Program Files\Java\jdk1.8.0_281\jre\lib\deploy.jar;C:\Program Files\Java\jdk1.8.0_281\jre\lib\ext\access-bridge-64.jar;C:\Program Files\Java\jdk1.8.0_281\jre\lib\ext\cldrdata.jar;C:\Program Files\Java\jdk1.8.0_281\jre\lib\ext\dnsns.jar;C:\Program Files\Java\jdk1.8.0_281\jre\lib\ext\jaccess.jar;C:\Program Files\Java\jdk1.8.0_281\jre\lib\ext\jfxrt.jar;C:\Program Files\Java\jdk1.8.0_281\jre\lib\ext\localedata.jar;C:\Program Files\Java\jdk1.8.0_281\jre\lib\ext\nashorn.jar;C:\Program Files\Java\jdk1.8.0_281\jre\lib\ext\sunec.jar;C:\Program Files\Java\jdk1.8.0_281\jre\lib\ext\sunjce_provider.jar;C:\Program Files\Java\jdk1.8.0_281\jre\lib\ext\sunmscapi.jar;C:\Program Files\Java\jdk1.8.0_281\jre\lib\ext\sunpkcs11.jar;C:\Program Files\Java\jdk1.8.0_281\jre\lib\ext\zipfs.jar;C:\Program Files\Java\jdk1.8.0_281\jre\lib\javaws.jar;C:\Program Files\Java\jdk1.8.0_281\jre\lib\jce.jar;C:\Program Files\Java\jdk1.8.0_281\jre\lib\jfr.jar;C:\Program Files\Java\jdk1.8.0_281\jre\lib\jfxswt.jar;C:\Program Files\Java\jdk1.8.0_281\jre\lib\jsse.jar;C:\Program Files\Java\jdk1.8.0_281\jre\lib\management-agent.jar;C:\Program Files\Java\jdk1.8.0_281\jre\lib\plugin.jar;C:\Program Files\Java\jdk1.8.0_281\jre\lib\resources.jar;C:\Program Files\Java\jdk1.8.0_281\jre\lib\rt.jar;C:\Users\testinium\OneDrive\Masaüstü\selenium-ödev\selenium-ödev\trendyol-selenium\polenodev\target\test-classes;C:\Users\testinium\.m2\repository\junit\junit\4.12\junit-4.12.jar;C:\Users\testinium\.m2\repository\org\hamcrest\hamcrest-core\1.3\hamcrest-core-1.3.jar;C:\Users\testinium\.m2\repository\com\thoughtworks\gauge\gauge-java\0.7.3\gauge-java-0.7.3.jar;C:\Users\testinium\.m2\repository\org\assertj\assertj-core\3.14.0\assertj-core-3.14.0.jar;C:\Users\testinium\.m2\repository\org\reflections\reflections\0.9.11\reflections-0.9.11.jar;C:\Users\testinium\.m2\repository\org\javassist\javassist\3.21.0-GA\javassist-3.21.0-GA.jar;C:\Users\testinium\.m2\repository\com\github\javaparser\javaparser-core\2.5.1\javaparser-core-2.5.1.jar;C:\Users\testinium\.m2\repository\commons-io\commons-io\2.6\commons-io-2.6.jar;C:\Users\testinium\.m2\repository\commons-lang\commons-lang\2.6\commons-lang-2.6.jar;C:\Users\testinium\.m2\repository\org\json\json\20190722\json-20190722.jar;C:\Users\testinium\.m2\repository\com\google\protobuf\protobuf-java\3.10.0\protobuf-java-3.10.0.jar;C:\Users\testinium\.m2\repository\com\google\guava\guava\28.1-jre\guava-28.1-jre.jar;C:\Users\testinium\.m2\repository\com\google\guava\failureaccess\1.0.1\failureaccess-1.0.1.jar;C:\Users\testinium\.m2\repository\com\google\guava\listenablefuture\9999.0-empty-to-avoid-conflict-with-guava\listenablefuture-9999.0-empty-to-avoid-conflict-with-guava.jar;C:\Users\testinium\.m2\repository\com\google\code\findbugs\jsr305\3.0.2\jsr305-3.0.2.jar;C:\Users\testinium\.m2\repository\org\checkerframework\checker-qual\2.8.1\checker-qual-2.8.1.jar;C:\Users\testinium\.m2\repository\com\google\errorprone\error_prone_annotations\2.3.2\error_prone_annotations-2.3.2.jar;C:\Users\testinium\.m2\repository\com\google\j2objc\j2objc-annotations\1.3\j2objc-annotations-1.3.jar;C:\Users\testinium\.m2\repository\org\codehaus\mojo\animal-sniffer-annotations\1.18\animal-sniffer-annotations-1.18.jar;C:\Users\testinium\.m2\repository\io\grpc\grpc-netty-shaded\1.25.0\grpc-netty-shaded-1.25.0.jar;C:\Users\testinium\.m2\repository\io\grpc\grpc-core\1.25.0\grpc-core-1.25.0.jar;C:\Users\testinium\.m2\repository\io\grpc\grpc-api\1.25.0\grpc-api-1.25.0.jar;C:\Users\testinium\.m2\repository\io\grpc\grpc-context\1.25.0\grpc-context-1.25.0.jar;C:\Users\testinium\.m2\repository\com\google\android\annotations\4.1.1.4\annotations-4.1.1.4.jar;C:\Users\testinium\.m2\repository\io\perfmark\perfmark-api\0.19.0\perfmark-api-0.19.0.jar;C:\Users\testinium\.m2\repository\io\opencensus\opencensus-api\0.21.0\opencensus-api-0.21.0.jar;C:\Users\testinium\.m2\repository\io\opencensus\opencensus-contrib-grpc-metrics\0.21.0\opencensus-contrib-grpc-metrics-0.21.0.jar;C:\Users\testinium\.m2\repository\io\grpc\grpc-protobuf\1.24.1\grpc-protobuf-1.24.1.jar;C:\Users\testinium\.m2\repository\com\google\api\grpc\proto-google-common-protos\1.12.0\proto-google-common-protos-1.12.0.jar;C:\Users\testinium\.m2\repository\io\grpc\grpc-protobuf-lite\1.24.1\grpc-protobuf-lite-1.24.1.jar;C:\Users\testinium\.m2\repository\io\grpc\grpc-stub\1.24.1\grpc-stub-1.24.1.jar;C:\Users\testinium\.m2\repository\javax\annotation\javax.annotation-api\1.3.2\javax.annotation-api-1.3.2.jar;C:\Users\testinium\.m2\repository\io\appium\java-client\7.3.0\java-client-7.3.0.jar;C:\Users\testinium\.m2\repository\org\seleniumhq\selenium\selenium-java\3.141.59\selenium-java-3.141.59.jar;C:\Users\testinium\.m2\repository\org\seleniumhq\selenium\selenium-chrome-driver\3.141.59\selenium-chrome-driver-3.141.59.jar;C:\Users\testinium\.m2\repository\org\seleniumhq\selenium\selenium-edge-driver\3.141.59\selenium-edge-driver-3.141.59.jar;C:\Users\testinium\.m2\repository\org\seleniumhq\selenium\selenium-firefox-driver\3.141.59\selenium-firefox-driver-3.141.59.jar;C:\Users\testinium\.m2\repository\org\seleniumhq\selenium\selenium-ie-driver\3.141.59\selenium-ie-driver-3.141.59.jar;C:\Users\testinium\.m2\repository\org\seleniumhq\selenium\selenium-opera-driver\3.141.59\selenium-opera-driver-3.141.59.jar;C:\Users\testinium\.m2\repository\org\seleniumhq\selenium\selenium-remote-driver\3.141.59\selenium-remote-driver-3.141.59.jar;C:\Users\testinium\.m2\repository\org\seleniumhq\selenium\selenium-safari-driver\3.141.59\selenium-safari-driver-3.141.59.jar;C:\Users\testinium\.m2\repository\net\bytebuddy\byte-buddy\1.8.15\byte-buddy-1.8.15.jar;C:\Users\testinium\.m2\repository\org\apache\commons\commons-exec\1.3\commons-exec-1.3.jar;C:\Users\testinium\.m2\repository\com\squareup\okhttp3\okhttp\3.11.0\okhttp-3.11.0.jar;C:\Users\testinium\.m2\repository\com\squareup\okio\okio\1.14.0\okio-1.14.0.jar;C:\Users\testinium\.m2\repository\org\seleniumhq\selenium\selenium-support\3.141.59\selenium-support-3.141.59.jar;C:\Users\testinium\.m2\repository\org\seleniumhq\selenium\selenium-api\3.141.59\selenium-api-3.141.59.jar;C:\Users\testinium\.m2\repository\com\google\code\gson\gson\2.8.5\gson-2.8.5.jar;C:\Users\testinium\.m2\repository\org\apache\httpcomponents\httpclient\4.5.9\httpclient-4.5.9.jar;C:\Users\testinium\.m2\repository\org\apache\httpcomponents\httpcore\4.4.11\httpcore-4.4.11.jar;C:\Users\testinium\.m2\repository\commons-logging\commons-logging\1.2\commons-logging-1.2.jar;C:\Users\testinium\.m2\repository\commons-codec\commons-codec\1.11\commons-codec-1.11.jar;C:\Users\testinium\.m2\repository\cglib\cglib\3.2.12\cglib-3.2.12.jar;C:\Users\testinium\.m2\repository\org\ow2\asm\asm\7.1\asm-7.1.jar;C:\Users\testinium\.m2\repository\commons-validator\commons-validator\1.6\commons-validator-1.6.jar;C:\Users\testinium\.m2\repository\commons-beanutils\commons-beanutils\1.9.2\commons-beanutils-1.9.2.jar;C:\Users\testinium\.m2\repository\commons-digester\commons-digester\1.8.1\commons-digester-1.8.1.jar;C:\Users\testinium\.m2\repository\commons-collections\commons-collections\3.2.2\commons-collections-3.2.2.jar;C:\Users\testinium\.m2\repository\org\apache\commons\commons-lang3\3.9\commons-lang3-3.9.jar;C:\Users\testinium\.m2\repository\org\springframework\spring-context\5.1.8.RELEASE\spring-context-5.1.8.RELEASE.jar;C:\Users\testinium\.m2\repository\org\springframework\spring-aop\5.1.8.RELEASE\spring-aop-5.1.8.RELEASE.jar;C:\Users\testinium\.m2\repository\org\springframework\spring-beans\5.1.8.RELEASE\spring-beans-5.1.8.RELEASE.jar;C:\Users\testinium\.m2\repository\org\springframework\spring-core\5.1.8.RELEASE\spring-core-5.1.8.RELEASE.jar;C:\Users\testinium\.m2\repository\org\springframework\spring-jcl\5.1.8.RELEASE\spring-jcl-5.1.8.RELEASE.jar;C:\Users\testinium\.m2\repository\org\springframework\spring-expression\5.1.8.RELEASE\spring-expression-5.1.8.RELEASE.jar;C:\Users\testinium\.m2\repository\org\aspectj\aspectjweaver\1.9.4\aspectjweaver-1.9.4.jar;C:\Users\testinium\.m2\repository\org\slf4j\slf4j-api\1.7.30\slf4j-api-1.7.30.jar;C:\Users\testinium\.m2\repository\org\slf4j\slf4j-log4j12\1.7.30\slf4j-log4j12-1.7.30.jar;C:\Users\testinium\.m2\repository\log4j\log4j\1.2.17\log4j-1.2.17.jar;C:\Users\testinium\.m2\repository\org\junit\jupiter\junit-jupiter\5.8.1\junit-jupiter-5.8.1.jar;C:\Users\testinium\.m2\repository\org\junit\jupiter\junit-jupiter-api\5.8.1\junit-jupiter-api-5.8.1.jar;C:\Users\testinium\.m2\repository\org\opentest4j\opentest4j\1.2.0\opentest4j-1.2.0.jar;C:\Users\testinium\.m2\repository\org\junit\platform\junit-platform-commons\1.8.1\junit-platform-commons-1.8.1.jar;C:\Users\testinium\.m2\repository\org\apiguardian\apiguardian-api\1.1.2\apiguardian-api-1.1.2.jar;C:\Users\testinium\.m2\repository\org\junit\jupiter\junit-jupiter-params\5.8.1\junit-jupiter-params-5.8.1.jar;C:\Users\testinium\.m2\repository\org\junit\jupiter\junit-jupiter-engine\5.8.1\junit-jupiter-engine-5.8.1.jar;C:\Users\testinium\.m2\repository\org\junit\platform\junit-platform-engine\1.8.1\junit-platform-engine-1.8.1.jar;C:\Users\testinium\.m2\repository\io\github\bonigarcia\webdrivermanager\5.0.3\webdrivermanager-5.0.3.jar;C:\Users\testinium\.m2\repository\org\jsoup\jsoup\1.14.2\jsoup-1.14.2.jar;C:\Users\testinium\.m2\repository\com\github\docker-java\docker-java\3.2.12\docker-java-3.2.12.jar;C:\Users\testinium\.m2\repository\com\github\docker-java\docker-java-core\3.2.12\docker-java-core-3.2.12.jar;C:\Users\testinium\.m2\repository\com\github\docker-java\docker-java-api\3.2.12\docker-java-api-3.2.12.jar;C:\Users\testinium\.m2\repository\com\fasterxml\jackson\core\jackson-annotations\2.10.3\jackson-annotations-2.10.3.jar;C:\Users\testinium\.m2\repository\org\apache\commons\commons-compress\1.21\commons-compress-1.21.jar;C:\Users\testinium\.m2\repository\com\fasterxml\jackson\core\jackson-databind\2.10.3\jackson-databind-2.10.3.jar;C:\Users\testinium\.m2\repository\com\fasterxml\jackson\core\jackson-core\2.10.3\jackson-core-2.10.3.jar;C:\Users\testinium\.m2\repository\org\bouncycastle\bcpkix-jdk15on\1.64\bcpkix-jdk15on-1.64.jar;C:\Users\testinium\.m2\repository\org\bouncycastle\bcprov-jdk15on\1.64\bcprov-jdk15on-1.64.jar;C:\Users\testinium\.m2\repository\org\slf4j\jcl-over-slf4j\1.7.30\jcl-over-slf4j-1.7.30.jar;C:\Users\testinium\.m2\repository\com\github\docker-java\docker-java-transport-httpclient5\3.2.12\docker-java-transport-httpclient5-3.2.12.jar;C:\Users\testinium\.m2\repository\com\github\docker-java\docker-java-transport\3.2.12\docker-java-transport-3.2.12.jar;C:\Users\testinium\.m2\repository\org\apache\httpcomponents\client5\httpclient5\5.0.3\httpclient5-5.0.3.jar;C:\Users\testinium\.m2\repository\org\apache\httpcomponents\core5\httpcore5\5.0.2\httpcore5-5.0.2.jar;C:\Users\testinium\.m2\repository\net\java\dev\jna\jna\5.8.0\jna-5.8.0.jar;C:\Users\testinium\.m2\repository\org\brotli\dec\0.1.2\dec-0.1.2.jar
30-10-2021 15:44:41.019 [java] [DEBUG] found java executable in C:\Program Files\Java\jdk1.8.0_281\jre\bin\java.exe
30-10-2021 15:44:41.019 [java] [DEBUG] running - C:\Program Files\Java\jdk1.8.0_281\jre\bin\java.exe [-Dfile.encoding=UTF-8 com.thoughtworks.gauge.GaugeRuntime --start]
30-10-2021 15:44:41.019 [java] [DEBUG] stdout/stderr is logged to logs\12800-java.exe.out
30-10-2021 15:44:41.303 [java] [DEBUG] Connecting to port: 0
30-10-2021 15:44:41.324 [java] [CRITICAL] Error in thread 1
Format specifier '%!s(MISSING)'
java.util.MissingFormatArgumentException: Format specifier '%!s(MISSING)'
	at java.util.Formatter.format(Formatter.java:2519)
	at java.util.Formatter.format(Formatter.java:2455)
	at java.lang.String.format(String.java:2940)
	at com.thoughtworks.gauge.connection.GaugeConnector.connect(GaugeConnector.java:45)
	at com.thoughtworks.gauge.connection.GaugeConnector.makeConnectionsToGaugeCore(GaugeConnector.java:35)
	at com.thoughtworks.gauge.GaugeRuntime.makeConnection(GaugeRuntime.java:120)
	at com.thoughtworks.gauge.GaugeRuntime.connectSynchronously(GaugeRuntime.java:106)
	at com.thoughtworks.gauge.GaugeRuntime.startGaugeServer(GaugeRuntime.java:76)
	at com.thoughtworks.gauge.GaugeRuntime.main(GaugeRuntime.java:53)
30-10-2021 15:44:41.337 [java] [CRITICAL] process C:\Program Files\Java\jdk1.8.0_281\jre\bin\java.exe with pid 3428 quit unexpectedly. exit status 1
30-10-2021 15:44:41.372 [Gauge] [ERROR] Error occurred while waiting for runner process to finish.
Error : exit status 1
30-10-2021 15:45:05.529 [Gauge] [CRITICAL] Failed to start gauge API: Timed out connecting to java
30-10-2021 15:50:15.869 [Gauge] [DEBUG] Created gauge_screenshots_dir at C:\Users\testinium\OneDrive\Masaüstü\selenium-ödev\selenium-ödev\trendyol-selenium\polenodev\.gauge\screenshots
30-10-2021 15:50:15.875 [Gauge] [DEBUG] Plugin java is already installed.
30-10-2021 15:50:15.876 [Gauge] [DEBUG] Plugin html-report is already installed.
30-10-2021 15:50:15.877 [Gauge] [DEBUG] Parsing started.
30-10-2021 15:50:15.877 [Gauge] [DEBUG] Started concepts parsing.
30-10-2021 15:50:15.886 [Gauge] [DEBUG] 6 concepts parsing completed.
30-10-2021 15:50:15.886 [Gauge] [DEBUG] Started specifications parsing.
30-10-2021 15:50:15.889 [Gauge] [DEBUG] 1 specifications parsing completed.
30-10-2021 15:50:15.889 [Gauge] [DEBUG] Parsing completed.
30-10-2021 15:50:15.944 [java] [DEBUG] ***** Printing Properties/Env Values *****
30-10-2021 15:50:15.944 [java] [DEBUG] PATH: C:\Program Files (x86)\Common Files\Oracle\Java\javapath;C:\WINDOWS\system32;C:\WINDOWS;C:\WINDOWS\System32\Wbem;C:\WINDOWS\System32\WindowsPowerShell\v1.0\;C:\WINDOWS\System32\OpenSSH\;C:\Program Files\nodejs\;C:\Program Files\maven\apache-maven-3.6.3\bin;C:\Program Files\Gauge\bin;";%!A(MISSING)NDROID_HOME\platform-tools%!"(MISSING);";%!A(MISSING)NDROID_HOME\tools%!"(MISSING);";%!A(MISSING)NDROID_HOME\build-tools%!"(MISSING);C:\Program Files\Git\cmd;C:\Android\sdk\platform-tools;C:\Android\sdk\build-tools\29.0.2;C:\Program Files (x86)\Micro Focus\Unified Functional Testing\bin;C:\Users\testinium\AppData\Local\Microsoft\WindowsApps;C:\Users\testinium\AppData\Roaming\npm;C:\Users\testinium\AppData\Local\GitHubDesktop\bin;C:\Users\testinium\AppData\Roaming\gauge\plugins\screenshot\0.1.0
30-10-2021 15:50:15.944 [java] [DEBUG] JAVA_HOME: C:\Program Files\Java\jdk1.8.0_281
30-10-2021 15:50:15.944 [java] [DEBUG] gauge_project_root: C:\Users\testinium\OneDrive\Masaüstü\selenium-ödev\selenium-ödev\trendyol-selenium\polenodev
30-10-2021 15:50:15.944 [java] [DEBUG] gauge_parallel_streams_count: 
30-10-2021 15:50:15.944 [java] [DEBUG] gauge_reports_dir: reports
30-10-2021 15:50:15.945 [java] [DEBUG] overwrite_reports: true
30-10-2021 15:50:15.945 [java] [DEBUG] logs_directory: logs
30-10-2021 15:50:15.945 [java] [DEBUG] enable_multithreading: false
30-10-2021 15:50:15.945 [java] [DEBUG] gauge_specs_dir: specs
30-10-2021 15:50:15.945 [java] [DEBUG] csv_delimiter: ,
30-10-2021 15:50:15.945 [java] [DEBUG] gauge_java_home: 
30-10-2021 15:50:15.945 [java] [DEBUG] gauge_custom_build_path: 
30-10-2021 15:50:15.945 [java] [DEBUG] gauge_additional_libs: libs/*
30-10-2021 15:50:15.945 [java] [DEBUG] gauge_jvm_args: 
30-10-2021 15:50:15.945 [java] [DEBUG] gauge_custom_compile_dir: 
30-10-2021 15:50:15.945 [java] [DEBUG] gauge_clear_state_level: scenario
30-10-2021 15:50:15.945 [java] [DEBUG] ***** END *****
30-10-2021 15:50:16.231 [Gauge] [DEBUG] Checking updates...
30-10-2021 15:50:16.234 [Gauge] [DEBUG] Downloading https://downloads.gauge.org/plugin/flash?l=java&p=flash,html-report,java,json-report,screenshot,spectacle,xml-report&o=windows&a=amd64
30-10-2021 15:50:16.633 [Gauge] [DEBUG] Downloading https://downloads.gauge.org/plugin/html-report?l=java&p=flash,html-report,java,json-report,screenshot,spectacle,xml-report&o=windows&a=amd64
30-10-2021 15:50:16.943 [Gauge] [DEBUG] Downloading https://downloads.gauge.org/plugin/java?l=java&p=flash,html-report,java,json-report,screenshot,spectacle,xml-report&o=windows&a=amd64
30-10-2021 15:50:17.125 [Gauge] [DEBUG] Downloading https://downloads.gauge.org/plugin/json-report?l=java&p=flash,html-report,java,json-report,screenshot,spectacle,xml-report&o=windows&a=amd64
30-10-2021 15:50:17.362 [Gauge] [DEBUG] Downloading https://downloads.gauge.org/plugin/screenshot?l=java&p=flash,html-report,java,json-report,screenshot,spectacle,xml-report&o=windows&a=amd64
30-10-2021 15:50:17.556 [Gauge] [DEBUG] Downloading https://downloads.gauge.org/plugin/spectacle?l=java&p=flash,html-report,java,json-report,screenshot,spectacle,xml-report&o=windows&a=amd64
30-10-2021 15:50:17.772 [Gauge] [DEBUG] Downloading https://downloads.gauge.org/plugin/xml-report?l=java&p=flash,html-report,java,json-report,screenshot,spectacle,xml-report&o=windows&a=amd64
30-10-2021 15:50:20.127 [java] [ERROR] Installed version of gauge-java (0.7.15) does not match with dependency gauge-java (0.7.3) specified in pom.xml file
30-10-2021 15:50:20.128 [java] [DEBUG] classpath set to C:\Program Files\Java\jdk1.8.0_281\jre\lib\charsets.jar;C:\Program Files\Java\jdk1.8.0_281\jre\lib\deploy.jar;C:\Program Files\Java\jdk1.8.0_281\jre\lib\ext\access-bridge-64.jar;C:\Program Files\Java\jdk1.8.0_281\jre\lib\ext\cldrdata.jar;C:\Program Files\Java\jdk1.8.0_281\jre\lib\ext\dnsns.jar;C:\Program Files\Java\jdk1.8.0_281\jre\lib\ext\jaccess.jar;C:\Program Files\Java\jdk1.8.0_281\jre\lib\ext\jfxrt.jar;C:\Program Files\Java\jdk1.8.0_281\jre\lib\ext\localedata.jar;C:\Program Files\Java\jdk1.8.0_281\jre\lib\ext\nashorn.jar;C:\Program Files\Java\jdk1.8.0_281\jre\lib\ext\sunec.jar;C:\Program Files\Java\jdk1.8.0_281\jre\lib\ext\sunjce_provider.jar;C:\Program Files\Java\jdk1.8.0_281\jre\lib\ext\sunmscapi.jar;C:\Program Files\Java\jdk1.8.0_281\jre\lib\ext\sunpkcs11.jar;C:\Program Files\Java\jdk1.8.0_281\jre\lib\ext\zipfs.jar;C:\Program Files\Java\jdk1.8.0_281\jre\lib\javaws.jar;C:\Program Files\Java\jdk1.8.0_281\jre\lib\jce.jar;C:\Program Files\Java\jdk1.8.0_281\jre\lib\jfr.jar;C:\Program Files\Java\jdk1.8.0_281\jre\lib\jfxswt.jar;C:\Program Files\Java\jdk1.8.0_281\jre\lib\jsse.jar;C:\Program Files\Java\jdk1.8.0_281\jre\lib\management-agent.jar;C:\Program Files\Java\jdk1.8.0_281\jre\lib\plugin.jar;C:\Program Files\Java\jdk1.8.0_281\jre\lib\resources.jar;C:\Program Files\Java\jdk1.8.0_281\jre\lib\rt.jar;C:\Users\testinium\OneDrive\Masaüstü\selenium-ödev\selenium-ödev\trendyol-selenium\polenodev\target\test-classes;C:\Users\testinium\.m2\repository\junit\junit\4.12\junit-4.12.jar;C:\Users\testinium\.m2\repository\org\hamcrest\hamcrest-core\1.3\hamcrest-core-1.3.jar;C:\Users\testinium\.m2\repository\com\thoughtworks\gauge\gauge-java\0.7.3\gauge-java-0.7.3.jar;C:\Users\testinium\.m2\repository\org\assertj\assertj-core\3.14.0\assertj-core-3.14.0.jar;C:\Users\testinium\.m2\repository\org\reflections\reflections\0.9.11\reflections-0.9.11.jar;C:\Users\testinium\.m2\repository\org\javassist\javassist\3.21.0-GA\javassist-3.21.0-GA.jar;C:\Users\testinium\.m2\repository\com\github\javaparser\javaparser-core\2.5.1\javaparser-core-2.5.1.jar;C:\Users\testinium\.m2\repository\commons-io\commons-io\2.6\commons-io-2.6.jar;C:\Users\testinium\.m2\repository\commons-lang\commons-lang\2.6\commons-lang-2.6.jar;C:\Users\testinium\.m2\repository\org\json\json\20190722\json-20190722.jar;C:\Users\testinium\.m2\repository\com\google\protobuf\protobuf-java\3.10.0\protobuf-java-3.10.0.jar;C:\Users\testinium\.m2\repository\com\google\guava\guava\28.1-jre\guava-28.1-jre.jar;C:\Users\testinium\.m2\repository\com\google\guava\failureaccess\1.0.1\failureaccess-1.0.1.jar;C:\Users\testinium\.m2\repository\com\google\guava\listenablefuture\9999.0-empty-to-avoid-conflict-with-guava\listenablefuture-9999.0-empty-to-avoid-conflict-with-guava.jar;C:\Users\testinium\.m2\repository\com\google\code\findbugs\jsr305\3.0.2\jsr305-3.0.2.jar;C:\Users\testinium\.m2\repository\org\checkerframework\checker-qual\2.8.1\checker-qual-2.8.1.jar;C:\Users\testinium\.m2\repository\com\google\errorprone\error_prone_annotations\2.3.2\error_prone_annotations-2.3.2.jar;C:\Users\testinium\.m2\repository\com\google\j2objc\j2objc-annotations\1.3\j2objc-annotations-1.3.jar;C:\Users\testinium\.m2\repository\org\codehaus\mojo\animal-sniffer-annotations\1.18\animal-sniffer-annotations-1.18.jar;C:\Users\testinium\.m2\repository\io\grpc\grpc-netty-shaded\1.25.0\grpc-netty-shaded-1.25.0.jar;C:\Users\testinium\.m2\repository\io\grpc\grpc-core\1.25.0\grpc-core-1.25.0.jar;C:\Users\testinium\.m2\repository\io\grpc\grpc-api\1.25.0\grpc-api-1.25.0.jar;C:\Users\testinium\.m2\repository\io\grpc\grpc-context\1.25.0\grpc-context-1.25.0.jar;C:\Users\testinium\.m2\repository\com\google\android\annotations\4.1.1.4\annotations-4.1.1.4.jar;C:\Users\testinium\.m2\repository\io\perfmark\perfmark-api\0.19.0\perfmark-api-0.19.0.jar;C:\Users\testinium\.m2\repository\io\opencensus\opencensus-api\0.21.0\opencensus-api-0.21.0.jar;C:\Users\testinium\.m2\repository\io\opencensus\opencensus-contrib-grpc-metrics\0.21.0\opencensus-contrib-grpc-metrics-0.21.0.jar;C:\Users\testinium\.m2\repository\io\grpc\grpc-protobuf\1.24.1\grpc-protobuf-1.24.1.jar;C:\Users\testinium\.m2\repository\com\google\api\grpc\proto-google-common-protos\1.12.0\proto-google-common-protos-1.12.0.jar;C:\Users\testinium\.m2\repository\io\grpc\grpc-protobuf-lite\1.24.1\grpc-protobuf-lite-1.24.1.jar;C:\Users\testinium\.m2\repository\io\grpc\grpc-stub\1.24.1\grpc-stub-1.24.1.jar;C:\Users\testinium\.m2\repository\javax\annotation\javax.annotation-api\1.3.2\javax.annotation-api-1.3.2.jar;C:\Users\testinium\.m2\repository\io\appium\java-client\7.3.0\java-client-7.3.0.jar;C:\Users\testinium\.m2\repository\org\seleniumhq\selenium\selenium-java\3.141.59\selenium-java-3.141.59.jar;C:\Users\testinium\.m2\repository\org\seleniumhq\selenium\selenium-chrome-driver\3.141.59\selenium-chrome-driver-3.141.59.jar;C:\Users\testinium\.m2\repository\org\seleniumhq\selenium\selenium-edge-driver\3.141.59\selenium-edge-driver-3.141.59.jar;C:\Users\testinium\.m2\repository\org\seleniumhq\selenium\selenium-firefox-driver\3.141.59\selenium-firefox-driver-3.141.59.jar;C:\Users\testinium\.m2\repository\org\seleniumhq\selenium\selenium-ie-driver\3.141.59\selenium-ie-driver-3.141.59.jar;C:\Users\testinium\.m2\repository\org\seleniumhq\selenium\selenium-opera-driver\3.141.59\selenium-opera-driver-3.141.59.jar;C:\Users\testinium\.m2\repository\org\seleniumhq\selenium\selenium-remote-driver\3.141.59\selenium-remote-driver-3.141.59.jar;C:\Users\testinium\.m2\repository\org\seleniumhq\selenium\selenium-safari-driver\3.141.59\selenium-safari-driver-3.141.59.jar;C:\Users\testinium\.m2\repository\net\bytebuddy\byte-buddy\1.8.15\byte-buddy-1.8.15.jar;C:\Users\testinium\.m2\repository\org\apache\commons\commons-exec\1.3\commons-exec-1.3.jar;C:\Users\testinium\.m2\repository\com\squareup\okhttp3\okhttp\3.11.0\okhttp-3.11.0.jar;C:\Users\testinium\.m2\repository\com\squareup\okio\okio\1.14.0\okio-1.14.0.jar;C:\Users\testinium\.m2\repository\org\seleniumhq\selenium\selenium-support\3.141.59\selenium-support-3.141.59.jar;C:\Users\testinium\.m2\repository\org\seleniumhq\selenium\selenium-api\3.141.59\selenium-api-3.141.59.jar;C:\Users\testinium\.m2\repository\com\google\code\gson\gson\2.8.5\gson-2.8.5.jar;C:\Users\testinium\.m2\repository\org\apache\httpcomponents\httpclient\4.5.9\httpclient-4.5.9.jar;C:\Users\testinium\.m2\repository\org\apache\httpcomponents\httpcore\4.4.11\httpcore-4.4.11.jar;C:\Users\testinium\.m2\repository\commons-logging\commons-logging\1.2\commons-logging-1.2.jar;C:\Users\testinium\.m2\repository\commons-codec\commons-codec\1.11\commons-codec-1.11.jar;C:\Users\testinium\.m2\repository\cglib\cglib\3.2.12\cglib-3.2.12.jar;C:\Users\testinium\.m2\repository\org\ow2\asm\asm\7.1\asm-7.1.jar;C:\Users\testinium\.m2\repository\commons-validator\commons-validator\1.6\commons-validator-1.6.jar;C:\Users\testinium\.m2\repository\commons-beanutils\commons-beanutils\1.9.2\commons-beanutils-1.9.2.jar;C:\Users\testinium\.m2\repository\commons-digester\commons-digester\1.8.1\commons-digester-1.8.1.jar;C:\Users\testinium\.m2\repository\commons-collections\commons-collections\3.2.2\commons-collections-3.2.2.jar;C:\Users\testinium\.m2\repository\org\apache\commons\commons-lang3\3.9\commons-lang3-3.9.jar;C:\Users\testinium\.m2\repository\org\springframework\spring-context\5.1.8.RELEASE\spring-context-5.1.8.RELEASE.jar;C:\Users\testinium\.m2\repository\org\springframework\spring-aop\5.1.8.RELEASE\spring-aop-5.1.8.RELEASE.jar;C:\Users\testinium\.m2\repository\org\springframework\spring-beans\5.1.8.RELEASE\spring-beans-5.1.8.RELEASE.jar;C:\Users\testinium\.m2\repository\org\springframework\spring-core\5.1.8.RELEASE\spring-core-5.1.8.RELEASE.jar;C:\Users\testinium\.m2\repository\org\springframework\spring-jcl\5.1.8.RELEASE\spring-jcl-5.1.8.RELEASE.jar;C:\Users\testinium\.m2\repository\org\springframework\spring-expression\5.1.8.RELEASE\spring-expression-5.1.8.RELEASE.jar;C:\Users\testinium\.m2\repository\org\aspectj\aspectjweaver\1.9.4\aspectjweaver-1.9.4.jar;C:\Users\testinium\.m2\repository\org\slf4j\slf4j-api\1.7.30\slf4j-api-1.7.30.jar;C:\Users\testinium\.m2\repository\org\slf4j\slf4j-log4j12\1.7.30\slf4j-log4j12-1.7.30.jar;C:\Users\testinium\.m2\repository\log4j\log4j\1.2.17\log4j-1.2.17.jar;C:\Users\testinium\.m2\repository\org\junit\jupiter\junit-jupiter\5.8.1\junit-jupiter-5.8.1.jar;C:\Users\testinium\.m2\repository\org\junit\jupiter\junit-jupiter-api\5.8.1\junit-jupiter-api-5.8.1.jar;C:\Users\testinium\.m2\repository\org\opentest4j\opentest4j\1.2.0\opentest4j-1.2.0.jar;C:\Users\testinium\.m2\repository\org\junit\platform\junit-platform-commons\1.8.1\junit-platform-commons-1.8.1.jar;C:\Users\testinium\.m2\repository\org\apiguardian\apiguardian-api\1.1.2\apiguardian-api-1.1.2.jar;C:\Users\testinium\.m2\repository\org\junit\jupiter\junit-jupiter-params\5.8.1\junit-jupiter-params-5.8.1.jar;C:\Users\testinium\.m2\repository\org\junit\jupiter\junit-jupiter-engine\5.8.1\junit-jupiter-engine-5.8.1.jar;C:\Users\testinium\.m2\repository\org\junit\platform\junit-platform-engine\1.8.1\junit-platform-engine-1.8.1.jar
30-10-2021 15:50:20.198 [java] [DEBUG] found java executable in C:\Program Files\Java\jdk1.8.0_281\jre\bin\java.exe
30-10-2021 15:50:20.199 [java] [DEBUG] running - C:\Program Files\Java\jdk1.8.0_281\jre\bin\java.exe [-Dfile.encoding=UTF-8 com.thoughtworks.gauge.GaugeRuntime --start]
30-10-2021 15:50:20.199 [java] [DEBUG] stdout/stderr is logged to logs\5032-java.exe.out
30-10-2021 15:50:20.517 [java] [DEBUG] Connecting to port: 0
30-10-2021 15:50:20.529 [java] [CRITICAL] Error in thread 1
Format specifier '%!s(MISSING)'
java.util.MissingFormatArgumentException: Format specifier '%!s(MISSING)'
	at java.util.Formatter.format(Formatter.java:2519)
	at java.util.Formatter.format(Formatter.java:2455)
	at java.lang.String.format(String.java:2940)
	at com.thoughtworks.gauge.connection.GaugeConnector.connect(GaugeConnector.java:45)
	at com.thoughtworks.gauge.connection.GaugeConnector.makeConnectionsToGaugeCore(GaugeConnector.java:35)
	at com.thoughtworks.gauge.GaugeRuntime.makeConnection(GaugeRuntime.java:120)
	at com.thoughtworks.gauge.GaugeRuntime.connectSynchronously(GaugeRuntime.java:106)
	at com.thoughtworks.gauge.GaugeRuntime.startGaugeServer(GaugeRuntime.java:76)
	at com.thoughtworks.gauge.GaugeRuntime.main(GaugeRuntime.java:53)
30-10-2021 15:50:20.544 [java] [CRITICAL] process C:\Program Files\Java\jdk1.8.0_281\jre\bin\java.exe with pid 10100 quit unexpectedly. exit status 1
30-10-2021 15:50:20.554 [Gauge] [ERROR] Error occurred while waiting for runner process to finish.
Error : exit status 1
30-10-2021 15:50:45.928 [Gauge] [CRITICAL] Failed to start gauge API: Timed out connecting to java
30-10-2021 15:52:45.938 [Gauge] [DEBUG] Created gauge_screenshots_dir at C:\Users\testinium\OneDrive\Masaüstü\selenium-ödev\selenium-ödev\trendyol-selenium\polenodev\.gauge\screenshots
30-10-2021 15:52:45.944 [Gauge] [DEBUG] Plugin java is already installed.
30-10-2021 15:52:45.945 [Gauge] [DEBUG] Plugin html-report is already installed.
30-10-2021 15:52:45.946 [Gauge] [DEBUG] Parsing started.
30-10-2021 15:52:45.947 [Gauge] [DEBUG] Started concepts parsing.
30-10-2021 15:52:45.959 [Gauge] [DEBUG] 6 concepts parsing completed.
30-10-2021 15:52:45.959 [Gauge] [DEBUG] Started specifications parsing.
30-10-2021 15:52:45.963 [Gauge] [DEBUG] 1 specifications parsing completed.
30-10-2021 15:52:45.964 [Gauge] [DEBUG] Parsing completed.
30-10-2021 15:52:46.025 [java] [DEBUG] ***** Printing Properties/Env Values *****
30-10-2021 15:52:46.025 [java] [DEBUG] PATH: C:\Program Files (x86)\Common Files\Oracle\Java\javapath;C:\WINDOWS\system32;C:\WINDOWS;C:\WINDOWS\System32\Wbem;C:\WINDOWS\System32\WindowsPowerShell\v1.0\;C:\WINDOWS\System32\OpenSSH\;C:\Program Files\nodejs\;C:\Program Files\maven\apache-maven-3.6.3\bin;C:\Program Files\Gauge\bin;";%!A(MISSING)NDROID_HOME\platform-tools%!"(MISSING);";%!A(MISSING)NDROID_HOME\tools%!"(MISSING);";%!A(MISSING)NDROID_HOME\build-tools%!"(MISSING);C:\Program Files\Git\cmd;C:\Android\sdk\platform-tools;C:\Android\sdk\build-tools\29.0.2;C:\Program Files (x86)\Micro Focus\Unified Functional Testing\bin;C:\Users\testinium\AppData\Local\Microsoft\WindowsApps;C:\Users\testinium\AppData\Roaming\npm;C:\Users\testinium\AppData\Local\GitHubDesktop\bin;C:\Users\testinium\AppData\Roaming\gauge\plugins\screenshot\0.1.0
30-10-2021 15:52:46.025 [java] [DEBUG] JAVA_HOME: C:\Program Files\Java\jdk1.8.0_281
30-10-2021 15:52:46.025 [java] [DEBUG] gauge_project_root: C:\Users\testinium\OneDrive\Masaüstü\selenium-ödev\selenium-ödev\trendyol-selenium\polenodev
30-10-2021 15:52:46.025 [java] [DEBUG] gauge_parallel_streams_count: 
30-10-2021 15:52:46.025 [java] [DEBUG] gauge_reports_dir: reports
30-10-2021 15:52:46.025 [java] [DEBUG] overwrite_reports: true
30-10-2021 15:52:46.025 [java] [DEBUG] logs_directory: logs
30-10-2021 15:52:46.025 [java] [DEBUG] enable_multithreading: false
30-10-2021 15:52:46.025 [java] [DEBUG] gauge_specs_dir: specs
30-10-2021 15:52:46.025 [java] [DEBUG] csv_delimiter: ,
30-10-2021 15:52:46.025 [java] [DEBUG] gauge_java_home: 
30-10-2021 15:52:46.025 [java] [DEBUG] gauge_custom_build_path: 
30-10-2021 15:52:46.025 [java] [DEBUG] gauge_additional_libs: libs/*
30-10-2021 15:52:46.025 [java] [DEBUG] gauge_jvm_args: 
30-10-2021 15:52:46.025 [java] [DEBUG] gauge_custom_compile_dir: 
30-10-2021 15:52:46.025 [java] [DEBUG] gauge_clear_state_level: scenario
30-10-2021 15:52:46.025 [java] [DEBUG] ***** END *****
30-10-2021 15:52:46.642 [Gauge] [DEBUG] Checking updates...
30-10-2021 15:52:46.644 [Gauge] [DEBUG] Downloading https://downloads.gauge.org/plugin/flash?l=java&p=flash,html-report,java,json-report,screenshot,spectacle,xml-report&o=windows&a=amd64
30-10-2021 15:52:47.036 [Gauge] [DEBUG] Downloading https://downloads.gauge.org/plugin/html-report?l=java&p=flash,html-report,java,json-report,screenshot,spectacle,xml-report&o=windows&a=amd64
30-10-2021 15:52:47.210 [Gauge] [DEBUG] Downloading https://downloads.gauge.org/plugin/java?l=java&p=flash,html-report,java,json-report,screenshot,spectacle,xml-report&o=windows&a=amd64
30-10-2021 15:52:47.398 [Gauge] [DEBUG] Downloading https://downloads.gauge.org/plugin/json-report?l=java&p=flash,html-report,java,json-report,screenshot,spectacle,xml-report&o=windows&a=amd64
30-10-2021 15:52:47.583 [Gauge] [DEBUG] Downloading https://downloads.gauge.org/plugin/screenshot?l=java&p=flash,html-report,java,json-report,screenshot,spectacle,xml-report&o=windows&a=amd64
30-10-2021 15:52:47.815 [Gauge] [DEBUG] Downloading https://downloads.gauge.org/plugin/spectacle?l=java&p=flash,html-report,java,json-report,screenshot,spectacle,xml-report&o=windows&a=amd64
30-10-2021 15:52:48.016 [Gauge] [DEBUG] Downloading https://downloads.gauge.org/plugin/xml-report?l=java&p=flash,html-report,java,json-report,screenshot,spectacle,xml-report&o=windows&a=amd64
30-10-2021 15:52:50.378 [java] [DEBUG] classpath set to C:\Program Files\Java\jdk1.8.0_281\jre\lib\charsets.jar;C:\Program Files\Java\jdk1.8.0_281\jre\lib\deploy.jar;C:\Program Files\Java\jdk1.8.0_281\jre\lib\ext\access-bridge-64.jar;C:\Program Files\Java\jdk1.8.0_281\jre\lib\ext\cldrdata.jar;C:\Program Files\Java\jdk1.8.0_281\jre\lib\ext\dnsns.jar;C:\Program Files\Java\jdk1.8.0_281\jre\lib\ext\jaccess.jar;C:\Program Files\Java\jdk1.8.0_281\jre\lib\ext\jfxrt.jar;C:\Program Files\Java\jdk1.8.0_281\jre\lib\ext\localedata.jar;C:\Program Files\Java\jdk1.8.0_281\jre\lib\ext\nashorn.jar;C:\Program Files\Java\jdk1.8.0_281\jre\lib\ext\sunec.jar;C:\Program Files\Java\jdk1.8.0_281\jre\lib\ext\sunjce_provider.jar;C:\Program Files\Java\jdk1.8.0_281\jre\lib\ext\sunmscapi.jar;C:\Program Files\Java\jdk1.8.0_281\jre\lib\ext\sunpkcs11.jar;C:\Program Files\Java\jdk1.8.0_281\jre\lib\ext\zipfs.jar;C:\Program Files\Java\jdk1.8.0_281\jre\lib\javaws.jar;C:\Program Files\Java\jdk1.8.0_281\jre\lib\jce.jar;C:\Program Files\Java\jdk1.8.0_281\jre\lib\jfr.jar;C:\Program Files\Java\jdk1.8.0_281\jre\lib\jfxswt.jar;C:\Program Files\Java\jdk1.8.0_281\jre\lib\jsse.jar;C:\Program Files\Java\jdk1.8.0_281\jre\lib\management-agent.jar;C:\Program Files\Java\jdk1.8.0_281\jre\lib\plugin.jar;C:\Program Files\Java\jdk1.8.0_281\jre\lib\resources.jar;C:\Program Files\Java\jdk1.8.0_281\jre\lib\rt.jar;C:\Users\testinium\OneDrive\Masaüstü\selenium-ödev\selenium-ödev\trendyol-selenium\polenodev\target\test-classes;C:\Users\testinium\.m2\repository\junit\junit\4.12\junit-4.12.jar;C:\Users\testinium\.m2\repository\org\hamcrest\hamcrest-core\1.3\hamcrest-core-1.3.jar;C:\Users\testinium\.m2\repository\com\thoughtworks\gauge\gauge-java\0.7.15\gauge-java-0.7.15.jar;C:\Users\testinium\.m2\repository\org\assertj\assertj-core\3.19.0\assertj-core-3.19.0.jar;C:\Users\testinium\.m2\repository\org\reflections\reflections\0.9.9\reflections-0.9.9.jar;C:\Users\testinium\.m2\repository\org\javassist\javassist\3.18.2-GA\javassist-3.18.2-GA.jar;C:\Users\testinium\.m2\repository\com\google\code\findbugs\annotations\2.0.1\annotations-2.0.1.jar;C:\Users\testinium\.m2\repository\com\github\javaparser\javaparser-core\3.16.3\javaparser-core-3.16.3.jar;C:\Users\testinium\.m2\repository\commons-io\commons-io\2.8.0\commons-io-2.8.0.jar;C:\Users\testinium\.m2\repository\commons-lang\commons-lang\2.6\commons-lang-2.6.jar;C:\Users\testinium\.m2\repository\org\json\json\20210307\json-20210307.jar;C:\Users\testinium\.m2\repository\com\google\protobuf\protobuf-java\3.15.8\protobuf-java-3.15.8.jar;C:\Users\testinium\.m2\repository\com\google\guava\guava\30.1.1-jre\guava-30.1.1-jre.jar;C:\Users\testinium\.m2\repository\com\google\guava\failureaccess\1.0.1\failureaccess-1.0.1.jar;C:\Users\testinium\.m2\repository\com\google\guava\listenablefuture\9999.0-empty-to-avoid-conflict-with-guava\listenablefuture-9999.0-empty-to-avoid-conflict-with-guava.jar;C:\Users\testinium\.m2\repository\com\google\code\findbugs\jsr305\3.0.2\jsr305-3.0.2.jar;C:\Users\testinium\.m2\repository\org\checkerframework\checker-qual\3.8.0\checker-qual-3.8.0.jar;C:\Users\testinium\.m2\repository\com\google\errorprone\error_prone_annotations\2.5.1\error_prone_annotations-2.5.1.jar;C:\Users\testinium\.m2\repository\com\google\j2objc\j2objc-annotations\1.3\j2objc-annotations-1.3.jar;C:\Users\testinium\.m2\repository\io\grpc\grpc-netty-shaded\1.37.0\grpc-netty-shaded-1.37.0.jar;C:\Users\testinium\.m2\repository\io\grpc\grpc-core\1.37.0\grpc-core-1.37.0.jar;C:\Users\testinium\.m2\repository\com\google\android\annotations\4.1.1.4\annotations-4.1.1.4.jar;C:\Users\testinium\.m2\repository\io\perfmark\perfmark-api\0.23.0\perfmark-api-0.23.0.jar;C:\Users\testinium\.m2\repository\io\grpc\grpc-protobuf\1.37.0\grpc-protobuf-1.37.0.jar;C:\Users\testinium\.m2\repository\io\grpc\grpc-api\1.37.0\grpc-api-1.37.0.jar;C:\Users\testinium\.m2\repository\io\grpc\grpc-context\1.37.0\grpc-context-1.37.0.jar;C:\Users\testinium\.m2\repository\com\google\api\grpc\proto-google-common-protos\2.0.1\proto-google-common-protos-2.0.1.jar;C:\Users\testinium\.m2\repository\io\grpc\grpc-protobuf-lite\1.37.0\grpc-protobuf-lite-1.37.0.jar;C:\Users\testinium\.m2\repository\org\codehaus\mojo\animal-sniffer-annotations\1.19\animal-sniffer-annotations-1.19.jar;C:\Users\testinium\.m2\repository\io\grpc\grpc-stub\1.37.0\grpc-stub-1.37.0.jar;C:\Users\testinium\.m2\repository\javax\annotation\javax.annotation-api\1.3.2\javax.annotation-api-1.3.2.jar;C:\Users\testinium\.m2\repository\io\appium\java-client\7.3.0\java-client-7.3.0.jar;C:\Users\testinium\.m2\repository\org\seleniumhq\selenium\selenium-java\3.141.59\selenium-java-3.141.59.jar;C:\Users\testinium\.m2\repository\org\seleniumhq\selenium\selenium-chrome-driver\3.141.59\selenium-chrome-driver-3.141.59.jar;C:\Users\testinium\.m2\repository\org\seleniumhq\selenium\selenium-edge-driver\3.141.59\selenium-edge-driver-3.141.59.jar;C:\Users\testinium\.m2\repository\org\seleniumhq\selenium\selenium-firefox-driver\3.141.59\selenium-firefox-driver-3.141.59.jar;C:\Users\testinium\.m2\repository\org\seleniumhq\selenium\selenium-ie-driver\3.141.59\selenium-ie-driver-3.141.59.jar;C:\Users\testinium\.m2\repository\org\seleniumhq\selenium\selenium-opera-driver\3.141.59\selenium-opera-driver-3.141.59.jar;C:\Users\testinium\.m2\repository\org\seleniumhq\selenium\selenium-remote-driver\3.141.59\selenium-remote-driver-3.141.59.jar;C:\Users\testinium\.m2\repository\org\seleniumhq\selenium\selenium-safari-driver\3.141.59\selenium-safari-driver-3.141.59.jar;C:\Users\testinium\.m2\repository\net\bytebuddy\byte-buddy\1.8.15\byte-buddy-1.8.15.jar;C:\Users\testinium\.m2\repository\org\apache\commons\commons-exec\1.3\commons-exec-1.3.jar;C:\Users\testinium\.m2\repository\com\squareup\okhttp3\okhttp\3.11.0\okhttp-3.11.0.jar;C:\Users\testinium\.m2\repository\com\squareup\okio\okio\1.14.0\okio-1.14.0.jar;C:\Users\testinium\.m2\repository\org\seleniumhq\selenium\selenium-support\3.141.59\selenium-support-3.141.59.jar;C:\Users\testinium\.m2\repository\org\seleniumhq\selenium\selenium-api\3.141.59\selenium-api-3.141.59.jar;C:\Users\testinium\.m2\repository\com\google\code\gson\gson\2.8.5\gson-2.8.5.jar;C:\Users\testinium\.m2\repository\org\apache\httpcomponents\httpclient\4.5.9\httpclient-4.5.9.jar;C:\Users\testinium\.m2\repository\org\apache\httpcomponents\httpcore\4.4.11\httpcore-4.4.11.jar;C:\Users\testinium\.m2\repository\commons-logging\commons-logging\1.2\commons-logging-1.2.jar;C:\Users\testinium\.m2\repository\commons-codec\commons-codec\1.11\commons-codec-1.11.jar;C:\Users\testinium\.m2\repository\cglib\cglib\3.2.12\cglib-3.2.12.jar;C:\Users\testinium\.m2\repository\org\ow2\asm\asm\7.1\asm-7.1.jar;C:\Users\testinium\.m2\repository\commons-validator\commons-validator\1.6\commons-validator-1.6.jar;C:\Users\testinium\.m2\repository\commons-beanutils\commons-beanutils\1.9.2\commons-beanutils-1.9.2.jar;C:\Users\testinium\.m2\repository\commons-digester\commons-digester\1.8.1\commons-digester-1.8.1.jar;C:\Users\testinium\.m2\repository\commons-collections\commons-collections\3.2.2\commons-collections-3.2.2.jar;C:\Users\testinium\.m2\repository\org\apache\commons\commons-lang3\3.9\commons-lang3-3.9.jar;C:\Users\testinium\.m2\repository\org\springframework\spring-context\5.1.8.RELEASE\spring-context-5.1.8.RELEASE.jar;C:\Users\testinium\.m2\repository\org\springframework\spring-aop\5.1.8.RELEASE\spring-aop-5.1.8.RELEASE.jar;C:\Users\testinium\.m2\repository\org\springframework\spring-beans\5.1.8.RELEASE\spring-beans-5.1.8.RELEASE.jar;C:\Users\testinium\.m2\repository\org\springframework\spring-core\5.1.8.RELEASE\spring-core-5.1.8.RELEASE.jar;C:\Users\testinium\.m2\repository\org\springframework\spring-jcl\5.1.8.RELEASE\spring-jcl-5.1.8.RELEASE.jar;C:\Users\testinium\.m2\repository\org\springframework\spring-expression\5.1.8.RELEASE\spring-expression-5.1.8.RELEASE.jar;C:\Users\testinium\.m2\repository\org\aspectj\aspectjweaver\1.9.4\aspectjweaver-1.9.4.jar;C:\Users\testinium\.m2\repository\org\slf4j\slf4j-api\1.7.30\slf4j-api-1.7.30.jar;C:\Users\testinium\.m2\repository\org\slf4j\slf4j-log4j12\1.7.30\slf4j-log4j12-1.7.30.jar;C:\Users\testinium\.m2\repository\log4j\log4j\1.2.17\log4j-1.2.17.jar;C:\Users\testinium\.m2\repository\org\junit\jupiter\junit-jupiter\5.8.1\junit-jupiter-5.8.1.jar;C:\Users\testinium\.m2\repository\org\junit\jupiter\junit-jupiter-api\5.8.1\junit-jupiter-api-5.8.1.jar;C:\Users\testinium\.m2\repository\org\opentest4j\opentest4j\1.2.0\opentest4j-1.2.0.jar;C:\Users\testinium\.m2\repository\org\junit\platform\junit-platform-commons\1.8.1\junit-platform-commons-1.8.1.jar;C:\Users\testinium\.m2\repository\org\apiguardian\apiguardian-api\1.1.2\apiguardian-api-1.1.2.jar;C:\Users\testinium\.m2\repository\org\junit\jupiter\junit-jupiter-params\5.8.1\junit-jupiter-params-5.8.1.jar;C:\Users\testinium\.m2\repository\org\junit\jupiter\junit-jupiter-engine\5.8.1\junit-jupiter-engine-5.8.1.jar;C:\Users\testinium\.m2\repository\org\junit\platform\junit-platform-engine\1.8.1\junit-platform-engine-1.8.1.jar
30-10-2021 15:52:50.476 [java] [DEBUG] found java executable in C:\Program Files\Java\jdk1.8.0_281\jre\bin\java.exe
30-10-2021 15:52:50.477 [java] [DEBUG] running - C:\Program Files\Java\jdk1.8.0_281\jre\bin\java.exe [-Dfile.encoding=UTF-8 com.thoughtworks.gauge.GaugeRuntime --start]
30-10-2021 15:52:50.477 [java] [DEBUG] stdout/stderr is logged to logs\8592-java.exe.out
30-10-2021 15:52:50.747 [java] [DEBUG] multithreading is set to false
30-10-2021 15:52:51.122 [java] [DEBUG] Using reflection to scan dependencies for gauge implementations...
30-10-2021 15:52:51.695 [java] [DEBUG] gauge-java took 947milliseconds to load and scan. This should be less than 'runner_connection_timeout' config value.
30-10-2021 15:52:51.695 [java] [DEBUG] run 'gauge config runner_connection_timeout' and verify that it is < 947
30-10-2021 15:52:51.695 [java] [DEBUG] starting gRPC server...
30-10-2021 15:52:52.147 [java] [DEBUG] started gRPC server on port 56771
30-10-2021 15:52:52.147 [Gauge] [DEBUG] Attempting to connect to grpc server at port: 56771
30-10-2021 15:52:52.345 [Gauge] [DEBUG] Successfully made the connection with runner with port: 56771
30-10-2021 15:52:52.345 [Gauge] [DEBUG] Validation started.
30-10-2021 15:52:55.800 [java] [DEBUG] Scanning packages for steps
30-10-2021 15:52:55.840 [java] [DEBUG] Comparing 'org.example.pages.LoginPage.checkLogin' and 'org.example.pages.LoginPage.checkLogin'
30-10-2021 15:52:55.840 [java] [DEBUG] Found Login page doğrulama in current project scope.
30-10-2021 15:52:55.840 [java] [DEBUG] Comparing 'org.example.StepImplementation.clickElementByid' and 'org.example.StepImplementation.clickElementByid'
30-10-2021 15:52:55.840 [java] [DEBUG] Found {} İd'li elemente tıkla in current project scope.
30-10-2021 15:52:55.840 [java] [DEBUG] Comparing 'org.example.StepImplementation.clickElementByxpath' and 'org.example.StepImplementation.clickElementByxpath'
30-10-2021 15:52:55.840 [java] [DEBUG] Found {} xpath'li elemente tıkla in current project scope.
30-10-2021 15:52:55.840 [java] [DEBUG] Comparing 'org.example.StepImplementation.ScrollRandomPos' and 'org.example.StepImplementation.ScrollRandomPos'
30-10-2021 15:52:55.840 [java] [DEBUG] Found sayfa boyunca scroll et in current project scope.
30-10-2021 15:52:55.840 [java] [DEBUG] Comparing 'org.example.StepImplementation.waitSeconds' and 'org.example.StepImplementation.waitSeconds'
30-10-2021 15:52:55.840 [java] [DEBUG] Found {} saniye bekle in current project scope.
30-10-2021 15:52:55.841 [java] [DEBUG] Comparing 'org.example.StepImplementation.SendkeyElementByid' and 'org.example.StepImplementation.SendkeyElementByid'
30-10-2021 15:52:55.841 [java] [DEBUG] Found {} İd'li elemente {} değerini yaz in current project scope.
30-10-2021 15:52:55.841 [java] [DEBUG] Comparing 'org.example.StepImplementation.findAllProducts' and 'org.example.StepImplementation.findAllProducts'
30-10-2021 15:52:55.841 [java] [DEBUG] Found {} xpath'te bulunan sayfada görünen tüm ürünleri bul ve rastgele bir ürüne tıkla in current project scope.
30-10-2021 15:52:55.841 [java] [DEBUG] Comparing 'org.example.pages.WelcomePage.open' and 'org.example.pages.WelcomePage.open'
30-10-2021 15:52:55.841 [java] [DEBUG] Found Açılış Sayfası Kontrol in current project scope.
30-10-2021 15:52:55.841 [java] [DEBUG] Comparing 'org.example.StepImplementation.addToBasket' and 'org.example.StepImplementation.addToBasket'
30-10-2021 15:52:55.841 [java] [DEBUG] Found Sepete ekle in current project scope.
30-10-2021 15:52:55.841 [java] [DEBUG] Comparing 'org.example.pages.ProductPage.checkProductDetail' and 'org.example.pages.ProductPage.checkProductDetail'
30-10-2021 15:52:55.841 [java] [DEBUG] Found Product detail sayfası doğrulama in current project scope.
30-10-2021 15:52:55.841 [java] [DEBUG] Comparing 'org.example.pages.CategoryPage.checkCategoryPage' and 'org.example.pages.CategoryPage.checkCategoryPage'
30-10-2021 15:52:55.841 [java] [DEBUG] Found Kategori Sayfası Kontrol in current project scope.
30-10-2021 15:52:55.841 [java] [DEBUG] Comparing 'org.example.pages.ShoppingPage.checkShopping' and 'org.example.pages.ShoppingPage.checkShopping'
30-10-2021 15:52:55.841 [java] [DEBUG] Found Alışveriş Sayfası Doğrula in current project scope.
30-10-2021 15:52:55.841 [java] [DEBUG] Scanning packages for hooks
30-10-2021 15:52:55.852 [java] [DEBUG] Scanned steps (using static parsing + reflections): 
30-10-2021 15:52:55.852 [java] [DEBUG] 	Sepete ekle : public void addToBasket()
30-10-2021 15:52:55.852 [java] [DEBUG] 	{} xpath'li elemente tıkla : public void clickElementByxpath(String Key)
30-10-2021 15:52:55.852 [java] [DEBUG] 	Kategori Sayfası Kontrol : public void checkCategoryPage()
30-10-2021 15:52:55.852 [java] [DEBUG] 	Alışveriş Sayfası Doğrula : public void checkShopping()
30-10-2021 15:52:55.852 [java] [DEBUG] 	Açılış Sayfası Kontrol : public void open()
30-10-2021 15:52:55.852 [java] [DEBUG] 	{} İd'li elemente {} değerini yaz : public void SendkeyElementByid(String Key, String keyword)
30-10-2021 15:52:55.852 [java] [DEBUG] 	Product detail sayfası doğrulama : public void checkProductDetail()
30-10-2021 15:52:55.852 [java] [DEBUG] 	sayfa boyunca scroll et : public void ScrollRandomPos()
30-10-2021 15:52:55.852 [java] [DEBUG] 	{} saniye bekle : public void waitSeconds(ınt seconds)
30-10-2021 15:52:55.853 [java] [DEBUG] 	{} xpath'te bulunan sayfada görünen tüm ürünleri bul ve rastgele bir ürüne tıkla : public void findAllProducts(String Key)
30-10-2021 15:52:55.853 [java] [DEBUG] 	Login page doğrulama : public void checkLogin()
30-10-2021 15:52:55.853 [java] [DEBUG] 	{} İd'li elemente tıkla : public void clickElementByid(String Key)
30-10-2021 15:52:58.844 [Gauge] [DEBUG] Validation completed.
30-10-2021 15:52:58.849 [Gauge] [DEBUG] Run started
30-10-2021 15:52:58.853 [Gauge] [DEBUG] Starting Html Report plugin
30-10-2021 15:53:02.981 [Gauge] [DEBUG] Attempting to connect to grpc server at port: 56777
30-10-2021 15:53:02.983 [Gauge] [DEBUG] Successfully made the connection with plugin with port: 56777
30-10-2021 15:53:02.983 [Gauge] [DEBUG] Initialising suite data store.
30-10-2021 15:53:16.772 [java] [DEBUG] Executing '{} saniye bekle' using 'class org.example.StepImplementation.waitSeconds
30-10-2021 15:53:18.806 [java] [DEBUG] Executing 'Açılış Sayfası Kontrol' using 'class org.example.pages.WelcomePage.open
30-10-2021 15:53:20.709 [java] [DEBUG] Executing '{} İd'li elemente tıkla' using 'class org.example.StepImplementation.clickElementByid
30-10-2021 15:53:21.042 [java] [DEBUG] Executing '{} saniye bekle' using 'class org.example.StepImplementation.waitSeconds
30-10-2021 15:53:22.079 [java] [DEBUG] Executing 'Alışveriş Sayfası Doğrula' using 'class org.example.pages.ShoppingPage.checkShopping
30-10-2021 15:53:23.066 [java] [DEBUG] Executing '{} İd'li elemente tıkla' using 'class org.example.StepImplementation.clickElementByid
30-10-2021 15:53:23.475 [java] [DEBUG] Executing '{} saniye bekle' using 'class org.example.StepImplementation.waitSeconds
30-10-2021 15:53:24.501 [java] [DEBUG] Executing 'Kategori Sayfası Kontrol' using 'class org.example.pages.CategoryPage.checkCategoryPage
30-10-2021 15:53:25.765 [java] [DEBUG] Executing '{} xpath'li elemente tıkla' using 'class org.example.StepImplementation.clickElementByxpath
30-10-2021 15:53:26.605 [java] [DEBUG] Executing '{} saniye bekle' using 'class org.example.StepImplementation.waitSeconds
30-10-2021 15:53:27.631 [java] [DEBUG] Executing '{} xpath'li elemente tıkla' using 'class org.example.StepImplementation.clickElementByxpath
30-10-2021 15:53:28.480 [java] [DEBUG] Executing '{} saniye bekle' using 'class org.example.StepImplementation.waitSeconds
30-10-2021 15:53:29.508 [java] [DEBUG] Executing 'sayfa boyunca scroll et' using 'class org.example.StepImplementation.ScrollRandomPos
30-10-2021 15:53:31.109 [java] [DEBUG] Executing '{} saniye bekle' using 'class org.example.StepImplementation.waitSeconds
30-10-2021 15:53:32.128 [java] [DEBUG] Executing 'sayfa boyunca scroll et' using 'class org.example.StepImplementation.ScrollRandomPos
30-10-2021 15:53:33.577 [java] [DEBUG] Executing '{} saniye bekle' using 'class org.example.StepImplementation.waitSeconds
30-10-2021 15:53:34.599 [java] [DEBUG] Executing '{} xpath'te bulunan sayfada görünen tüm ürünleri bul ve rastgele bir ürüne tıkla' using 'class org.example.StepImplementation.findAllProducts
30-10-2021 15:53:34.810 [java] [DEBUG] Executing '{} saniye bekle' using 'class org.example.StepImplementation.waitSeconds
30-10-2021 15:53:35.824 [java] [DEBUG] Executing 'Product detail sayfası doğrulama' using 'class org.example.pages.ProductPage.checkProductDetail
30-10-2021 15:53:37.773 [java] [DEBUG] Executing '{} İd'li elemente tıkla' using 'class org.example.StepImplementation.clickElementByid
30-10-2021 15:53:38.045 [java] [DEBUG] Executing 'Login page doğrulama' using 'class org.example.pages.LoginPage.checkLogin
30-10-2021 15:53:38.860 [java] [DEBUG] Executing '{} saniye bekle' using 'class org.example.StepImplementation.waitSeconds
30-10-2021 15:53:39.885 [java] [DEBUG] Executing '{} İd'li elemente {} değerini yaz' using 'class org.example.StepImplementation.SendkeyElementByid
30-10-2021 15:53:40.502 [java] [DEBUG] Executing '{} saniye bekle' using 'class org.example.StepImplementation.waitSeconds
30-10-2021 15:53:41.531 [java] [DEBUG] Executing '{} İd'li elemente {} değerini yaz' using 'class org.example.StepImplementation.SendkeyElementByid
30-10-2021 15:53:42.154 [java] [DEBUG] Executing '{} saniye bekle' using 'class org.example.StepImplementation.waitSeconds
30-10-2021 15:53:43.170 [java] [DEBUG] Executing '{} İd'li elemente tıkla' using 'class org.example.StepImplementation.clickElementByid
30-10-2021 15:53:43.452 [java] [DEBUG] Executing '{} saniye bekle' using 'class org.example.StepImplementation.waitSeconds
30-10-2021 15:53:44.467 [java] [DEBUG] Executing '{} İd'li elemente tıkla' using 'class org.example.StepImplementation.clickElementByid
30-10-2021 15:53:44.739 [java] [DEBUG] Executing '{} saniye bekle' using 'class org.example.StepImplementation.waitSeconds
30-10-2021 15:53:45.753 [java] [DEBUG] Executing '{} xpath'te bulunan sayfada görünen tüm ürünleri bul ve rastgele bir ürüne tıkla' using 'class org.example.StepImplementation.findAllProducts
30-10-2021 15:53:45.935 [java] [DEBUG] Executing '{} saniye bekle' using 'class org.example.StepImplementation.waitSeconds
30-10-2021 15:53:46.957 [java] [DEBUG] Executing 'Sepete ekle' using 'class org.example.StepImplementation.addToBasket
30-10-2021 15:54:04.592 [html-report] [DEBUG] Transformed SuiteResult to report structure
30-10-2021 15:54:06.619 [html-report] [INFO] Successfully generated html-report to => C:\Users\testinium\OneDrive\Masaüstü\selenium-ödev\selenium-ödev\trendyol-selenium\polenodev\reports\html-report\index.html
30-10-2021 15:54:06.620 [Gauge] [DEBUG] Sending kill message to Html Report plugin.
30-10-2021 15:54:06.620 [html-report] [DEBUG] Done generating HTML report using theme from C:\Users\testinium\AppData\Roaming\gauge\plugins\html-report\4.0.12\themes\default
30-10-2021 15:54:06.626 [java] [DEBUG] Killing Java runner...
30-10-2021 15:54:06.631 [java] [DEBUG] Stopping execution pool...
30-10-2021 15:54:06.634 [java] [DEBUG] Shutting down grpc server...
30-10-2021 15:54:06.677 [java] [DEBUG] Runner killed gracefully.
30-10-2021 15:54:07.575 [Gauge] [DEBUG] Runner with PID:8592 has exited
30-10-2021 15:54:07.575 [Gauge] [INFO] Specifications:	1 executed	0 passed	1 failed	0 skipped
30-10-2021 15:54:07.575 [Gauge] [INFO] Scenarios:	1 executed	0 passed	1 failed	0 skipped
30-10-2021 15:54:07.576 [Gauge] [INFO] 
Total time taken: 1m5.732s
30-10-2021 15:54:07.578 [Gauge] [INFO] Updates are available. Run `gauge update -c` for more info.
30-10-2021 17:00:46.792 [Gauge] [DEBUG] Created gauge_screenshots_dir at C:\Users\testinium\OneDrive\Masaüstü\selenium-ödev\selenium-ödev\trendyol-selenium\polenodev\.gauge\screenshots
30-10-2021 17:00:46.801 [Gauge] [DEBUG] Plugin java is already installed.
30-10-2021 17:00:46.803 [Gauge] [DEBUG] Plugin html-report is already installed.
30-10-2021 17:00:46.805 [Gauge] [DEBUG] Parsing started.
30-10-2021 17:00:46.805 [Gauge] [DEBUG] Started concepts parsing.
30-10-2021 17:00:46.828 [Gauge] [DEBUG] 6 concepts parsing completed.
30-10-2021 17:00:46.828 [Gauge] [DEBUG] Started specifications parsing.
30-10-2021 17:00:46.830 [Gauge] [DEBUG] 1 specifications parsing completed.
30-10-2021 17:00:46.830 [Gauge] [DEBUG] Parsing completed.
30-10-2021 17:00:47.080 [Gauge] [DEBUG] Checking updates...
30-10-2021 17:00:47.083 [Gauge] [DEBUG] Downloading https://downloads.gauge.org/plugin/flash?l=java&p=flash,html-report,java,json-report,screenshot,spectacle,xml-report&o=windows&a=amd64
30-10-2021 17:00:47.438 [Gauge] [DEBUG] Downloading https://downloads.gauge.org/plugin/html-report?l=java&p=flash,html-report,java,json-report,screenshot,spectacle,xml-report&o=windows&a=amd64
30-10-2021 17:00:47.636 [Gauge] [DEBUG] Downloading https://downloads.gauge.org/plugin/java?l=java&p=flash,html-report,java,json-report,screenshot,spectacle,xml-report&o=windows&a=amd64
30-10-2021 17:00:47.808 [Gauge] [DEBUG] Downloading https://downloads.gauge.org/plugin/json-report?l=java&p=flash,html-report,java,json-report,screenshot,spectacle,xml-report&o=windows&a=amd64
30-10-2021 17:00:48.022 [Gauge] [DEBUG] Downloading https://downloads.gauge.org/plugin/screenshot?l=java&p=flash,html-report,java,json-report,screenshot,spectacle,xml-report&o=windows&a=amd64
30-10-2021 17:00:48.203 [Gauge] [DEBUG] Downloading https://downloads.gauge.org/plugin/spectacle?l=java&p=flash,html-report,java,json-report,screenshot,spectacle,xml-report&o=windows&a=amd64
30-10-2021 17:00:48.390 [Gauge] [DEBUG] Downloading https://downloads.gauge.org/plugin/xml-report?l=java&p=flash,html-report,java,json-report,screenshot,spectacle,xml-report&o=windows&a=amd64
30-10-2021 17:00:48.725 [java] [DEBUG] ***** Printing Properties/Env Values *****
30-10-2021 17:00:48.725 [java] [DEBUG] PATH: C:\Program Files (x86)\Common Files\Oracle\Java\javapath;C:\WINDOWS\system32;C:\WINDOWS;C:\WINDOWS\System32\Wbem;C:\WINDOWS\System32\WindowsPowerShell\v1.0\;C:\WINDOWS\System32\OpenSSH\;C:\Program Files\nodejs\;C:\Program Files\maven\apache-maven-3.6.3\bin;C:\Program Files\Gauge\bin;";%!A(MISSING)NDROID_HOME\platform-tools%!"(MISSING);";%!A(MISSING)NDROID_HOME\tools%!"(MISSING);";%!A(MISSING)NDROID_HOME\build-tools%!"(MISSING);C:\Program Files\Git\cmd;C:\Android\sdk\platform-tools;C:\Android\sdk\build-tools\29.0.2;C:\Program Files (x86)\Micro Focus\Unified Functional Testing\bin;C:\Users\testinium\AppData\Local\Microsoft\WindowsApps;C:\Users\testinium\AppData\Roaming\npm;C:\Users\testinium\AppData\Local\GitHubDesktop\bin;C:\Users\testinium\AppData\Roaming\gauge\plugins\screenshot\0.1.0
30-10-2021 17:00:48.725 [java] [DEBUG] JAVA_HOME: C:\Program Files\Java\jdk1.8.0_281
30-10-2021 17:00:48.725 [java] [DEBUG] gauge_project_root: C:\Users\testinium\OneDrive\Masaüstü\selenium-ödev\selenium-ödev\trendyol-selenium\polenodev
30-10-2021 17:00:48.725 [java] [DEBUG] gauge_parallel_streams_count: 
30-10-2021 17:00:48.725 [java] [DEBUG] gauge_reports_dir: reports
30-10-2021 17:00:48.725 [java] [DEBUG] overwrite_reports: true
30-10-2021 17:00:48.725 [java] [DEBUG] logs_directory: logs
30-10-2021 17:00:48.725 [java] [DEBUG] enable_multithreading: false
30-10-2021 17:00:48.725 [java] [DEBUG] gauge_specs_dir: specs
30-10-2021 17:00:48.725 [java] [DEBUG] csv_delimiter: ,
30-10-2021 17:00:48.725 [java] [DEBUG] gauge_java_home: 
30-10-2021 17:00:48.725 [java] [DEBUG] gauge_custom_build_path: 
30-10-2021 17:00:48.725 [java] [DEBUG] gauge_additional_libs: libs/*
30-10-2021 17:00:48.725 [java] [DEBUG] gauge_jvm_args: 
30-10-2021 17:00:48.725 [java] [DEBUG] gauge_custom_compile_dir: 
30-10-2021 17:00:48.725 [java] [DEBUG] gauge_clear_state_level: scenario
30-10-2021 17:00:48.725 [java] [DEBUG] ***** END *****
30-10-2021 17:00:53.410 [java] [DEBUG] classpath set to C:\Program Files\Java\jdk1.8.0_281\jre\lib\charsets.jar;C:\Program Files\Java\jdk1.8.0_281\jre\lib\deploy.jar;C:\Program Files\Java\jdk1.8.0_281\jre\lib\ext\access-bridge-64.jar;C:\Program Files\Java\jdk1.8.0_281\jre\lib\ext\cldrdata.jar;C:\Program Files\Java\jdk1.8.0_281\jre\lib\ext\dnsns.jar;C:\Program Files\Java\jdk1.8.0_281\jre\lib\ext\jaccess.jar;C:\Program Files\Java\jdk1.8.0_281\jre\lib\ext\jfxrt.jar;C:\Program Files\Java\jdk1.8.0_281\jre\lib\ext\localedata.jar;C:\Program Files\Java\jdk1.8.0_281\jre\lib\ext\nashorn.jar;C:\Program Files\Java\jdk1.8.0_281\jre\lib\ext\sunec.jar;C:\Program Files\Java\jdk1.8.0_281\jre\lib\ext\sunjce_provider.jar;C:\Program Files\Java\jdk1.8.0_281\jre\lib\ext\sunmscapi.jar;C:\Program Files\Java\jdk1.8.0_281\jre\lib\ext\sunpkcs11.jar;C:\Program Files\Java\jdk1.8.0_281\jre\lib\ext\zipfs.jar;C:\Program Files\Java\jdk1.8.0_281\jre\lib\javaws.jar;C:\Program Files\Java\jdk1.8.0_281\jre\lib\jce.jar;C:\Program Files\Java\jdk1.8.0_281\jre\lib\jfr.jar;C:\Program Files\Java\jdk1.8.0_281\jre\lib\jfxswt.jar;C:\Program Files\Java\jdk1.8.0_281\jre\lib\jsse.jar;C:\Program Files\Java\jdk1.8.0_281\jre\lib\management-agent.jar;C:\Program Files\Java\jdk1.8.0_281\jre\lib\plugin.jar;C:\Program Files\Java\jdk1.8.0_281\jre\lib\resources.jar;C:\Program Files\Java\jdk1.8.0_281\jre\lib\rt.jar;C:\Users\testinium\OneDrive\Masaüstü\selenium-ödev\selenium-ödev\trendyol-selenium\polenodev\target\test-classes;C:\Users\testinium\.m2\repository\junit\junit\4.12\junit-4.12.jar;C:\Users\testinium\.m2\repository\org\hamcrest\hamcrest-core\1.3\hamcrest-core-1.3.jar;C:\Users\testinium\.m2\repository\com\thoughtworks\gauge\gauge-java\0.7.15\gauge-java-0.7.15.jar;C:\Users\testinium\.m2\repository\org\assertj\assertj-core\3.19.0\assertj-core-3.19.0.jar;C:\Users\testinium\.m2\repository\org\reflections\reflections\0.9.9\reflections-0.9.9.jar;C:\Users\testinium\.m2\repository\org\javassist\javassist\3.18.2-GA\javassist-3.18.2-GA.jar;C:\Users\testinium\.m2\repository\com\google\code\findbugs\annotations\2.0.1\annotations-2.0.1.jar;C:\Users\testinium\.m2\repository\com\github\javaparser\javaparser-core\3.16.3\javaparser-core-3.16.3.jar;C:\Users\testinium\.m2\repository\commons-io\commons-io\2.8.0\commons-io-2.8.0.jar;C:\Users\testinium\.m2\repository\commons-lang\commons-lang\2.6\commons-lang-2.6.jar;C:\Users\testinium\.m2\repository\org\json\json\20210307\json-20210307.jar;C:\Users\testinium\.m2\repository\com\google\protobuf\protobuf-java\3.15.8\protobuf-java-3.15.8.jar;C:\Users\testinium\.m2\repository\com\google\guava\guava\30.1.1-jre\guava-30.1.1-jre.jar;C:\Users\testinium\.m2\repository\com\google\guava\failureaccess\1.0.1\failureaccess-1.0.1.jar;C:\Users\testinium\.m2\repository\com\google\guava\listenablefuture\9999.0-empty-to-avoid-conflict-with-guava\listenablefuture-9999.0-empty-to-avoid-conflict-with-guava.jar;C:\Users\testinium\.m2\repository\com\google\code\findbugs\jsr305\3.0.2\jsr305-3.0.2.jar;C:\Users\testinium\.m2\repository\org\checkerframework\checker-qual\3.8.0\checker-qual-3.8.0.jar;C:\Users\testinium\.m2\repository\com\google\errorprone\error_prone_annotations\2.5.1\error_prone_annotations-2.5.1.jar;C:\Users\testinium\.m2\repository\com\google\j2objc\j2objc-annotations\1.3\j2objc-annotations-1.3.jar;C:\Users\testinium\.m2\repository\io\grpc\grpc-netty-shaded\1.37.0\grpc-netty-shaded-1.37.0.jar;C:\Users\testinium\.m2\repository\io\grpc\grpc-core\1.37.0\grpc-core-1.37.0.jar;C:\Users\testinium\.m2\repository\com\google\android\annotations\4.1.1.4\annotations-4.1.1.4.jar;C:\Users\testinium\.m2\repository\io\perfmark\perfmark-api\0.23.0\perfmark-api-0.23.0.jar;C:\Users\testinium\.m2\repository\io\grpc\grpc-protobuf\1.37.0\grpc-protobuf-1.37.0.jar;C:\Users\testinium\.m2\repository\io\grpc\grpc-api\1.37.0\grpc-api-1.37.0.jar;C:\Users\testinium\.m2\repository\io\grpc\grpc-context\1.37.0\grpc-context-1.37.0.jar;C:\Users\testinium\.m2\repository\com\google\api\grpc\proto-google-common-protos\2.0.1\proto-google-common-protos-2.0.1.jar;C:\Users\testinium\.m2\repository\io\grpc\grpc-protobuf-lite\1.37.0\grpc-protobuf-lite-1.37.0.jar;C:\Users\testinium\.m2\repository\org\codehaus\mojo\animal-sniffer-annotations\1.19\animal-sniffer-annotations-1.19.jar;C:\Users\testinium\.m2\repository\io\grpc\grpc-stub\1.37.0\grpc-stub-1.37.0.jar;C:\Users\testinium\.m2\repository\javax\annotation\javax.annotation-api\1.3.2\javax.annotation-api-1.3.2.jar;C:\Users\testinium\.m2\repository\io\appium\java-client\7.3.0\java-client-7.3.0.jar;C:\Users\testinium\.m2\repository\org\seleniumhq\selenium\selenium-java\3.141.59\selenium-java-3.141.59.jar;C:\Users\testinium\.m2\repository\org\seleniumhq\selenium\selenium-chrome-driver\3.141.59\selenium-chrome-driver-3.141.59.jar;C:\Users\testinium\.m2\repository\org\seleniumhq\selenium\selenium-edge-driver\3.141.59\selenium-edge-driver-3.141.59.jar;C:\Users\testinium\.m2\repository\org\seleniumhq\selenium\selenium-firefox-driver\3.141.59\selenium-firefox-driver-3.141.59.jar;C:\Users\testinium\.m2\repository\org\seleniumhq\selenium\selenium-ie-driver\3.141.59\selenium-ie-driver-3.141.59.jar;C:\Users\testinium\.m2\repository\org\seleniumhq\selenium\selenium-opera-driver\3.141.59\selenium-opera-driver-3.141.59.jar;C:\Users\testinium\.m2\repository\org\seleniumhq\selenium\selenium-remote-driver\3.141.59\selenium-remote-driver-3.141.59.jar;C:\Users\testinium\.m2\repository\org\seleniumhq\selenium\selenium-safari-driver\3.141.59\selenium-safari-driver-3.141.59.jar;C:\Users\testinium\.m2\repository\net\bytebuddy\byte-buddy\1.8.15\byte-buddy-1.8.15.jar;C:\Users\testinium\.m2\repository\org\apache\commons\commons-exec\1.3\commons-exec-1.3.jar;C:\Users\testinium\.m2\repository\com\squareup\okhttp3\okhttp\3.11.0\okhttp-3.11.0.jar;C:\Users\testinium\.m2\repository\com\squareup\okio\okio\1.14.0\okio-1.14.0.jar;C:\Users\testinium\.m2\repository\org\seleniumhq\selenium\selenium-support\3.141.59\selenium-support-3.141.59.jar;C:\Users\testinium\.m2\repository\org\seleniumhq\selenium\selenium-api\3.141.59\selenium-api-3.141.59.jar;C:\Users\testinium\.m2\repository\com\google\code\gson\gson\2.8.5\gson-2.8.5.jar;C:\Users\testinium\.m2\repository\org\apache\httpcomponents\httpclient\4.5.9\httpclient-4.5.9.jar;C:\Users\testinium\.m2\repository\org\apache\httpcomponents\httpcore\4.4.11\httpcore-4.4.11.jar;C:\Users\testinium\.m2\repository\commons-logging\commons-logging\1.2\commons-logging-1.2.jar;C:\Users\testinium\.m2\repository\commons-codec\commons-codec\1.11\commons-codec-1.11.jar;C:\Users\testinium\.m2\repository\cglib\cglib\3.2.12\cglib-3.2.12.jar;C:\Users\testinium\.m2\repository\org\ow2\asm\asm\7.1\asm-7.1.jar;C:\Users\testinium\.m2\repository\commons-validator\commons-validator\1.6\commons-validator-1.6.jar;C:\Users\testinium\.m2\repository\commons-beanutils\commons-beanutils\1.9.2\commons-beanutils-1.9.2.jar;C:\Users\testinium\.m2\repository\commons-digester\commons-digester\1.8.1\commons-digester-1.8.1.jar;C:\Users\testinium\.m2\repository\commons-collections\commons-collections\3.2.2\commons-collections-3.2.2.jar;C:\Users\testinium\.m2\repository\org\apache\commons\commons-lang3\3.9\commons-lang3-3.9.jar;C:\Users\testinium\.m2\repository\org\springframework\spring-context\5.1.8.RELEASE\spring-context-5.1.8.RELEASE.jar;C:\Users\testinium\.m2\repository\org\springframework\spring-aop\5.1.8.RELEASE\spring-aop-5.1.8.RELEASE.jar;C:\Users\testinium\.m2\repository\org\springframework\spring-beans\5.1.8.RELEASE\spring-beans-5.1.8.RELEASE.jar;C:\Users\testinium\.m2\repository\org\springframework\spring-core\5.1.8.RELEASE\spring-core-5.1.8.RELEASE.jar;C:\Users\testinium\.m2\repository\org\springframework\spring-jcl\5.1.8.RELEASE\spring-jcl-5.1.8.RELEASE.jar;C:\Users\testinium\.m2\repository\org\springframework\spring-expression\5.1.8.RELEASE\spring-expression-5.1.8.RELEASE.jar;C:\Users\testinium\.m2\repository\org\aspectj\aspectjweaver\1.9.4\aspectjweaver-1.9.4.jar;C:\Users\testinium\.m2\repository\org\slf4j\slf4j-api\1.7.30\slf4j-api-1.7.30.jar;C:\Users\testinium\.m2\repository\org\slf4j\slf4j-log4j12\1.7.30\slf4j-log4j12-1.7.30.jar;C:\Users\testinium\.m2\repository\log4j\log4j\1.2.17\log4j-1.2.17.jar;C:\Users\testinium\.m2\repository\org\junit\jupiter\junit-jupiter\5.8.1\junit-jupiter-5.8.1.jar;C:\Users\testinium\.m2\repository\org\junit\jupiter\junit-jupiter-api\5.8.1\junit-jupiter-api-5.8.1.jar;C:\Users\testinium\.m2\repository\org\opentest4j\opentest4j\1.2.0\opentest4j-1.2.0.jar;C:\Users\testinium\.m2\repository\org\junit\platform\junit-platform-commons\1.8.1\junit-platform-commons-1.8.1.jar;C:\Users\testinium\.m2\repository\org\apiguardian\apiguardian-api\1.1.2\apiguardian-api-1.1.2.jar;C:\Users\testinium\.m2\repository\org\junit\jupiter\junit-jupiter-params\5.8.1\junit-jupiter-params-5.8.1.jar;C:\Users\testinium\.m2\repository\org\junit\jupiter\junit-jupiter-engine\5.8.1\junit-jupiter-engine-5.8.1.jar;C:\Users\testinium\.m2\repository\org\junit\platform\junit-platform-engine\1.8.1\junit-platform-engine-1.8.1.jar
30-10-2021 17:00:53.568 [java] [DEBUG] found java executable in C:\Program Files\Java\jdk1.8.0_281\jre\bin\java.exe
30-10-2021 17:00:53.568 [java] [DEBUG] running - C:\Program Files\Java\jdk1.8.0_281\jre\bin\java.exe [-Dfile.encoding=UTF-8 com.thoughtworks.gauge.GaugeRuntime --start]
30-10-2021 17:00:53.568 [java] [DEBUG] stdout/stderr is logged to logs\4212-java.exe.out
30-10-2021 17:00:53.882 [java] [DEBUG] multithreading is set to false
30-10-2021 17:00:54.456 [java] [DEBUG] Using reflection to scan dependencies for gauge implementations...
30-10-2021 17:00:55.187 [java] [DEBUG] gauge-java took 1304milliseconds to load and scan. This should be less than 'runner_connection_timeout' config value.
30-10-2021 17:00:55.188 [java] [DEBUG] run 'gauge config runner_connection_timeout' and verify that it is < 1304
30-10-2021 17:00:55.188 [java] [DEBUG] starting gRPC server...
30-10-2021 17:00:55.882 [java] [DEBUG] started gRPC server on port 58991
30-10-2021 17:00:55.883 [Gauge] [DEBUG] Attempting to connect to grpc server at port: 58991
30-10-2021 17:00:56.079 [Gauge] [DEBUG] Successfully made the connection with runner with port: 58991
30-10-2021 17:00:56.080 [Gauge] [DEBUG] Validation started.
30-10-2021 17:00:59.600 [java] [DEBUG] Scanning packages for steps
30-10-2021 17:00:59.652 [java] [DEBUG] Comparing 'org.example.pages.LoginPage.checkLogin' and 'org.example.pages.LoginPage.checkLogin'
30-10-2021 17:00:59.652 [java] [DEBUG] Found Login page doğrulama in current project scope.
30-10-2021 17:00:59.653 [java] [DEBUG] Comparing 'org.example.StepImplementation.clickElementByid' and 'org.example.StepImplementation.clickElementByid'
30-10-2021 17:00:59.653 [java] [DEBUG] Found {} İd'li elemente tıkla in current project scope.
30-10-2021 17:00:59.656 [java] [DEBUG] Comparing 'org.example.StepImplementation.clickElementByxpath' and 'org.example.StepImplementation.clickElementByxpath'
30-10-2021 17:00:59.656 [java] [DEBUG] Found {} xpath'li elemente tıkla in current project scope.
30-10-2021 17:00:59.656 [java] [DEBUG] Comparing 'org.example.StepImplementation.ScrollRandomPos' and 'org.example.StepImplementation.ScrollRandomPos'
30-10-2021 17:00:59.656 [java] [DEBUG] Found sayfa boyunca scroll et in current project scope.
30-10-2021 17:00:59.656 [java] [DEBUG] Comparing 'org.example.StepImplementation.waitSeconds' and 'org.example.StepImplementation.waitSeconds'
30-10-2021 17:00:59.656 [java] [DEBUG] Found {} saniye bekle in current project scope.
30-10-2021 17:00:59.658 [java] [DEBUG] Comparing 'org.example.StepImplementation.SendkeyElementByid' and 'org.example.StepImplementation.SendkeyElementByid'
30-10-2021 17:00:59.658 [java] [DEBUG] Found {} İd'li elemente {} değerini yaz in current project scope.
30-10-2021 17:00:59.658 [java] [DEBUG] Comparing 'org.example.StepImplementation.findAllProducts' and 'org.example.StepImplementation.findAllProducts'
30-10-2021 17:00:59.658 [java] [DEBUG] Found {} xpath'te bulunan sayfada görünen tüm ürünleri bul in current project scope.
30-10-2021 17:00:59.658 [java] [DEBUG] Comparing 'org.example.pages.WelcomePage.open' and 'org.example.pages.WelcomePage.open'
30-10-2021 17:00:59.658 [java] [DEBUG] Found Açılış Sayfası Kontrol in current project scope.
30-10-2021 17:00:59.658 [java] [DEBUG] Comparing 'org.example.StepImplementation.addToBasket' and 'org.example.StepImplementation.addToBasket'
30-10-2021 17:00:59.658 [java] [DEBUG] Found Sepete ekle in current project scope.
30-10-2021 17:00:59.658 [java] [DEBUG] Comparing 'org.example.pages.ProductPage.checkProductDetail' and 'org.example.pages.ProductPage.checkProductDetail'
30-10-2021 17:00:59.658 [java] [DEBUG] Found Product detail sayfası doğrulama in current project scope.
30-10-2021 17:00:59.659 [java] [DEBUG] Comparing 'org.example.pages.CategoryPage.checkCategoryPage' and 'org.example.pages.CategoryPage.checkCategoryPage'
30-10-2021 17:00:59.659 [java] [DEBUG] Found Kategori Sayfası Kontrol in current project scope.
30-10-2021 17:00:59.659 [java] [DEBUG] Comparing 'org.example.pages.ShoppingPage.checkShopping' and 'org.example.pages.ShoppingPage.checkShopping'
30-10-2021 17:00:59.659 [java] [DEBUG] Found Alışveriş Sayfası Doğrula in current project scope.
30-10-2021 17:00:59.659 [java] [DEBUG] Scanning packages for hooks
30-10-2021 17:00:59.676 [java] [DEBUG] Scanned steps (using static parsing + reflections): 
30-10-2021 17:00:59.676 [java] [DEBUG] 	Sepete ekle : public void addToBasket()
30-10-2021 17:00:59.676 [java] [DEBUG] 	{} xpath'li elemente tıkla : public void clickElementByxpath(String Key)
30-10-2021 17:00:59.676 [java] [DEBUG] 	Kategori Sayfası Kontrol : public void checkCategoryPage()
30-10-2021 17:00:59.676 [java] [DEBUG] 	Alışveriş Sayfası Doğrula : public void checkShopping()
30-10-2021 17:00:59.676 [java] [DEBUG] 	Açılış Sayfası Kontrol : public void open()
30-10-2021 17:00:59.677 [java] [DEBUG] 	{} İd'li elemente {} değerini yaz : public void SendkeyElementByid(String Key, String keyword)
30-10-2021 17:00:59.677 [java] [DEBUG] 	Product detail sayfası doğrulama : public void checkProductDetail()
30-10-2021 17:00:59.677 [java] [DEBUG] 	sayfa boyunca scroll et : public void ScrollRandomPos()
30-10-2021 17:00:59.677 [java] [DEBUG] 	{} saniye bekle : public void waitSeconds(ınt seconds)
30-10-2021 17:00:59.677 [java] [DEBUG] 	{} xpath'te bulunan sayfada görünen tüm ürünleri bul : public void findAllProducts(String Key)
30-10-2021 17:00:59.677 [java] [DEBUG] 	Login page doğrulama : public void checkLogin()
30-10-2021 17:00:59.677 [java] [DEBUG] 	{} İd'li elemente tıkla : public void clickElementByid(String Key)
30-10-2021 17:01:03.350 [Gauge] [ERROR] [ValidationError] C:\Users\testinium\OneDrive\Masaüstü\selenium-ödev\selenium-ödev\trendyol-selenium\polenodev\specs\steps.cpt:25 Step implementation not found => '"//android.widget.ImageView[@resource-id='com.ozdilek.ozdilekteyim:id/imageView']" xpath'te bulunan sayfada görünen tüm ürünleri bul ve rastgele bir ürüne tıkla'
30-10-2021 17:01:03.350 [Gauge] [ERROR] [ValidationError] C:\Users\testinium\OneDrive\Masaüstü\selenium-ödev\selenium-ödev\trendyol-selenium\polenodev\specs\steps.cpt:45 Step implementation not found => '"//android.widget.ImageView[@resource-id='com.ozdilek.ozdilekteyim:id/imageView']" xpath'te bulunan sayfada görünen tüm ürünleri bul ve rastgele bir ürüne tıkla'
30-10-2021 17:01:03.353 [Gauge] [DEBUG] Run started
30-10-2021 17:01:03.357 [Gauge] [DEBUG] Starting Html Report plugin
30-10-2021 17:01:06.930 [Gauge] [DEBUG] Attempting to connect to grpc server at port: 64996
30-10-2021 17:01:06.931 [Gauge] [DEBUG] Successfully made the connection with plugin with port: 64996
30-10-2021 17:01:06.932 [Gauge] [DEBUG] Initialising suite data store.
30-10-2021 17:01:06.996 [html-report] [DEBUG] Transformed SuiteResult to report structure
30-10-2021 17:01:07.086 [html-report] [INFO] Successfully generated html-report to => C:\Users\testinium\OneDrive\Masaüstü\selenium-ödev\selenium-ödev\trendyol-selenium\polenodev\reports\html-report\index.html
30-10-2021 17:01:07.086 [html-report] [DEBUG] Done generating HTML report using theme from C:\Users\testinium\AppData\Roaming\gauge\plugins\html-report\4.0.12\themes\default
30-10-2021 17:01:07.086 [Gauge] [DEBUG] Sending kill message to Html Report plugin.
30-10-2021 17:01:07.089 [java] [DEBUG] Killing Java runner...
30-10-2021 17:01:07.090 [java] [DEBUG] Stopping execution pool...
30-10-2021 17:01:07.091 [java] [DEBUG] Shutting down grpc server...
30-10-2021 17:01:07.103 [java] [DEBUG] Runner killed gracefully.
30-10-2021 17:01:07.803 [Gauge] [DEBUG] Runner with PID:4212 has exited
30-10-2021 17:01:07.804 [Gauge] [INFO] Specifications:	0 executed	0 passed	0 failed	1 skipped
30-10-2021 17:01:07.804 [Gauge] [INFO] Scenarios:	0 executed	0 passed	0 failed	1 skipped
30-10-2021 17:01:07.804 [Gauge] [INFO] 
Total time taken: 3.639s
30-10-2021 17:01:07.806 [Gauge] [INFO] Updates are available. Run `gauge update -c` for more info.
30-10-2021 17:04:21.380 [Gauge] [DEBUG] Created gauge_screenshots_dir at C:\Users\testinium\OneDrive\Masaüstü\selenium-ödev\selenium-ödev\trendyol-selenium\polenodev\.gauge\screenshots
30-10-2021 17:04:21.386 [Gauge] [DEBUG] Plugin java is already installed.
30-10-2021 17:04:21.386 [Gauge] [DEBUG] Plugin html-report is already installed.
30-10-2021 17:04:21.388 [Gauge] [DEBUG] Parsing started.
30-10-2021 17:04:21.388 [Gauge] [DEBUG] Started concepts parsing.
30-10-2021 17:04:21.400 [Gauge] [DEBUG] 6 concepts parsing completed.
30-10-2021 17:04:21.401 [Gauge] [DEBUG] Started specifications parsing.
30-10-2021 17:04:21.403 [Gauge] [DEBUG] 1 specifications parsing completed.
30-10-2021 17:04:21.403 [Gauge] [DEBUG] Parsing completed.
30-10-2021 17:04:21.432 [java] [DEBUG] ***** Printing Properties/Env Values *****
30-10-2021 17:04:21.432 [java] [DEBUG] PATH: C:\Program Files (x86)\Common Files\Oracle\Java\javapath;C:\WINDOWS\system32;C:\WINDOWS;C:\WINDOWS\System32\Wbem;C:\WINDOWS\System32\WindowsPowerShell\v1.0\;C:\WINDOWS\System32\OpenSSH\;C:\Program Files\nodejs\;C:\Program Files\maven\apache-maven-3.6.3\bin;C:\Program Files\Gauge\bin;";%!A(MISSING)NDROID_HOME\platform-tools%!"(MISSING);";%!A(MISSING)NDROID_HOME\tools%!"(MISSING);";%!A(MISSING)NDROID_HOME\build-tools%!"(MISSING);C:\Program Files\Git\cmd;C:\Android\sdk\platform-tools;C:\Android\sdk\build-tools\29.0.2;C:\Program Files (x86)\Micro Focus\Unified Functional Testing\bin;C:\Users\testinium\AppData\Local\Microsoft\WindowsApps;C:\Users\testinium\AppData\Roaming\npm;C:\Users\testinium\AppData\Local\GitHubDesktop\bin;C:\Users\testinium\AppData\Roaming\gauge\plugins\screenshot\0.1.0
30-10-2021 17:04:21.432 [java] [DEBUG] JAVA_HOME: C:\Program Files\Java\jdk1.8.0_281
30-10-2021 17:04:21.432 [java] [DEBUG] gauge_project_root: C:\Users\testinium\OneDrive\Masaüstü\selenium-ödev\selenium-ödev\trendyol-selenium\polenodev
30-10-2021 17:04:21.432 [java] [DEBUG] gauge_parallel_streams_count: 
30-10-2021 17:04:21.432 [java] [DEBUG] gauge_reports_dir: reports
30-10-2021 17:04:21.432 [java] [DEBUG] overwrite_reports: true
30-10-2021 17:04:21.432 [java] [DEBUG] logs_directory: logs
30-10-2021 17:04:21.433 [java] [DEBUG] enable_multithreading: false
30-10-2021 17:04:21.433 [java] [DEBUG] gauge_specs_dir: specs
30-10-2021 17:04:21.433 [java] [DEBUG] csv_delimiter: ,
30-10-2021 17:04:21.433 [java] [DEBUG] gauge_java_home: 
30-10-2021 17:04:21.433 [java] [DEBUG] gauge_custom_build_path: 
30-10-2021 17:04:21.433 [java] [DEBUG] gauge_additional_libs: libs/*
30-10-2021 17:04:21.433 [java] [DEBUG] gauge_jvm_args: 
30-10-2021 17:04:21.433 [java] [DEBUG] gauge_custom_compile_dir: 
30-10-2021 17:04:21.433 [java] [DEBUG] gauge_clear_state_level: scenario
30-10-2021 17:04:21.433 [java] [DEBUG] ***** END *****
30-10-2021 17:04:22.074 [Gauge] [DEBUG] Checking updates...
30-10-2021 17:04:22.078 [Gauge] [DEBUG] Downloading https://downloads.gauge.org/plugin/flash?l=java&p=flash,html-report,java,json-report,screenshot,spectacle,xml-report&o=windows&a=amd64
30-10-2021 17:04:22.484 [Gauge] [DEBUG] Downloading https://downloads.gauge.org/plugin/html-report?l=java&p=flash,html-report,java,json-report,screenshot,spectacle,xml-report&o=windows&a=amd64
30-10-2021 17:04:22.653 [Gauge] [DEBUG] Downloading https://downloads.gauge.org/plugin/java?l=java&p=flash,html-report,java,json-report,screenshot,spectacle,xml-report&o=windows&a=amd64
30-10-2021 17:04:22.828 [Gauge] [DEBUG] Downloading https://downloads.gauge.org/plugin/json-report?l=java&p=flash,html-report,java,json-report,screenshot,spectacle,xml-report&o=windows&a=amd64
30-10-2021 17:04:23.059 [Gauge] [DEBUG] Downloading https://downloads.gauge.org/plugin/screenshot?l=java&p=flash,html-report,java,json-report,screenshot,spectacle,xml-report&o=windows&a=amd64
30-10-2021 17:04:23.297 [Gauge] [DEBUG] Downloading https://downloads.gauge.org/plugin/spectacle?l=java&p=flash,html-report,java,json-report,screenshot,spectacle,xml-report&o=windows&a=amd64
30-10-2021 17:04:23.532 [Gauge] [DEBUG] Downloading https://downloads.gauge.org/plugin/xml-report?l=java&p=flash,html-report,java,json-report,screenshot,spectacle,xml-report&o=windows&a=amd64
30-10-2021 17:04:25.892 [java] [DEBUG] classpath set to C:\Program Files\Java\jdk1.8.0_281\jre\lib\charsets.jar;C:\Program Files\Java\jdk1.8.0_281\jre\lib\deploy.jar;C:\Program Files\Java\jdk1.8.0_281\jre\lib\ext\access-bridge-64.jar;C:\Program Files\Java\jdk1.8.0_281\jre\lib\ext\cldrdata.jar;C:\Program Files\Java\jdk1.8.0_281\jre\lib\ext\dnsns.jar;C:\Program Files\Java\jdk1.8.0_281\jre\lib\ext\jaccess.jar;C:\Program Files\Java\jdk1.8.0_281\jre\lib\ext\jfxrt.jar;C:\Program Files\Java\jdk1.8.0_281\jre\lib\ext\localedata.jar;C:\Program Files\Java\jdk1.8.0_281\jre\lib\ext\nashorn.jar;C:\Program Files\Java\jdk1.8.0_281\jre\lib\ext\sunec.jar;C:\Program Files\Java\jdk1.8.0_281\jre\lib\ext\sunjce_provider.jar;C:\Program Files\Java\jdk1.8.0_281\jre\lib\ext\sunmscapi.jar;C:\Program Files\Java\jdk1.8.0_281\jre\lib\ext\sunpkcs11.jar;C:\Program Files\Java\jdk1.8.0_281\jre\lib\ext\zipfs.jar;C:\Program Files\Java\jdk1.8.0_281\jre\lib\javaws.jar;C:\Program Files\Java\jdk1.8.0_281\jre\lib\jce.jar;C:\Program Files\Java\jdk1.8.0_281\jre\lib\jfr.jar;C:\Program Files\Java\jdk1.8.0_281\jre\lib\jfxswt.jar;C:\Program Files\Java\jdk1.8.0_281\jre\lib\jsse.jar;C:\Program Files\Java\jdk1.8.0_281\jre\lib\management-agent.jar;C:\Program Files\Java\jdk1.8.0_281\jre\lib\plugin.jar;C:\Program Files\Java\jdk1.8.0_281\jre\lib\resources.jar;C:\Program Files\Java\jdk1.8.0_281\jre\lib\rt.jar;C:\Users\testinium\OneDrive\Masaüstü\selenium-ödev\selenium-ödev\trendyol-selenium\polenodev\target\test-classes;C:\Users\testinium\.m2\repository\junit\junit\4.12\junit-4.12.jar;C:\Users\testinium\.m2\repository\org\hamcrest\hamcrest-core\1.3\hamcrest-core-1.3.jar;C:\Users\testinium\.m2\repository\com\thoughtworks\gauge\gauge-java\0.7.15\gauge-java-0.7.15.jar;C:\Users\testinium\.m2\repository\org\assertj\assertj-core\3.19.0\assertj-core-3.19.0.jar;C:\Users\testinium\.m2\repository\org\reflections\reflections\0.9.9\reflections-0.9.9.jar;C:\Users\testinium\.m2\repository\org\javassist\javassist\3.18.2-GA\javassist-3.18.2-GA.jar;C:\Users\testinium\.m2\repository\com\google\code\findbugs\annotations\2.0.1\annotations-2.0.1.jar;C:\Users\testinium\.m2\repository\com\github\javaparser\javaparser-core\3.16.3\javaparser-core-3.16.3.jar;C:\Users\testinium\.m2\repository\commons-io\commons-io\2.8.0\commons-io-2.8.0.jar;C:\Users\testinium\.m2\repository\commons-lang\commons-lang\2.6\commons-lang-2.6.jar;C:\Users\testinium\.m2\repository\org\json\json\20210307\json-20210307.jar;C:\Users\testinium\.m2\repository\com\google\protobuf\protobuf-java\3.15.8\protobuf-java-3.15.8.jar;C:\Users\testinium\.m2\repository\com\google\guava\guava\30.1.1-jre\guava-30.1.1-jre.jar;C:\Users\testinium\.m2\repository\com\google\guava\failureaccess\1.0.1\failureaccess-1.0.1.jar;C:\Users\testinium\.m2\repository\com\google\guava\listenablefuture\9999.0-empty-to-avoid-conflict-with-guava\listenablefuture-9999.0-empty-to-avoid-conflict-with-guava.jar;C:\Users\testinium\.m2\repository\com\google\code\findbugs\jsr305\3.0.2\jsr305-3.0.2.jar;C:\Users\testinium\.m2\repository\org\checkerframework\checker-qual\3.8.0\checker-qual-3.8.0.jar;C:\Users\testinium\.m2\repository\com\google\errorprone\error_prone_annotations\2.5.1\error_prone_annotations-2.5.1.jar;C:\Users\testinium\.m2\repository\com\google\j2objc\j2objc-annotations\1.3\j2objc-annotations-1.3.jar;C:\Users\testinium\.m2\repository\io\grpc\grpc-netty-shaded\1.37.0\grpc-netty-shaded-1.37.0.jar;C:\Users\testinium\.m2\repository\io\grpc\grpc-core\1.37.0\grpc-core-1.37.0.jar;C:\Users\testinium\.m2\repository\com\google\android\annotations\4.1.1.4\annotations-4.1.1.4.jar;C:\Users\testinium\.m2\repository\io\perfmark\perfmark-api\0.23.0\perfmark-api-0.23.0.jar;C:\Users\testinium\.m2\repository\io\grpc\grpc-protobuf\1.37.0\grpc-protobuf-1.37.0.jar;C:\Users\testinium\.m2\repository\io\grpc\grpc-api\1.37.0\grpc-api-1.37.0.jar;C:\Users\testinium\.m2\repository\io\grpc\grpc-context\1.37.0\grpc-context-1.37.0.jar;C:\Users\testinium\.m2\repository\com\google\api\grpc\proto-google-common-protos\2.0.1\proto-google-common-protos-2.0.1.jar;C:\Users\testinium\.m2\repository\io\grpc\grpc-protobuf-lite\1.37.0\grpc-protobuf-lite-1.37.0.jar;C:\Users\testinium\.m2\repository\org\codehaus\mojo\animal-sniffer-annotations\1.19\animal-sniffer-annotations-1.19.jar;C:\Users\testinium\.m2\repository\io\grpc\grpc-stub\1.37.0\grpc-stub-1.37.0.jar;C:\Users\testinium\.m2\repository\javax\annotation\javax.annotation-api\1.3.2\javax.annotation-api-1.3.2.jar;C:\Users\testinium\.m2\repository\io\appium\java-client\7.3.0\java-client-7.3.0.jar;C:\Users\testinium\.m2\repository\org\seleniumhq\selenium\selenium-java\3.141.59\selenium-java-3.141.59.jar;C:\Users\testinium\.m2\repository\org\seleniumhq\selenium\selenium-chrome-driver\3.141.59\selenium-chrome-driver-3.141.59.jar;C:\Users\testinium\.m2\repository\org\seleniumhq\selenium\selenium-edge-driver\3.141.59\selenium-edge-driver-3.141.59.jar;C:\Users\testinium\.m2\repository\org\seleniumhq\selenium\selenium-firefox-driver\3.141.59\selenium-firefox-driver-3.141.59.jar;C:\Users\testinium\.m2\repository\org\seleniumhq\selenium\selenium-ie-driver\3.141.59\selenium-ie-driver-3.141.59.jar;C:\Users\testinium\.m2\repository\org\seleniumhq\selenium\selenium-opera-driver\3.141.59\selenium-opera-driver-3.141.59.jar;C:\Users\testinium\.m2\repository\org\seleniumhq\selenium\selenium-remote-driver\3.141.59\selenium-remote-driver-3.141.59.jar;C:\Users\testinium\.m2\repository\org\seleniumhq\selenium\selenium-safari-driver\3.141.59\selenium-safari-driver-3.141.59.jar;C:\Users\testinium\.m2\repository\net\bytebuddy\byte-buddy\1.8.15\byte-buddy-1.8.15.jar;C:\Users\testinium\.m2\repository\org\apache\commons\commons-exec\1.3\commons-exec-1.3.jar;C:\Users\testinium\.m2\repository\com\squareup\okhttp3\okhttp\3.11.0\okhttp-3.11.0.jar;C:\Users\testinium\.m2\repository\com\squareup\okio\okio\1.14.0\okio-1.14.0.jar;C:\Users\testinium\.m2\repository\org\seleniumhq\selenium\selenium-support\3.141.59\selenium-support-3.141.59.jar;C:\Users\testinium\.m2\repository\org\seleniumhq\selenium\selenium-api\3.141.59\selenium-api-3.141.59.jar;C:\Users\testinium\.m2\repository\com\google\code\gson\gson\2.8.5\gson-2.8.5.jar;C:\Users\testinium\.m2\repository\org\apache\httpcomponents\httpclient\4.5.9\httpclient-4.5.9.jar;C:\Users\testinium\.m2\repository\org\apache\httpcomponents\httpcore\4.4.11\httpcore-4.4.11.jar;C:\Users\testinium\.m2\repository\commons-logging\commons-logging\1.2\commons-logging-1.2.jar;C:\Users\testinium\.m2\repository\commons-codec\commons-codec\1.11\commons-codec-1.11.jar;C:\Users\testinium\.m2\repository\cglib\cglib\3.2.12\cglib-3.2.12.jar;C:\Users\testinium\.m2\repository\org\ow2\asm\asm\7.1\asm-7.1.jar;C:\Users\testinium\.m2\repository\commons-validator\commons-validator\1.6\commons-validator-1.6.jar;C:\Users\testinium\.m2\repository\commons-beanutils\commons-beanutils\1.9.2\commons-beanutils-1.9.2.jar;C:\Users\testinium\.m2\repository\commons-digester\commons-digester\1.8.1\commons-digester-1.8.1.jar;C:\Users\testinium\.m2\repository\commons-collections\commons-collections\3.2.2\commons-collections-3.2.2.jar;C:\Users\testinium\.m2\repository\org\apache\commons\commons-lang3\3.9\commons-lang3-3.9.jar;C:\Users\testinium\.m2\repository\org\springframework\spring-context\5.1.8.RELEASE\spring-context-5.1.8.RELEASE.jar;C:\Users\testinium\.m2\repository\org\springframework\spring-aop\5.1.8.RELEASE\spring-aop-5.1.8.RELEASE.jar;C:\Users\testinium\.m2\repository\org\springframework\spring-beans\5.1.8.RELEASE\spring-beans-5.1.8.RELEASE.jar;C:\Users\testinium\.m2\repository\org\springframework\spring-core\5.1.8.RELEASE\spring-core-5.1.8.RELEASE.jar;C:\Users\testinium\.m2\repository\org\springframework\spring-jcl\5.1.8.RELEASE\spring-jcl-5.1.8.RELEASE.jar;C:\Users\testinium\.m2\repository\org\springframework\spring-expression\5.1.8.RELEASE\spring-expression-5.1.8.RELEASE.jar;C:\Users\testinium\.m2\repository\org\aspectj\aspectjweaver\1.9.4\aspectjweaver-1.9.4.jar;C:\Users\testinium\.m2\repository\org\slf4j\slf4j-api\1.7.30\slf4j-api-1.7.30.jar;C:\Users\testinium\.m2\repository\org\slf4j\slf4j-log4j12\1.7.30\slf4j-log4j12-1.7.30.jar;C:\Users\testinium\.m2\repository\log4j\log4j\1.2.17\log4j-1.2.17.jar;C:\Users\testinium\.m2\repository\org\junit\jupiter\junit-jupiter\5.8.1\junit-jupiter-5.8.1.jar;C:\Users\testinium\.m2\repository\org\junit\jupiter\junit-jupiter-api\5.8.1\junit-jupiter-api-5.8.1.jar;C:\Users\testinium\.m2\repository\org\opentest4j\opentest4j\1.2.0\opentest4j-1.2.0.jar;C:\Users\testinium\.m2\repository\org\junit\platform\junit-platform-commons\1.8.1\junit-platform-commons-1.8.1.jar;C:\Users\testinium\.m2\repository\org\apiguardian\apiguardian-api\1.1.2\apiguardian-api-1.1.2.jar;C:\Users\testinium\.m2\repository\org\junit\jupiter\junit-jupiter-params\5.8.1\junit-jupiter-params-5.8.1.jar;C:\Users\testinium\.m2\repository\org\junit\jupiter\junit-jupiter-engine\5.8.1\junit-jupiter-engine-5.8.1.jar;C:\Users\testinium\.m2\repository\org\junit\platform\junit-platform-engine\1.8.1\junit-platform-engine-1.8.1.jar
30-10-2021 17:04:25.967 [java] [DEBUG] found java executable in C:\Program Files\Java\jdk1.8.0_281\jre\bin\java.exe
30-10-2021 17:04:25.967 [java] [DEBUG] running - C:\Program Files\Java\jdk1.8.0_281\jre\bin\java.exe [-Dfile.encoding=UTF-8 com.thoughtworks.gauge.GaugeRuntime --start]
30-10-2021 17:04:25.967 [java] [DEBUG] stdout/stderr is logged to logs\628-java.exe.out
30-10-2021 17:04:26.222 [java] [DEBUG] multithreading is set to false
30-10-2021 17:04:26.634 [java] [DEBUG] Using reflection to scan dependencies for gauge implementations...
30-10-2021 17:04:27.329 [java] [DEBUG] gauge-java took 1106milliseconds to load and scan. This should be less than 'runner_connection_timeout' config value.
30-10-2021 17:04:27.329 [java] [DEBUG] run 'gauge config runner_connection_timeout' and verify that it is < 1106
30-10-2021 17:04:27.329 [java] [DEBUG] starting gRPC server...
30-10-2021 17:04:27.937 [java] [DEBUG] started gRPC server on port 62641
30-10-2021 17:04:27.938 [Gauge] [DEBUG] Attempting to connect to grpc server at port: 62641
30-10-2021 17:04:28.147 [Gauge] [DEBUG] Successfully made the connection with runner with port: 62641
30-10-2021 17:04:28.147 [Gauge] [DEBUG] Validation started.
30-10-2021 17:04:31.489 [java] [DEBUG] Scanning packages for steps
30-10-2021 17:04:31.548 [java] [DEBUG] Comparing 'org.example.pages.LoginPage.checkLogin' and 'org.example.pages.LoginPage.checkLogin'
30-10-2021 17:04:31.548 [java] [DEBUG] Found Login page doğrulama in current project scope.
30-10-2021 17:04:31.548 [java] [DEBUG] Comparing 'org.example.StepImplementation.clickElementByid' and 'org.example.StepImplementation.clickElementByid'
30-10-2021 17:04:31.549 [java] [DEBUG] Found {} İd'li elemente tıkla in current project scope.
30-10-2021 17:04:31.549 [java] [DEBUG] Comparing 'org.example.StepImplementation.clickElementByxpath' and 'org.example.StepImplementation.clickElementByxpath'
30-10-2021 17:04:31.549 [java] [DEBUG] Found {} xpath'li elemente tıkla in current project scope.
30-10-2021 17:04:31.549 [java] [DEBUG] Comparing 'org.example.StepImplementation.ScrollRandomPos' and 'org.example.StepImplementation.ScrollRandomPos'
30-10-2021 17:04:31.549 [java] [DEBUG] Found sayfa boyunca scroll et in current project scope.
30-10-2021 17:04:31.549 [java] [DEBUG] Comparing 'org.example.StepImplementation.waitSeconds' and 'org.example.StepImplementation.waitSeconds'
30-10-2021 17:04:31.549 [java] [DEBUG] Found {} saniye bekle in current project scope.
30-10-2021 17:04:31.549 [java] [DEBUG] Comparing 'org.example.StepImplementation.SendkeyElementByid' and 'org.example.StepImplementation.SendkeyElementByid'
30-10-2021 17:04:31.549 [java] [DEBUG] Found {} İd'li elemente {} değerini yaz in current project scope.
30-10-2021 17:04:31.550 [java] [DEBUG] Comparing 'org.example.StepImplementation.findAllProducts' and 'org.example.StepImplementation.findAllProducts'
30-10-2021 17:04:31.550 [java] [DEBUG] Found {} xpath'te bulunan sayfada görünen tüm ürünleri bul in current project scope.
30-10-2021 17:04:31.550 [java] [DEBUG] Comparing 'org.example.pages.WelcomePage.open' and 'org.example.pages.WelcomePage.open'
30-10-2021 17:04:31.550 [java] [DEBUG] Found Açılış Sayfası Kontrol in current project scope.
30-10-2021 17:04:31.550 [java] [DEBUG] Comparing 'org.example.StepImplementation.addToBasket' and 'org.example.StepImplementation.addToBasket'
30-10-2021 17:04:31.550 [java] [DEBUG] Found Sepete ekle in current project scope.
30-10-2021 17:04:31.550 [java] [DEBUG] Comparing 'org.example.pages.ProductPage.checkProductDetail' and 'org.example.pages.ProductPage.checkProductDetail'
30-10-2021 17:04:31.550 [java] [DEBUG] Found Product detail sayfası doğrulama in current project scope.
30-10-2021 17:04:31.550 [java] [DEBUG] Comparing 'org.example.pages.CategoryPage.checkCategoryPage' and 'org.example.pages.CategoryPage.checkCategoryPage'
30-10-2021 17:04:31.550 [java] [DEBUG] Found Kategori Sayfası Kontrol in current project scope.
30-10-2021 17:04:31.550 [java] [DEBUG] Comparing 'org.example.pages.ShoppingPage.checkShopping' and 'org.example.pages.ShoppingPage.checkShopping'
30-10-2021 17:04:31.550 [java] [DEBUG] Found Alışveriş Sayfası Doğrula in current project scope.
30-10-2021 17:04:31.550 [java] [DEBUG] Scanning packages for hooks
30-10-2021 17:04:31.560 [java] [DEBUG] Scanned steps (using static parsing + reflections): 
30-10-2021 17:04:31.560 [java] [DEBUG] 	Sepete ekle : public void addToBasket()
30-10-2021 17:04:31.560 [java] [DEBUG] 	{} xpath'li elemente tıkla : public void clickElementByxpath(String Key)
30-10-2021 17:04:31.560 [java] [DEBUG] 	Kategori Sayfası Kontrol : public void checkCategoryPage()
30-10-2021 17:04:31.560 [java] [DEBUG] 	Alışveriş Sayfası Doğrula : public void checkShopping()
30-10-2021 17:04:31.560 [java] [DEBUG] 	Açılış Sayfası Kontrol : public void open()
30-10-2021 17:04:31.561 [java] [DEBUG] 	{} İd'li elemente {} değerini yaz : public void SendkeyElementByid(String Key, String keyword)
30-10-2021 17:04:31.561 [java] [DEBUG] 	Product detail sayfası doğrulama : public void checkProductDetail()
30-10-2021 17:04:31.561 [java] [DEBUG] 	sayfa boyunca scroll et : public void ScrollRandomPos()
30-10-2021 17:04:31.561 [java] [DEBUG] 	{} saniye bekle : public void waitSeconds(ınt seconds)
30-10-2021 17:04:31.561 [java] [DEBUG] 	{} xpath'te bulunan sayfada görünen tüm ürünleri bul : public void findAllProducts(String Key)
30-10-2021 17:04:31.561 [java] [DEBUG] 	Login page doğrulama : public void checkLogin()
30-10-2021 17:04:31.561 [java] [DEBUG] 	{} İd'li elemente tıkla : public void clickElementByid(String Key)
30-10-2021 17:04:38.460 [Gauge] [ERROR] [ValidationError] C:\Users\testinium\OneDrive\Masaüstü\selenium-ödev\selenium-ödev\trendyol-selenium\polenodev\specs\steps.cpt:25 Step implementation not found => '"//android.widget.ImageView[@resource-id='com.ozdilek.ozdilekteyim:id/imageView']" xpath'te bulunan sayfada görünen tüm ürünleri bul ve rastgele bir ürüne tıkla'
30-10-2021 17:04:38.460 [Gauge] [ERROR] [ValidationError] C:\Users\testinium\OneDrive\Masaüstü\selenium-ödev\selenium-ödev\trendyol-selenium\polenodev\specs\steps.cpt:45 Step implementation not found => '"//android.widget.ImageView[@resource-id='com.ozdilek.ozdilekteyim:id/imageView']" xpath'te bulunan sayfada görünen tüm ürünleri bul ve rastgele bir ürüne tıkla'
30-10-2021 17:04:38.462 [Gauge] [DEBUG] Run started
30-10-2021 17:04:38.464 [Gauge] [DEBUG] Starting Html Report plugin
30-10-2021 17:04:38.500 [Gauge] [DEBUG] Attempting to connect to grpc server at port: 55345
30-10-2021 17:04:38.504 [Gauge] [DEBUG] Successfully made the connection with plugin with port: 55345
30-10-2021 17:04:38.504 [Gauge] [DEBUG] Initialising suite data store.
30-10-2021 17:04:38.563 [html-report] [DEBUG] Transformed SuiteResult to report structure
30-10-2021 17:04:38.614 [html-report] [INFO] Successfully generated html-report to => C:\Users\testinium\OneDrive\Masaüstü\selenium-ödev\selenium-ödev\trendyol-selenium\polenodev\reports\html-report\index.html
30-10-2021 17:04:38.614 [Gauge] [DEBUG] Sending kill message to Html Report plugin.
30-10-2021 17:04:38.614 [html-report] [DEBUG] Done generating HTML report using theme from C:\Users\testinium\AppData\Roaming\gauge\plugins\html-report\4.0.12\themes\default
30-10-2021 17:04:38.618 [java] [DEBUG] Killing Java runner...
30-10-2021 17:04:38.620 [java] [DEBUG] Stopping execution pool...
30-10-2021 17:04:38.620 [java] [DEBUG] Shutting down grpc server...
30-10-2021 17:04:38.637 [java] [DEBUG] Runner killed gracefully.
30-10-2021 17:04:39.351 [Gauge] [DEBUG] Runner with PID:628 has exited
30-10-2021 17:04:39.351 [Gauge] [INFO] Specifications:	0 executed	0 passed	0 failed	1 skipped
30-10-2021 17:04:39.351 [Gauge] [INFO] Scenarios:	0 executed	0 passed	0 failed	1 skipped
30-10-2021 17:04:39.351 [Gauge] [INFO] 
Total time taken: 99ms
30-10-2021 17:04:39.353 [Gauge] [INFO] Updates are available. Run `gauge update -c` for more info.
30-10-2021 17:05:00.182 [Gauge] [DEBUG] Created gauge_screenshots_dir at C:\Users\testinium\OneDrive\Masaüstü\selenium-ödev\selenium-ödev\trendyol-selenium\polenodev\.gauge\screenshots
30-10-2021 17:05:00.183 [Gauge] [DEBUG] Plugin java is already installed.
30-10-2021 17:05:00.184 [Gauge] [DEBUG] Plugin html-report is already installed.
30-10-2021 17:05:00.184 [Gauge] [DEBUG] Parsing started.
30-10-2021 17:05:00.184 [Gauge] [DEBUG] Started concepts parsing.
30-10-2021 17:05:00.194 [Gauge] [DEBUG] 6 concepts parsing completed.
30-10-2021 17:05:00.194 [Gauge] [DEBUG] Started specifications parsing.
30-10-2021 17:05:00.195 [Gauge] [DEBUG] 1 specifications parsing completed.
30-10-2021 17:05:00.195 [Gauge] [DEBUG] Parsing completed.
30-10-2021 17:05:00.233 [java] [DEBUG] ***** Printing Properties/Env Values *****
30-10-2021 17:05:00.233 [java] [DEBUG] PATH: C:\Program Files (x86)\Common Files\Oracle\Java\javapath;C:\WINDOWS\system32;C:\WINDOWS;C:\WINDOWS\System32\Wbem;C:\WINDOWS\System32\WindowsPowerShell\v1.0\;C:\WINDOWS\System32\OpenSSH\;C:\Program Files\nodejs\;C:\Program Files\maven\apache-maven-3.6.3\bin;C:\Program Files\Gauge\bin;";%!A(MISSING)NDROID_HOME\platform-tools%!"(MISSING);";%!A(MISSING)NDROID_HOME\tools%!"(MISSING);";%!A(MISSING)NDROID_HOME\build-tools%!"(MISSING);C:\Program Files\Git\cmd;C:\Android\sdk\platform-tools;C:\Android\sdk\build-tools\29.0.2;C:\Program Files (x86)\Micro Focus\Unified Functional Testing\bin;C:\Users\testinium\AppData\Local\Microsoft\WindowsApps;C:\Users\testinium\AppData\Roaming\npm;C:\Users\testinium\AppData\Local\GitHubDesktop\bin;C:\Users\testinium\AppData\Roaming\gauge\plugins\screenshot\0.1.0
30-10-2021 17:05:00.234 [java] [DEBUG] JAVA_HOME: C:\Program Files\Java\jdk1.8.0_281
30-10-2021 17:05:00.234 [java] [DEBUG] gauge_project_root: C:\Users\testinium\OneDrive\Masaüstü\selenium-ödev\selenium-ödev\trendyol-selenium\polenodev
30-10-2021 17:05:00.234 [java] [DEBUG] gauge_parallel_streams_count: 
30-10-2021 17:05:00.234 [java] [DEBUG] gauge_reports_dir: reports
30-10-2021 17:05:00.234 [java] [DEBUG] overwrite_reports: true
30-10-2021 17:05:00.234 [java] [DEBUG] logs_directory: logs
30-10-2021 17:05:00.234 [java] [DEBUG] enable_multithreading: false
30-10-2021 17:05:00.234 [java] [DEBUG] gauge_specs_dir: specs
30-10-2021 17:05:00.234 [java] [DEBUG] csv_delimiter: ,
30-10-2021 17:05:00.234 [java] [DEBUG] gauge_java_home: 
30-10-2021 17:05:00.234 [java] [DEBUG] gauge_custom_build_path: 
30-10-2021 17:05:00.234 [java] [DEBUG] gauge_additional_libs: libs/*
30-10-2021 17:05:00.234 [java] [DEBUG] gauge_jvm_args: 
30-10-2021 17:05:00.234 [java] [DEBUG] gauge_custom_compile_dir: 
30-10-2021 17:05:00.234 [java] [DEBUG] gauge_clear_state_level: scenario
30-10-2021 17:05:00.234 [java] [DEBUG] ***** END *****
30-10-2021 17:05:00.729 [Gauge] [DEBUG] Checking updates...
30-10-2021 17:05:00.732 [Gauge] [DEBUG] Downloading https://downloads.gauge.org/plugin/flash?l=java&p=flash,html-report,java,json-report,screenshot,spectacle,xml-report&o=windows&a=amd64
30-10-2021 17:05:01.162 [Gauge] [DEBUG] Downloading https://downloads.gauge.org/plugin/html-report?l=java&p=flash,html-report,java,json-report,screenshot,spectacle,xml-report&o=windows&a=amd64
30-10-2021 17:05:01.320 [Gauge] [DEBUG] Downloading https://downloads.gauge.org/plugin/java?l=java&p=flash,html-report,java,json-report,screenshot,spectacle,xml-report&o=windows&a=amd64
30-10-2021 17:05:01.480 [Gauge] [DEBUG] Downloading https://downloads.gauge.org/plugin/json-report?l=java&p=flash,html-report,java,json-report,screenshot,spectacle,xml-report&o=windows&a=amd64
30-10-2021 17:05:01.687 [Gauge] [DEBUG] Downloading https://downloads.gauge.org/plugin/screenshot?l=java&p=flash,html-report,java,json-report,screenshot,spectacle,xml-report&o=windows&a=amd64
30-10-2021 17:05:01.856 [Gauge] [DEBUG] Downloading https://downloads.gauge.org/plugin/spectacle?l=java&p=flash,html-report,java,json-report,screenshot,spectacle,xml-report&o=windows&a=amd64
30-10-2021 17:05:02.342 [Gauge] [DEBUG] Downloading https://downloads.gauge.org/plugin/xml-report?l=java&p=flash,html-report,java,json-report,screenshot,spectacle,xml-report&o=windows&a=amd64
30-10-2021 17:05:04.197 [java] [DEBUG] classpath set to C:\Program Files\Java\jdk1.8.0_281\jre\lib\charsets.jar;C:\Program Files\Java\jdk1.8.0_281\jre\lib\deploy.jar;C:\Program Files\Java\jdk1.8.0_281\jre\lib\ext\access-bridge-64.jar;C:\Program Files\Java\jdk1.8.0_281\jre\lib\ext\cldrdata.jar;C:\Program Files\Java\jdk1.8.0_281\jre\lib\ext\dnsns.jar;C:\Program Files\Java\jdk1.8.0_281\jre\lib\ext\jaccess.jar;C:\Program Files\Java\jdk1.8.0_281\jre\lib\ext\jfxrt.jar;C:\Program Files\Java\jdk1.8.0_281\jre\lib\ext\localedata.jar;C:\Program Files\Java\jdk1.8.0_281\jre\lib\ext\nashorn.jar;C:\Program Files\Java\jdk1.8.0_281\jre\lib\ext\sunec.jar;C:\Program Files\Java\jdk1.8.0_281\jre\lib\ext\sunjce_provider.jar;C:\Program Files\Java\jdk1.8.0_281\jre\lib\ext\sunmscapi.jar;C:\Program Files\Java\jdk1.8.0_281\jre\lib\ext\sunpkcs11.jar;C:\Program Files\Java\jdk1.8.0_281\jre\lib\ext\zipfs.jar;C:\Program Files\Java\jdk1.8.0_281\jre\lib\javaws.jar;C:\Program Files\Java\jdk1.8.0_281\jre\lib\jce.jar;C:\Program Files\Java\jdk1.8.0_281\jre\lib\jfr.jar;C:\Program Files\Java\jdk1.8.0_281\jre\lib\jfxswt.jar;C:\Program Files\Java\jdk1.8.0_281\jre\lib\jsse.jar;C:\Program Files\Java\jdk1.8.0_281\jre\lib\management-agent.jar;C:\Program Files\Java\jdk1.8.0_281\jre\lib\plugin.jar;C:\Program Files\Java\jdk1.8.0_281\jre\lib\resources.jar;C:\Program Files\Java\jdk1.8.0_281\jre\lib\rt.jar;C:\Users\testinium\OneDrive\Masaüstü\selenium-ödev\selenium-ödev\trendyol-selenium\polenodev\target\test-classes;C:\Users\testinium\.m2\repository\junit\junit\4.12\junit-4.12.jar;C:\Users\testinium\.m2\repository\org\hamcrest\hamcrest-core\1.3\hamcrest-core-1.3.jar;C:\Users\testinium\.m2\repository\com\thoughtworks\gauge\gauge-java\0.7.15\gauge-java-0.7.15.jar;C:\Users\testinium\.m2\repository\org\assertj\assertj-core\3.19.0\assertj-core-3.19.0.jar;C:\Users\testinium\.m2\repository\org\reflections\reflections\0.9.9\reflections-0.9.9.jar;C:\Users\testinium\.m2\repository\org\javassist\javassist\3.18.2-GA\javassist-3.18.2-GA.jar;C:\Users\testinium\.m2\repository\com\google\code\findbugs\annotations\2.0.1\annotations-2.0.1.jar;C:\Users\testinium\.m2\repository\com\github\javaparser\javaparser-core\3.16.3\javaparser-core-3.16.3.jar;C:\Users\testinium\.m2\repository\commons-io\commons-io\2.8.0\commons-io-2.8.0.jar;C:\Users\testinium\.m2\repository\commons-lang\commons-lang\2.6\commons-lang-2.6.jar;C:\Users\testinium\.m2\repository\org\json\json\20210307\json-20210307.jar;C:\Users\testinium\.m2\repository\com\google\protobuf\protobuf-java\3.15.8\protobuf-java-3.15.8.jar;C:\Users\testinium\.m2\repository\com\google\guava\guava\30.1.1-jre\guava-30.1.1-jre.jar;C:\Users\testinium\.m2\repository\com\google\guava\failureaccess\1.0.1\failureaccess-1.0.1.jar;C:\Users\testinium\.m2\repository\com\google\guava\listenablefuture\9999.0-empty-to-avoid-conflict-with-guava\listenablefuture-9999.0-empty-to-avoid-conflict-with-guava.jar;C:\Users\testinium\.m2\repository\com\google\code\findbugs\jsr305\3.0.2\jsr305-3.0.2.jar;C:\Users\testinium\.m2\repository\org\checkerframework\checker-qual\3.8.0\checker-qual-3.8.0.jar;C:\Users\testinium\.m2\repository\com\google\errorprone\error_prone_annotations\2.5.1\error_prone_annotations-2.5.1.jar;C:\Users\testinium\.m2\repository\com\google\j2objc\j2objc-annotations\1.3\j2objc-annotations-1.3.jar;C:\Users\testinium\.m2\repository\io\grpc\grpc-netty-shaded\1.37.0\grpc-netty-shaded-1.37.0.jar;C:\Users\testinium\.m2\repository\io\grpc\grpc-core\1.37.0\grpc-core-1.37.0.jar;C:\Users\testinium\.m2\repository\com\google\android\annotations\4.1.1.4\annotations-4.1.1.4.jar;C:\Users\testinium\.m2\repository\io\perfmark\perfmark-api\0.23.0\perfmark-api-0.23.0.jar;C:\Users\testinium\.m2\repository\io\grpc\grpc-protobuf\1.37.0\grpc-protobuf-1.37.0.jar;C:\Users\testinium\.m2\repository\io\grpc\grpc-api\1.37.0\grpc-api-1.37.0.jar;C:\Users\testinium\.m2\repository\io\grpc\grpc-context\1.37.0\grpc-context-1.37.0.jar;C:\Users\testinium\.m2\repository\com\google\api\grpc\proto-google-common-protos\2.0.1\proto-google-common-protos-2.0.1.jar;C:\Users\testinium\.m2\repository\io\grpc\grpc-protobuf-lite\1.37.0\grpc-protobuf-lite-1.37.0.jar;C:\Users\testinium\.m2\repository\org\codehaus\mojo\animal-sniffer-annotations\1.19\animal-sniffer-annotations-1.19.jar;C:\Users\testinium\.m2\repository\io\grpc\grpc-stub\1.37.0\grpc-stub-1.37.0.jar;C:\Users\testinium\.m2\repository\javax\annotation\javax.annotation-api\1.3.2\javax.annotation-api-1.3.2.jar;C:\Users\testinium\.m2\repository\io\appium\java-client\7.3.0\java-client-7.3.0.jar;C:\Users\testinium\.m2\repository\org\seleniumhq\selenium\selenium-java\3.141.59\selenium-java-3.141.59.jar;C:\Users\testinium\.m2\repository\org\seleniumhq\selenium\selenium-chrome-driver\3.141.59\selenium-chrome-driver-3.141.59.jar;C:\Users\testinium\.m2\repository\org\seleniumhq\selenium\selenium-edge-driver\3.141.59\selenium-edge-driver-3.141.59.jar;C:\Users\testinium\.m2\repository\org\seleniumhq\selenium\selenium-firefox-driver\3.141.59\selenium-firefox-driver-3.141.59.jar;C:\Users\testinium\.m2\repository\org\seleniumhq\selenium\selenium-ie-driver\3.141.59\selenium-ie-driver-3.141.59.jar;C:\Users\testinium\.m2\repository\org\seleniumhq\selenium\selenium-opera-driver\3.141.59\selenium-opera-driver-3.141.59.jar;C:\Users\testinium\.m2\repository\org\seleniumhq\selenium\selenium-remote-driver\3.141.59\selenium-remote-driver-3.141.59.jar;C:\Users\testinium\.m2\repository\org\seleniumhq\selenium\selenium-safari-driver\3.141.59\selenium-safari-driver-3.141.59.jar;C:\Users\testinium\.m2\repository\net\bytebuddy\byte-buddy\1.8.15\byte-buddy-1.8.15.jar;C:\Users\testinium\.m2\repository\org\apache\commons\commons-exec\1.3\commons-exec-1.3.jar;C:\Users\testinium\.m2\repository\com\squareup\okhttp3\okhttp\3.11.0\okhttp-3.11.0.jar;C:\Users\testinium\.m2\repository\com\squareup\okio\okio\1.14.0\okio-1.14.0.jar;C:\Users\testinium\.m2\repository\org\seleniumhq\selenium\selenium-support\3.141.59\selenium-support-3.141.59.jar;C:\Users\testinium\.m2\repository\org\seleniumhq\selenium\selenium-api\3.141.59\selenium-api-3.141.59.jar;C:\Users\testinium\.m2\repository\com\google\code\gson\gson\2.8.5\gson-2.8.5.jar;C:\Users\testinium\.m2\repository\org\apache\httpcomponents\httpclient\4.5.9\httpclient-4.5.9.jar;C:\Users\testinium\.m2\repository\org\apache\httpcomponents\httpcore\4.4.11\httpcore-4.4.11.jar;C:\Users\testinium\.m2\repository\commons-logging\commons-logging\1.2\commons-logging-1.2.jar;C:\Users\testinium\.m2\repository\commons-codec\commons-codec\1.11\commons-codec-1.11.jar;C:\Users\testinium\.m2\repository\cglib\cglib\3.2.12\cglib-3.2.12.jar;C:\Users\testinium\.m2\repository\org\ow2\asm\asm\7.1\asm-7.1.jar;C:\Users\testinium\.m2\repository\commons-validator\commons-validator\1.6\commons-validator-1.6.jar;C:\Users\testinium\.m2\repository\commons-beanutils\commons-beanutils\1.9.2\commons-beanutils-1.9.2.jar;C:\Users\testinium\.m2\repository\commons-digester\commons-digester\1.8.1\commons-digester-1.8.1.jar;C:\Users\testinium\.m2\repository\commons-collections\commons-collections\3.2.2\commons-collections-3.2.2.jar;C:\Users\testinium\.m2\repository\org\apache\commons\commons-lang3\3.9\commons-lang3-3.9.jar;C:\Users\testinium\.m2\repository\org\springframework\spring-context\5.1.8.RELEASE\spring-context-5.1.8.RELEASE.jar;C:\Users\testinium\.m2\repository\org\springframework\spring-aop\5.1.8.RELEASE\spring-aop-5.1.8.RELEASE.jar;C:\Users\testinium\.m2\repository\org\springframework\spring-beans\5.1.8.RELEASE\spring-beans-5.1.8.RELEASE.jar;C:\Users\testinium\.m2\repository\org\springframework\spring-core\5.1.8.RELEASE\spring-core-5.1.8.RELEASE.jar;C:\Users\testinium\.m2\repository\org\springframework\spring-jcl\5.1.8.RELEASE\spring-jcl-5.1.8.RELEASE.jar;C:\Users\testinium\.m2\repository\org\springframework\spring-expression\5.1.8.RELEASE\spring-expression-5.1.8.RELEASE.jar;C:\Users\testinium\.m2\repository\org\aspectj\aspectjweaver\1.9.4\aspectjweaver-1.9.4.jar;C:\Users\testinium\.m2\repository\org\slf4j\slf4j-api\1.7.30\slf4j-api-1.7.30.jar;C:\Users\testinium\.m2\repository\org\slf4j\slf4j-log4j12\1.7.30\slf4j-log4j12-1.7.30.jar;C:\Users\testinium\.m2\repository\log4j\log4j\1.2.17\log4j-1.2.17.jar;C:\Users\testinium\.m2\repository\org\junit\jupiter\junit-jupiter\5.8.1\junit-jupiter-5.8.1.jar;C:\Users\testinium\.m2\repository\org\junit\jupiter\junit-jupiter-api\5.8.1\junit-jupiter-api-5.8.1.jar;C:\Users\testinium\.m2\repository\org\opentest4j\opentest4j\1.2.0\opentest4j-1.2.0.jar;C:\Users\testinium\.m2\repository\org\junit\platform\junit-platform-commons\1.8.1\junit-platform-commons-1.8.1.jar;C:\Users\testinium\.m2\repository\org\apiguardian\apiguardian-api\1.1.2\apiguardian-api-1.1.2.jar;C:\Users\testinium\.m2\repository\org\junit\jupiter\junit-jupiter-params\5.8.1\junit-jupiter-params-5.8.1.jar;C:\Users\testinium\.m2\repository\org\junit\jupiter\junit-jupiter-engine\5.8.1\junit-jupiter-engine-5.8.1.jar;C:\Users\testinium\.m2\repository\org\junit\platform\junit-platform-engine\1.8.1\junit-platform-engine-1.8.1.jar
30-10-2021 17:05:04.254 [java] [DEBUG] found java executable in C:\Program Files\Java\jdk1.8.0_281\jre\bin\java.exe
30-10-2021 17:05:04.254 [java] [DEBUG] running - C:\Program Files\Java\jdk1.8.0_281\jre\bin\java.exe [-Dfile.encoding=UTF-8 com.thoughtworks.gauge.GaugeRuntime --start]
30-10-2021 17:05:04.255 [java] [DEBUG] stdout/stderr is logged to logs\7824-java.exe.out
30-10-2021 17:05:04.611 [java] [DEBUG] multithreading is set to false
30-10-2021 17:05:05.063 [java] [DEBUG] Using reflection to scan dependencies for gauge implementations...
30-10-2021 17:05:05.689 [java] [DEBUG] gauge-java took 1078milliseconds to load and scan. This should be less than 'runner_connection_timeout' config value.
30-10-2021 17:05:05.689 [java] [DEBUG] run 'gauge config runner_connection_timeout' and verify that it is < 1078
30-10-2021 17:05:05.689 [java] [DEBUG] starting gRPC server...
30-10-2021 17:05:06.154 [java] [DEBUG] started gRPC server on port 61135
30-10-2021 17:05:06.155 [Gauge] [DEBUG] Attempting to connect to grpc server at port: 61135
30-10-2021 17:05:06.427 [Gauge] [DEBUG] Successfully made the connection with runner with port: 61135
30-10-2021 17:05:06.427 [Gauge] [DEBUG] Validation started.
30-10-2021 17:05:12.636 [java] [DEBUG] Scanning packages for steps
30-10-2021 17:05:12.718 [java] [DEBUG] Comparing 'org.example.pages.LoginPage.checkLogin' and 'org.example.pages.LoginPage.checkLogin'
30-10-2021 17:05:12.719 [java] [DEBUG] Found Login page doğrulama in current project scope.
30-10-2021 17:05:12.719 [java] [DEBUG] Comparing 'org.example.StepImplementation.clickElementByid' and 'org.example.StepImplementation.clickElementByid'
30-10-2021 17:05:12.720 [java] [DEBUG] Found {} İd'li elemente tıkla in current project scope.
30-10-2021 17:05:12.720 [java] [DEBUG] Comparing 'org.example.StepImplementation.clickElementByxpath' and 'org.example.StepImplementation.clickElementByxpath'
30-10-2021 17:05:12.720 [java] [DEBUG] Found {} xpath'li elemente tıkla in current project scope.
30-10-2021 17:05:12.721 [java] [DEBUG] Comparing 'org.example.StepImplementation.ScrollRandomPos' and 'org.example.StepImplementation.ScrollRandomPos'
30-10-2021 17:05:12.721 [java] [DEBUG] Found sayfa boyunca scroll et in current project scope.
30-10-2021 17:05:12.721 [java] [DEBUG] Comparing 'org.example.StepImplementation.waitSeconds' and 'org.example.StepImplementation.waitSeconds'
30-10-2021 17:05:12.721 [java] [DEBUG] Found {} saniye bekle in current project scope.
30-10-2021 17:05:12.722 [java] [DEBUG] Comparing 'org.example.StepImplementation.SendkeyElementByid' and 'org.example.StepImplementation.SendkeyElementByid'
30-10-2021 17:05:12.722 [java] [DEBUG] Found {} İd'li elemente {} değerini yaz in current project scope.
30-10-2021 17:05:12.722 [java] [DEBUG] Comparing 'org.example.StepImplementation.findAllProducts' and 'org.example.StepImplementation.findAllProducts'
30-10-2021 17:05:12.722 [java] [DEBUG] Found {} xpath'te bulunan sayfada görünen tüm ürünleri bul in current project scope.
30-10-2021 17:05:12.722 [java] [DEBUG] Comparing 'org.example.pages.WelcomePage.open' and 'org.example.pages.WelcomePage.open'
30-10-2021 17:05:12.723 [java] [DEBUG] Found Açılış Sayfası Kontrol in current project scope.
30-10-2021 17:05:12.723 [java] [DEBUG] Comparing 'org.example.StepImplementation.addToBasket' and 'org.example.StepImplementation.addToBasket'
30-10-2021 17:05:12.723 [java] [DEBUG] Found Sepete ekle in current project scope.
30-10-2021 17:05:12.723 [java] [DEBUG] Comparing 'org.example.pages.ProductPage.checkProductDetail' and 'org.example.pages.ProductPage.checkProductDetail'
30-10-2021 17:05:12.723 [java] [DEBUG] Found Product detail sayfası doğrulama in current project scope.
30-10-2021 17:05:12.724 [java] [DEBUG] Comparing 'org.example.pages.CategoryPage.checkCategoryPage' and 'org.example.pages.CategoryPage.checkCategoryPage'
30-10-2021 17:05:12.724 [java] [DEBUG] Found Kategori Sayfası Kontrol in current project scope.
30-10-2021 17:05:12.724 [java] [DEBUG] Comparing 'org.example.pages.ShoppingPage.checkShopping' and 'org.example.pages.ShoppingPage.checkShopping'
30-10-2021 17:05:12.724 [java] [DEBUG] Found Alışveriş Sayfası Doğrula in current project scope.
30-10-2021 17:05:12.724 [java] [DEBUG] Scanning packages for hooks
30-10-2021 17:05:12.748 [java] [DEBUG] Scanned steps (using static parsing + reflections): 
30-10-2021 17:05:12.749 [java] [DEBUG] 	Sepete ekle : public void addToBasket()
30-10-2021 17:05:12.749 [java] [DEBUG] 	{} xpath'li elemente tıkla : public void clickElementByxpath(String Key)
30-10-2021 17:05:12.749 [java] [DEBUG] 	Kategori Sayfası Kontrol : public void checkCategoryPage()
30-10-2021 17:05:12.749 [java] [DEBUG] 	Alışveriş Sayfası Doğrula : public void checkShopping()
30-10-2021 17:05:12.750 [java] [DEBUG] 	Açılış Sayfası Kontrol : public void open()
30-10-2021 17:05:12.750 [java] [DEBUG] 	{} İd'li elemente {} değerini yaz : public void SendkeyElementByid(String Key, String keyword)
30-10-2021 17:05:12.750 [java] [DEBUG] 	Product detail sayfası doğrulama : public void checkProductDetail()
30-10-2021 17:05:12.750 [java] [DEBUG] 	sayfa boyunca scroll et : public void ScrollRandomPos()
30-10-2021 17:05:12.750 [java] [DEBUG] 	{} saniye bekle : public void waitSeconds(ınt seconds)
30-10-2021 17:05:12.751 [java] [DEBUG] 	{} xpath'te bulunan sayfada görünen tüm ürünleri bul : public void findAllProducts(String Key)
30-10-2021 17:05:12.751 [java] [DEBUG] 	Login page doğrulama : public void checkLogin()
30-10-2021 17:05:12.751 [java] [DEBUG] 	{} İd'li elemente tıkla : public void clickElementByid(String Key)
30-10-2021 17:05:20.513 [Gauge] [ERROR] [ValidationError] C:\Users\testinium\OneDrive\Masaüstü\selenium-ödev\selenium-ödev\trendyol-selenium\polenodev\specs\steps.cpt:25 Step implementation not found => '"//android.widget.ImageView[@resource-id='com.ozdilek.ozdilekteyim:id/imageView']" xpath'te bulunan sayfada görünen tüm ürünleri bul ve rastgele bir ürüne tıkla'
30-10-2021 17:05:20.513 [Gauge] [ERROR] [ValidationError] C:\Users\testinium\OneDrive\Masaüstü\selenium-ödev\selenium-ödev\trendyol-selenium\polenodev\specs\steps.cpt:45 Step implementation not found => '"//android.widget.ImageView[@resource-id='com.ozdilek.ozdilekteyim:id/imageView']" xpath'te bulunan sayfada görünen tüm ürünleri bul ve rastgele bir ürüne tıkla'
30-10-2021 17:05:20.515 [Gauge] [DEBUG] Run started
30-10-2021 17:05:20.518 [Gauge] [DEBUG] Starting Html Report plugin
30-10-2021 17:05:20.547 [Gauge] [DEBUG] Attempting to connect to grpc server at port: 62148
30-10-2021 17:05:20.549 [Gauge] [DEBUG] Successfully made the connection with plugin with port: 62148
30-10-2021 17:05:20.550 [Gauge] [DEBUG] Initialising suite data store.
30-10-2021 17:05:20.630 [html-report] [DEBUG] Transformed SuiteResult to report structure
30-10-2021 17:05:20.661 [html-report] [INFO] Successfully generated html-report to => C:\Users\testinium\OneDrive\Masaüstü\selenium-ödev\selenium-ödev\trendyol-selenium\polenodev\reports\html-report\index.html
30-10-2021 17:05:20.662 [html-report] [DEBUG] Done generating HTML report using theme from C:\Users\testinium\AppData\Roaming\gauge\plugins\html-report\4.0.12\themes\default
30-10-2021 17:05:20.661 [Gauge] [DEBUG] Sending kill message to Html Report plugin.
30-10-2021 17:05:20.667 [java] [DEBUG] Killing Java runner...
30-10-2021 17:05:20.670 [java] [DEBUG] Stopping execution pool...
30-10-2021 17:05:20.670 [java] [DEBUG] Shutting down grpc server...
30-10-2021 17:05:20.699 [java] [DEBUG] Runner killed gracefully.
30-10-2021 17:05:21.393 [Gauge] [DEBUG] Runner with PID:7824 has exited
30-10-2021 17:05:21.393 [Gauge] [INFO] Specifications:	0 executed	0 passed	0 failed	1 skipped
30-10-2021 17:05:21.393 [Gauge] [INFO] Scenarios:	0 executed	0 passed	0 failed	1 skipped
30-10-2021 17:05:21.394 [Gauge] [INFO] 
Total time taken: 113ms
30-10-2021 17:05:21.396 [Gauge] [INFO] Updates are available. Run `gauge update -c` for more info.
30-10-2021 17:06:13.277 [Gauge] [DEBUG] Created gauge_screenshots_dir at C:\Users\testinium\OneDrive\Masaüstü\selenium-ödev\selenium-ödev\trendyol-selenium\polenodev\.gauge\screenshots
30-10-2021 17:06:13.280 [Gauge] [DEBUG] Plugin java is already installed.
30-10-2021 17:06:13.281 [Gauge] [DEBUG] Plugin html-report is already installed.
30-10-2021 17:06:13.281 [Gauge] [DEBUG] Parsing started.
30-10-2021 17:06:13.281 [Gauge] [DEBUG] Started concepts parsing.
30-10-2021 17:06:13.289 [Gauge] [DEBUG] 6 concepts parsing completed.
30-10-2021 17:06:13.289 [Gauge] [DEBUG] Started specifications parsing.
30-10-2021 17:06:13.289 [Gauge] [DEBUG] 1 specifications parsing completed.
30-10-2021 17:06:13.289 [Gauge] [DEBUG] Parsing completed.
30-10-2021 17:06:13.319 [java] [DEBUG] ***** Printing Properties/Env Values *****
30-10-2021 17:06:13.319 [java] [DEBUG] PATH: C:\Program Files (x86)\Common Files\Oracle\Java\javapath;C:\WINDOWS\system32;C:\WINDOWS;C:\WINDOWS\System32\Wbem;C:\WINDOWS\System32\WindowsPowerShell\v1.0\;C:\WINDOWS\System32\OpenSSH\;C:\Program Files\nodejs\;C:\Program Files\maven\apache-maven-3.6.3\bin;C:\Program Files\Gauge\bin;";%!A(MISSING)NDROID_HOME\platform-tools%!"(MISSING);";%!A(MISSING)NDROID_HOME\tools%!"(MISSING);";%!A(MISSING)NDROID_HOME\build-tools%!"(MISSING);C:\Program Files\Git\cmd;C:\Android\sdk\platform-tools;C:\Android\sdk\build-tools\29.0.2;C:\Program Files (x86)\Micro Focus\Unified Functional Testing\bin;C:\Users\testinium\AppData\Local\Microsoft\WindowsApps;C:\Users\testinium\AppData\Roaming\npm;C:\Users\testinium\AppData\Local\GitHubDesktop\bin;C:\Users\testinium\AppData\Roaming\gauge\plugins\screenshot\0.1.0
30-10-2021 17:06:13.319 [java] [DEBUG] JAVA_HOME: C:\Program Files\Java\jdk1.8.0_281
30-10-2021 17:06:13.319 [java] [DEBUG] gauge_project_root: C:\Users\testinium\OneDrive\Masaüstü\selenium-ödev\selenium-ödev\trendyol-selenium\polenodev
30-10-2021 17:06:13.320 [java] [DEBUG] gauge_parallel_streams_count: 
30-10-2021 17:06:13.320 [java] [DEBUG] gauge_reports_dir: reports
30-10-2021 17:06:13.320 [java] [DEBUG] overwrite_reports: true
30-10-2021 17:06:13.320 [java] [DEBUG] logs_directory: logs
30-10-2021 17:06:13.320 [java] [DEBUG] enable_multithreading: false
30-10-2021 17:06:13.320 [java] [DEBUG] gauge_specs_dir: specs
30-10-2021 17:06:13.320 [java] [DEBUG] csv_delimiter: ,
30-10-2021 17:06:13.320 [java] [DEBUG] gauge_java_home: 
30-10-2021 17:06:13.320 [java] [DEBUG] gauge_custom_build_path: 
30-10-2021 17:06:13.320 [java] [DEBUG] gauge_additional_libs: libs/*
30-10-2021 17:06:13.320 [java] [DEBUG] gauge_jvm_args: 
30-10-2021 17:06:13.320 [java] [DEBUG] gauge_custom_compile_dir: 
30-10-2021 17:06:13.320 [java] [DEBUG] gauge_clear_state_level: scenario
30-10-2021 17:06:13.320 [java] [DEBUG] ***** END *****
30-10-2021 17:06:13.583 [Gauge] [DEBUG] Checking updates...
30-10-2021 17:06:13.588 [Gauge] [DEBUG] Downloading https://downloads.gauge.org/plugin/flash?l=java&p=flash,html-report,java,json-report,screenshot,spectacle,xml-report&o=windows&a=amd64
30-10-2021 17:06:14.723 [Gauge] [DEBUG] Downloading https://downloads.gauge.org/plugin/html-report?l=java&p=flash,html-report,java,json-report,screenshot,spectacle,xml-report&o=windows&a=amd64
30-10-2021 17:06:14.881 [Gauge] [DEBUG] Downloading https://downloads.gauge.org/plugin/java?l=java&p=flash,html-report,java,json-report,screenshot,spectacle,xml-report&o=windows&a=amd64
30-10-2021 17:06:15.010 [Gauge] [DEBUG] Downloading https://downloads.gauge.org/plugin/json-report?l=java&p=flash,html-report,java,json-report,screenshot,spectacle,xml-report&o=windows&a=amd64
30-10-2021 17:06:15.189 [Gauge] [DEBUG] Downloading https://downloads.gauge.org/plugin/screenshot?l=java&p=flash,html-report,java,json-report,screenshot,spectacle,xml-report&o=windows&a=amd64
30-10-2021 17:06:15.377 [Gauge] [DEBUG] Downloading https://downloads.gauge.org/plugin/spectacle?l=java&p=flash,html-report,java,json-report,screenshot,spectacle,xml-report&o=windows&a=amd64
30-10-2021 17:06:15.603 [Gauge] [DEBUG] Downloading https://downloads.gauge.org/plugin/xml-report?l=java&p=flash,html-report,java,json-report,screenshot,spectacle,xml-report&o=windows&a=amd64
30-10-2021 17:06:19.132 [java] [DEBUG] classpath set to C:\Program Files\Java\jdk1.8.0_281\jre\lib\charsets.jar;C:\Program Files\Java\jdk1.8.0_281\jre\lib\deploy.jar;C:\Program Files\Java\jdk1.8.0_281\jre\lib\ext\access-bridge-64.jar;C:\Program Files\Java\jdk1.8.0_281\jre\lib\ext\cldrdata.jar;C:\Program Files\Java\jdk1.8.0_281\jre\lib\ext\dnsns.jar;C:\Program Files\Java\jdk1.8.0_281\jre\lib\ext\jaccess.jar;C:\Program Files\Java\jdk1.8.0_281\jre\lib\ext\jfxrt.jar;C:\Program Files\Java\jdk1.8.0_281\jre\lib\ext\localedata.jar;C:\Program Files\Java\jdk1.8.0_281\jre\lib\ext\nashorn.jar;C:\Program Files\Java\jdk1.8.0_281\jre\lib\ext\sunec.jar;C:\Program Files\Java\jdk1.8.0_281\jre\lib\ext\sunjce_provider.jar;C:\Program Files\Java\jdk1.8.0_281\jre\lib\ext\sunmscapi.jar;C:\Program Files\Java\jdk1.8.0_281\jre\lib\ext\sunpkcs11.jar;C:\Program Files\Java\jdk1.8.0_281\jre\lib\ext\zipfs.jar;C:\Program Files\Java\jdk1.8.0_281\jre\lib\javaws.jar;C:\Program Files\Java\jdk1.8.0_281\jre\lib\jce.jar;C:\Program Files\Java\jdk1.8.0_281\jre\lib\jfr.jar;C:\Program Files\Java\jdk1.8.0_281\jre\lib\jfxswt.jar;C:\Program Files\Java\jdk1.8.0_281\jre\lib\jsse.jar;C:\Program Files\Java\jdk1.8.0_281\jre\lib\management-agent.jar;C:\Program Files\Java\jdk1.8.0_281\jre\lib\plugin.jar;C:\Program Files\Java\jdk1.8.0_281\jre\lib\resources.jar;C:\Program Files\Java\jdk1.8.0_281\jre\lib\rt.jar;C:\Users\testinium\OneDrive\Masaüstü\selenium-ödev\selenium-ödev\trendyol-selenium\polenodev\target\test-classes;C:\Users\testinium\.m2\repository\junit\junit\4.12\junit-4.12.jar;C:\Users\testinium\.m2\repository\org\hamcrest\hamcrest-core\1.3\hamcrest-core-1.3.jar;C:\Users\testinium\.m2\repository\com\thoughtworks\gauge\gauge-java\0.7.15\gauge-java-0.7.15.jar;C:\Users\testinium\.m2\repository\org\assertj\assertj-core\3.19.0\assertj-core-3.19.0.jar;C:\Users\testinium\.m2\repository\org\reflections\reflections\0.9.9\reflections-0.9.9.jar;C:\Users\testinium\.m2\repository\org\javassist\javassist\3.18.2-GA\javassist-3.18.2-GA.jar;C:\Users\testinium\.m2\repository\com\google\code\findbugs\annotations\2.0.1\annotations-2.0.1.jar;C:\Users\testinium\.m2\repository\com\github\javaparser\javaparser-core\3.16.3\javaparser-core-3.16.3.jar;C:\Users\testinium\.m2\repository\commons-io\commons-io\2.8.0\commons-io-2.8.0.jar;C:\Users\testinium\.m2\repository\commons-lang\commons-lang\2.6\commons-lang-2.6.jar;C:\Users\testinium\.m2\repository\org\json\json\20210307\json-20210307.jar;C:\Users\testinium\.m2\repository\com\google\protobuf\protobuf-java\3.15.8\protobuf-java-3.15.8.jar;C:\Users\testinium\.m2\repository\com\google\guava\guava\30.1.1-jre\guava-30.1.1-jre.jar;C:\Users\testinium\.m2\repository\com\google\guava\failureaccess\1.0.1\failureaccess-1.0.1.jar;C:\Users\testinium\.m2\repository\com\google\guava\listenablefuture\9999.0-empty-to-avoid-conflict-with-guava\listenablefuture-9999.0-empty-to-avoid-conflict-with-guava.jar;C:\Users\testinium\.m2\repository\com\google\code\findbugs\jsr305\3.0.2\jsr305-3.0.2.jar;C:\Users\testinium\.m2\repository\org\checkerframework\checker-qual\3.8.0\checker-qual-3.8.0.jar;C:\Users\testinium\.m2\repository\com\google\errorprone\error_prone_annotations\2.5.1\error_prone_annotations-2.5.1.jar;C:\Users\testinium\.m2\repository\com\google\j2objc\j2objc-annotations\1.3\j2objc-annotations-1.3.jar;C:\Users\testinium\.m2\repository\io\grpc\grpc-netty-shaded\1.37.0\grpc-netty-shaded-1.37.0.jar;C:\Users\testinium\.m2\repository\io\grpc\grpc-core\1.37.0\grpc-core-1.37.0.jar;C:\Users\testinium\.m2\repository\com\google\android\annotations\4.1.1.4\annotations-4.1.1.4.jar;C:\Users\testinium\.m2\repository\io\perfmark\perfmark-api\0.23.0\perfmark-api-0.23.0.jar;C:\Users\testinium\.m2\repository\io\grpc\grpc-protobuf\1.37.0\grpc-protobuf-1.37.0.jar;C:\Users\testinium\.m2\repository\io\grpc\grpc-api\1.37.0\grpc-api-1.37.0.jar;C:\Users\testinium\.m2\repository\io\grpc\grpc-context\1.37.0\grpc-context-1.37.0.jar;C:\Users\testinium\.m2\repository\com\google\api\grpc\proto-google-common-protos\2.0.1\proto-google-common-protos-2.0.1.jar;C:\Users\testinium\.m2\repository\io\grpc\grpc-protobuf-lite\1.37.0\grpc-protobuf-lite-1.37.0.jar;C:\Users\testinium\.m2\repository\org\codehaus\mojo\animal-sniffer-annotations\1.19\animal-sniffer-annotations-1.19.jar;C:\Users\testinium\.m2\repository\io\grpc\grpc-stub\1.37.0\grpc-stub-1.37.0.jar;C:\Users\testinium\.m2\repository\javax\annotation\javax.annotation-api\1.3.2\javax.annotation-api-1.3.2.jar;C:\Users\testinium\.m2\repository\io\appium\java-client\7.3.0\java-client-7.3.0.jar;C:\Users\testinium\.m2\repository\org\seleniumhq\selenium\selenium-java\3.141.59\selenium-java-3.141.59.jar;C:\Users\testinium\.m2\repository\org\seleniumhq\selenium\selenium-chrome-driver\3.141.59\selenium-chrome-driver-3.141.59.jar;C:\Users\testinium\.m2\repository\org\seleniumhq\selenium\selenium-edge-driver\3.141.59\selenium-edge-driver-3.141.59.jar;C:\Users\testinium\.m2\repository\org\seleniumhq\selenium\selenium-firefox-driver\3.141.59\selenium-firefox-driver-3.141.59.jar;C:\Users\testinium\.m2\repository\org\seleniumhq\selenium\selenium-ie-driver\3.141.59\selenium-ie-driver-3.141.59.jar;C:\Users\testinium\.m2\repository\org\seleniumhq\selenium\selenium-opera-driver\3.141.59\selenium-opera-driver-3.141.59.jar;C:\Users\testinium\.m2\repository\org\seleniumhq\selenium\selenium-remote-driver\3.141.59\selenium-remote-driver-3.141.59.jar;C:\Users\testinium\.m2\repository\org\seleniumhq\selenium\selenium-safari-driver\3.141.59\selenium-safari-driver-3.141.59.jar;C:\Users\testinium\.m2\repository\net\bytebuddy\byte-buddy\1.8.15\byte-buddy-1.8.15.jar;C:\Users\testinium\.m2\repository\org\apache\commons\commons-exec\1.3\commons-exec-1.3.jar;C:\Users\testinium\.m2\repository\com\squareup\okhttp3\okhttp\3.11.0\okhttp-3.11.0.jar;C:\Users\testinium\.m2\repository\com\squareup\okio\okio\1.14.0\okio-1.14.0.jar;C:\Users\testinium\.m2\repository\org\seleniumhq\selenium\selenium-support\3.141.59\selenium-support-3.141.59.jar;C:\Users\testinium\.m2\repository\org\seleniumhq\selenium\selenium-api\3.141.59\selenium-api-3.141.59.jar;C:\Users\testinium\.m2\repository\com\google\code\gson\gson\2.8.5\gson-2.8.5.jar;C:\Users\testinium\.m2\repository\org\apache\httpcomponents\httpclient\4.5.9\httpclient-4.5.9.jar;C:\Users\testinium\.m2\repository\org\apache\httpcomponents\httpcore\4.4.11\httpcore-4.4.11.jar;C:\Users\testinium\.m2\repository\commons-logging\commons-logging\1.2\commons-logging-1.2.jar;C:\Users\testinium\.m2\repository\commons-codec\commons-codec\1.11\commons-codec-1.11.jar;C:\Users\testinium\.m2\repository\cglib\cglib\3.2.12\cglib-3.2.12.jar;C:\Users\testinium\.m2\repository\org\ow2\asm\asm\7.1\asm-7.1.jar;C:\Users\testinium\.m2\repository\commons-validator\commons-validator\1.6\commons-validator-1.6.jar;C:\Users\testinium\.m2\repository\commons-beanutils\commons-beanutils\1.9.2\commons-beanutils-1.9.2.jar;C:\Users\testinium\.m2\repository\commons-digester\commons-digester\1.8.1\commons-digester-1.8.1.jar;C:\Users\testinium\.m2\repository\commons-collections\commons-collections\3.2.2\commons-collections-3.2.2.jar;C:\Users\testinium\.m2\repository\org\apache\commons\commons-lang3\3.9\commons-lang3-3.9.jar;C:\Users\testinium\.m2\repository\org\springframework\spring-context\5.1.8.RELEASE\spring-context-5.1.8.RELEASE.jar;C:\Users\testinium\.m2\repository\org\springframework\spring-aop\5.1.8.RELEASE\spring-aop-5.1.8.RELEASE.jar;C:\Users\testinium\.m2\repository\org\springframework\spring-beans\5.1.8.RELEASE\spring-beans-5.1.8.RELEASE.jar;C:\Users\testinium\.m2\repository\org\springframework\spring-core\5.1.8.RELEASE\spring-core-5.1.8.RELEASE.jar;C:\Users\testinium\.m2\repository\org\springframework\spring-jcl\5.1.8.RELEASE\spring-jcl-5.1.8.RELEASE.jar;C:\Users\testinium\.m2\repository\org\springframework\spring-expression\5.1.8.RELEASE\spring-expression-5.1.8.RELEASE.jar;C:\Users\testinium\.m2\repository\org\aspectj\aspectjweaver\1.9.4\aspectjweaver-1.9.4.jar;C:\Users\testinium\.m2\repository\org\slf4j\slf4j-api\1.7.30\slf4j-api-1.7.30.jar;C:\Users\testinium\.m2\repository\org\slf4j\slf4j-log4j12\1.7.30\slf4j-log4j12-1.7.30.jar;C:\Users\testinium\.m2\repository\log4j\log4j\1.2.17\log4j-1.2.17.jar;C:\Users\testinium\.m2\repository\org\junit\jupiter\junit-jupiter\5.8.1\junit-jupiter-5.8.1.jar;C:\Users\testinium\.m2\repository\org\junit\jupiter\junit-jupiter-api\5.8.1\junit-jupiter-api-5.8.1.jar;C:\Users\testinium\.m2\repository\org\opentest4j\opentest4j\1.2.0\opentest4j-1.2.0.jar;C:\Users\testinium\.m2\repository\org\junit\platform\junit-platform-commons\1.8.1\junit-platform-commons-1.8.1.jar;C:\Users\testinium\.m2\repository\org\apiguardian\apiguardian-api\1.1.2\apiguardian-api-1.1.2.jar;C:\Users\testinium\.m2\repository\org\junit\jupiter\junit-jupiter-params\5.8.1\junit-jupiter-params-5.8.1.jar;C:\Users\testinium\.m2\repository\org\junit\jupiter\junit-jupiter-engine\5.8.1\junit-jupiter-engine-5.8.1.jar;C:\Users\testinium\.m2\repository\org\junit\platform\junit-platform-engine\1.8.1\junit-platform-engine-1.8.1.jar
30-10-2021 17:06:19.249 [java] [DEBUG] found java executable in C:\Program Files\Java\jdk1.8.0_281\jre\bin\java.exe
30-10-2021 17:06:19.249 [java] [DEBUG] running - C:\Program Files\Java\jdk1.8.0_281\jre\bin\java.exe [-Dfile.encoding=UTF-8 com.thoughtworks.gauge.GaugeRuntime --start]
30-10-2021 17:06:19.250 [java] [DEBUG] stdout/stderr is logged to logs\1152-java.exe.out
30-10-2021 17:06:19.500 [java] [DEBUG] multithreading is set to false
30-10-2021 17:06:19.864 [java] [DEBUG] Using reflection to scan dependencies for gauge implementations...
30-10-2021 17:06:20.481 [java] [DEBUG] gauge-java took 982milliseconds to load and scan. This should be less than 'runner_connection_timeout' config value.
30-10-2021 17:06:20.481 [java] [DEBUG] run 'gauge config runner_connection_timeout' and verify that it is < 982
30-10-2021 17:06:20.481 [java] [DEBUG] starting gRPC server...
30-10-2021 17:06:20.984 [java] [DEBUG] started gRPC server on port 58809
30-10-2021 17:06:20.984 [Gauge] [DEBUG] Attempting to connect to grpc server at port: 58809
30-10-2021 17:06:21.313 [Gauge] [DEBUG] Successfully made the connection with runner with port: 58809
30-10-2021 17:06:21.313 [Gauge] [DEBUG] Validation started.
30-10-2021 17:06:26.865 [java] [DEBUG] Scanning packages for steps
30-10-2021 17:06:26.951 [java] [DEBUG] Comparing 'org.example.pages.LoginPage.checkLogin' and 'org.example.pages.LoginPage.checkLogin'
30-10-2021 17:06:26.951 [java] [DEBUG] Found Login page doğrulama in current project scope.
30-10-2021 17:06:26.952 [java] [DEBUG] Comparing 'org.example.StepImplementation.clickElementByid' and 'org.example.StepImplementation.clickElementByid'
30-10-2021 17:06:26.952 [java] [DEBUG] Found {} İd'li elemente tıkla in current project scope.
30-10-2021 17:06:26.952 [java] [DEBUG] Comparing 'org.example.StepImplementation.clickElementByxpath' and 'org.example.StepImplementation.clickElementByxpath'
30-10-2021 17:06:26.952 [java] [DEBUG] Found {} xpath'li elemente tıkla in current project scope.
30-10-2021 17:06:26.952 [java] [DEBUG] Comparing 'org.example.StepImplementation.ScrollRandomPos' and 'org.example.StepImplementation.ScrollRandomPos'
30-10-2021 17:06:26.952 [java] [DEBUG] Found sayfa boyunca scroll et in current project scope.
30-10-2021 17:06:26.953 [java] [DEBUG] Comparing 'org.example.StepImplementation.waitSeconds' and 'org.example.StepImplementation.waitSeconds'
30-10-2021 17:06:26.953 [java] [DEBUG] Found {} saniye bekle in current project scope.
30-10-2021 17:06:26.953 [java] [DEBUG] Comparing 'org.example.StepImplementation.SendkeyElementByid' and 'org.example.StepImplementation.SendkeyElementByid'
30-10-2021 17:06:26.953 [java] [DEBUG] Found {} İd'li elemente {} değerini yaz in current project scope.
30-10-2021 17:06:26.953 [java] [DEBUG] Comparing 'org.example.StepImplementation.findAllProducts' and 'org.example.StepImplementation.findAllProducts'
30-10-2021 17:06:26.953 [java] [DEBUG] Found {} xpath'te bulunan sayfada görünen tüm ürünleri bul ve rastgele bir ürüne tıkla in current project scope.
30-10-2021 17:06:26.953 [java] [DEBUG] Comparing 'org.example.pages.WelcomePage.open' and 'org.example.pages.WelcomePage.open'
30-10-2021 17:06:26.954 [java] [DEBUG] Found Açılış Sayfası Kontrol in current project scope.
30-10-2021 17:06:26.954 [java] [DEBUG] Comparing 'org.example.StepImplementation.addToBasket' and 'org.example.StepImplementation.addToBasket'
30-10-2021 17:06:26.954 [java] [DEBUG] Found Sepete ekle in current project scope.
30-10-2021 17:06:26.954 [java] [DEBUG] Comparing 'org.example.pages.ProductPage.checkProductDetail' and 'org.example.pages.ProductPage.checkProductDetail'
30-10-2021 17:06:26.954 [java] [DEBUG] Found Product detail sayfası doğrulama in current project scope.
30-10-2021 17:06:26.954 [java] [DEBUG] Comparing 'org.example.pages.CategoryPage.checkCategoryPage' and 'org.example.pages.CategoryPage.checkCategoryPage'
30-10-2021 17:06:26.954 [java] [DEBUG] Found Kategori Sayfası Kontrol in current project scope.
30-10-2021 17:06:26.956 [java] [DEBUG] Comparing 'org.example.pages.ShoppingPage.checkShopping' and 'org.example.pages.ShoppingPage.checkShopping'
30-10-2021 17:06:26.956 [java] [DEBUG] Found Alışveriş Sayfası Doğrula in current project scope.
30-10-2021 17:06:26.956 [java] [DEBUG] Scanning packages for hooks
30-10-2021 17:06:26.967 [java] [DEBUG] Scanned steps (using static parsing + reflections): 
30-10-2021 17:06:26.967 [java] [DEBUG] 	Sepete ekle : public void addToBasket()
30-10-2021 17:06:26.967 [java] [DEBUG] 	{} xpath'li elemente tıkla : public void clickElementByxpath(String Key)
30-10-2021 17:06:26.967 [java] [DEBUG] 	Kategori Sayfası Kontrol : public void checkCategoryPage()
30-10-2021 17:06:26.967 [java] [DEBUG] 	Alışveriş Sayfası Doğrula : public void checkShopping()
30-10-2021 17:06:26.967 [java] [DEBUG] 	Açılış Sayfası Kontrol : public void open()
30-10-2021 17:06:26.967 [java] [DEBUG] 	{} İd'li elemente {} değerini yaz : public void SendkeyElementByid(String Key, String keyword)
30-10-2021 17:06:26.967 [java] [DEBUG] 	Product detail sayfası doğrulama : public void checkProductDetail()
30-10-2021 17:06:26.968 [java] [DEBUG] 	sayfa boyunca scroll et : public void ScrollRandomPos()
30-10-2021 17:06:26.968 [java] [DEBUG] 	{} saniye bekle : public void waitSeconds(ınt seconds)
30-10-2021 17:06:26.968 [java] [DEBUG] 	{} xpath'te bulunan sayfada görünen tüm ürünleri bul ve rastgele bir ürüne tıkla : public void findAllProducts(String Key)
30-10-2021 17:06:26.968 [java] [DEBUG] 	Login page doğrulama : public void checkLogin()
30-10-2021 17:06:26.968 [java] [DEBUG] 	{} İd'li elemente tıkla : public void clickElementByid(String Key)
30-10-2021 17:06:30.249 [Gauge] [DEBUG] Validation completed.
30-10-2021 17:06:30.250 [Gauge] [DEBUG] Run started
30-10-2021 17:06:30.251 [Gauge] [DEBUG] Starting Html Report plugin
30-10-2021 17:06:30.274 [Gauge] [DEBUG] Attempting to connect to grpc server at port: 57929
30-10-2021 17:06:30.275 [Gauge] [DEBUG] Successfully made the connection with plugin with port: 57929
30-10-2021 17:06:30.275 [Gauge] [DEBUG] Initialising suite data store.
30-10-2021 17:06:40.486 [java] [DEBUG] Executing '{} saniye bekle' using 'class org.example.StepImplementation.waitSeconds
30-10-2021 17:06:42.516 [java] [DEBUG] Executing 'Açılış Sayfası Kontrol' using 'class org.example.pages.WelcomePage.open
30-10-2021 17:06:42.976 [java] [DEBUG] Executing '{} İd'li elemente tıkla' using 'class org.example.StepImplementation.clickElementByid
30-10-2021 17:06:43.338 [java] [DEBUG] Executing '{} saniye bekle' using 'class org.example.StepImplementation.waitSeconds
30-10-2021 17:06:44.367 [java] [DEBUG] Executing 'Alışveriş Sayfası Doğrula' using 'class org.example.pages.ShoppingPage.checkShopping
30-10-2021 17:06:45.605 [java] [DEBUG] Executing '{} İd'li elemente tıkla' using 'class org.example.StepImplementation.clickElementByid
30-10-2021 17:06:45.971 [java] [DEBUG] Executing '{} saniye bekle' using 'class org.example.StepImplementation.waitSeconds
30-10-2021 17:06:47.000 [java] [DEBUG] Executing 'Kategori Sayfası Kontrol' using 'class org.example.pages.CategoryPage.checkCategoryPage
30-10-2021 17:06:48.102 [java] [DEBUG] Executing '{} xpath'li elemente tıkla' using 'class org.example.StepImplementation.clickElementByxpath
30-10-2021 17:06:49.039 [java] [DEBUG] Executing '{} saniye bekle' using 'class org.example.StepImplementation.waitSeconds
30-10-2021 17:06:50.064 [java] [DEBUG] Executing '{} xpath'li elemente tıkla' using 'class org.example.StepImplementation.clickElementByxpath
30-10-2021 17:06:50.858 [java] [DEBUG] Executing '{} saniye bekle' using 'class org.example.StepImplementation.waitSeconds
30-10-2021 17:06:51.876 [java] [DEBUG] Executing 'sayfa boyunca scroll et' using 'class org.example.StepImplementation.ScrollRandomPos
30-10-2021 17:06:53.342 [java] [DEBUG] Executing '{} saniye bekle' using 'class org.example.StepImplementation.waitSeconds
30-10-2021 17:06:54.355 [java] [DEBUG] Executing 'sayfa boyunca scroll et' using 'class org.example.StepImplementation.ScrollRandomPos
30-10-2021 17:06:55.706 [java] [DEBUG] Executing '{} saniye bekle' using 'class org.example.StepImplementation.waitSeconds
30-10-2021 17:06:56.719 [java] [DEBUG] Executing '{} xpath'te bulunan sayfada görünen tüm ürünleri bul ve rastgele bir ürüne tıkla' using 'class org.example.StepImplementation.findAllProducts
30-10-2021 17:06:56.900 [java] [DEBUG] Executing '{} saniye bekle' using 'class org.example.StepImplementation.waitSeconds
30-10-2021 17:06:57.917 [java] [DEBUG] Executing 'Product detail sayfası doğrulama' using 'class org.example.pages.ProductPage.checkProductDetail
30-10-2021 17:06:59.065 [java] [DEBUG] Executing '{} İd'li elemente tıkla' using 'class org.example.StepImplementation.clickElementByid
30-10-2021 17:06:59.389 [java] [DEBUG] Executing 'Login page doğrulama' using 'class org.example.pages.LoginPage.checkLogin
30-10-2021 17:07:00.239 [java] [DEBUG] Executing '{} saniye bekle' using 'class org.example.StepImplementation.waitSeconds
30-10-2021 17:07:01.250 [java] [DEBUG] Executing '{} İd'li elemente {} değerini yaz' using 'class org.example.StepImplementation.SendkeyElementByid
30-10-2021 17:07:01.887 [java] [DEBUG] Executing '{} saniye bekle' using 'class org.example.StepImplementation.waitSeconds
30-10-2021 17:07:02.897 [java] [DEBUG] Executing '{} İd'li elemente {} değerini yaz' using 'class org.example.StepImplementation.SendkeyElementByid
30-10-2021 17:07:03.683 [java] [DEBUG] Executing '{} saniye bekle' using 'class org.example.StepImplementation.waitSeconds
30-10-2021 17:07:04.697 [java] [DEBUG] Executing '{} İd'li elemente tıkla' using 'class org.example.StepImplementation.clickElementByid
30-10-2021 17:07:04.973 [java] [DEBUG] Executing '{} saniye bekle' using 'class org.example.StepImplementation.waitSeconds
30-10-2021 17:07:05.989 [java] [DEBUG] Executing '{} İd'li elemente tıkla' using 'class org.example.StepImplementation.clickElementByid
30-10-2021 17:07:06.255 [java] [DEBUG] Executing '{} saniye bekle' using 'class org.example.StepImplementation.waitSeconds
30-10-2021 17:07:07.270 [java] [DEBUG] Executing '{} xpath'te bulunan sayfada görünen tüm ürünleri bul ve rastgele bir ürüne tıkla' using 'class org.example.StepImplementation.findAllProducts
30-10-2021 17:07:07.464 [java] [DEBUG] Executing '{} saniye bekle' using 'class org.example.StepImplementation.waitSeconds
30-10-2021 17:07:08.482 [java] [DEBUG] Executing 'Sepete ekle' using 'class org.example.StepImplementation.addToBasket
30-10-2021 17:07:25.292 [html-report] [DEBUG] Transformed SuiteResult to report structure
30-10-2021 17:07:25.411 [html-report] [INFO] Successfully generated html-report to => C:\Users\testinium\OneDrive\Masaüstü\selenium-ödev\selenium-ödev\trendyol-selenium\polenodev\reports\html-report\index.html
30-10-2021 17:07:25.412 [html-report] [DEBUG] Done generating HTML report using theme from C:\Users\testinium\AppData\Roaming\gauge\plugins\html-report\4.0.12\themes\default
30-10-2021 17:07:25.412 [Gauge] [DEBUG] Sending kill message to Html Report plugin.
30-10-2021 17:07:25.416 [java] [DEBUG] Killing Java runner...
30-10-2021 17:07:25.417 [java] [DEBUG] Stopping execution pool...
30-10-2021 17:07:25.417 [java] [DEBUG] Shutting down grpc server...
30-10-2021 17:07:25.442 [java] [DEBUG] Runner killed gracefully.
30-10-2021 17:07:26.353 [Gauge] [DEBUG] Runner with PID:1152 has exited
30-10-2021 17:07:26.353 [Gauge] [INFO] Specifications:	1 executed	0 passed	1 failed	0 skipped
30-10-2021 17:07:26.353 [Gauge] [INFO] Scenarios:	1 executed	0 passed	1 failed	0 skipped
30-10-2021 17:07:26.353 [Gauge] [INFO] 
Total time taken: 55.037s
30-10-2021 17:07:26.354 [Gauge] [INFO] Updates are available. Run `gauge update -c` for more info.
30-10-2021 17:10:01.903 [Gauge] [DEBUG] Created gauge_screenshots_dir at C:\Users\testinium\OneDrive\Masaüstü\selenium-ödev\selenium-ödev\trendyol-selenium\polenodev\.gauge\screenshots
30-10-2021 17:10:01.905 [Gauge] [DEBUG] Plugin java is already installed.
30-10-2021 17:10:01.905 [Gauge] [DEBUG] Plugin html-report is already installed.
30-10-2021 17:10:01.906 [Gauge] [DEBUG] Parsing started.
30-10-2021 17:10:01.906 [Gauge] [DEBUG] Started concepts parsing.
30-10-2021 17:10:01.918 [Gauge] [DEBUG] 6 concepts parsing completed.
30-10-2021 17:10:01.918 [Gauge] [DEBUG] Started specifications parsing.
30-10-2021 17:10:01.918 [Gauge] [DEBUG] 1 specifications parsing completed.
30-10-2021 17:10:01.918 [Gauge] [DEBUG] Parsing completed.
30-10-2021 17:10:01.946 [java] [DEBUG] ***** Printing Properties/Env Values *****
30-10-2021 17:10:01.946 [java] [DEBUG] PATH: C:\Program Files (x86)\Common Files\Oracle\Java\javapath;C:\WINDOWS\system32;C:\WINDOWS;C:\WINDOWS\System32\Wbem;C:\WINDOWS\System32\WindowsPowerShell\v1.0\;C:\WINDOWS\System32\OpenSSH\;C:\Program Files\nodejs\;C:\Program Files\maven\apache-maven-3.6.3\bin;C:\Program Files\Gauge\bin;";%!A(MISSING)NDROID_HOME\platform-tools%!"(MISSING);";%!A(MISSING)NDROID_HOME\tools%!"(MISSING);";%!A(MISSING)NDROID_HOME\build-tools%!"(MISSING);C:\Program Files\Git\cmd;C:\Android\sdk\platform-tools;C:\Android\sdk\build-tools\29.0.2;C:\Program Files (x86)\Micro Focus\Unified Functional Testing\bin;C:\Users\testinium\AppData\Local\Microsoft\WindowsApps;C:\Users\testinium\AppData\Roaming\npm;C:\Users\testinium\AppData\Local\GitHubDesktop\bin;C:\Users\testinium\AppData\Roaming\gauge\plugins\screenshot\0.1.0
30-10-2021 17:10:01.946 [java] [DEBUG] JAVA_HOME: C:\Program Files\Java\jdk1.8.0_281
30-10-2021 17:10:01.946 [java] [DEBUG] gauge_project_root: C:\Users\testinium\OneDrive\Masaüstü\selenium-ödev\selenium-ödev\trendyol-selenium\polenodev
30-10-2021 17:10:01.946 [java] [DEBUG] gauge_parallel_streams_count: 
30-10-2021 17:10:01.946 [java] [DEBUG] gauge_reports_dir: reports
30-10-2021 17:10:01.946 [java] [DEBUG] overwrite_reports: true
30-10-2021 17:10:01.946 [java] [DEBUG] logs_directory: logs
30-10-2021 17:10:01.946 [java] [DEBUG] enable_multithreading: false
30-10-2021 17:10:01.946 [java] [DEBUG] gauge_specs_dir: specs
30-10-2021 17:10:01.946 [java] [DEBUG] csv_delimiter: ,
30-10-2021 17:10:01.946 [java] [DEBUG] gauge_java_home: 
30-10-2021 17:10:01.946 [java] [DEBUG] gauge_custom_build_path: 
30-10-2021 17:10:01.946 [java] [DEBUG] gauge_additional_libs: libs/*
30-10-2021 17:10:01.946 [java] [DEBUG] gauge_jvm_args: 
30-10-2021 17:10:01.946 [java] [DEBUG] gauge_custom_compile_dir: 
30-10-2021 17:10:01.946 [java] [DEBUG] gauge_clear_state_level: scenario
30-10-2021 17:10:01.946 [java] [DEBUG] ***** END *****
30-10-2021 17:10:02.178 [Gauge] [DEBUG] Checking updates...
30-10-2021 17:10:02.179 [Gauge] [DEBUG] Downloading https://downloads.gauge.org/plugin/flash?l=java&p=flash,html-report,java,json-report,screenshot,spectacle,xml-report&o=windows&a=amd64
30-10-2021 17:10:02.514 [Gauge] [DEBUG] Downloading https://downloads.gauge.org/plugin/html-report?l=java&p=flash,html-report,java,json-report,screenshot,spectacle,xml-report&o=windows&a=amd64
30-10-2021 17:10:02.682 [Gauge] [DEBUG] Downloading https://downloads.gauge.org/plugin/java?l=java&p=flash,html-report,java,json-report,screenshot,spectacle,xml-report&o=windows&a=amd64
30-10-2021 17:10:02.864 [Gauge] [DEBUG] Downloading https://downloads.gauge.org/plugin/json-report?l=java&p=flash,html-report,java,json-report,screenshot,spectacle,xml-report&o=windows&a=amd64
30-10-2021 17:10:03.152 [Gauge] [DEBUG] Downloading https://downloads.gauge.org/plugin/screenshot?l=java&p=flash,html-report,java,json-report,screenshot,spectacle,xml-report&o=windows&a=amd64
30-10-2021 17:10:03.329 [Gauge] [DEBUG] Downloading https://downloads.gauge.org/plugin/spectacle?l=java&p=flash,html-report,java,json-report,screenshot,spectacle,xml-report&o=windows&a=amd64
30-10-2021 17:10:03.568 [Gauge] [DEBUG] Downloading https://downloads.gauge.org/plugin/xml-report?l=java&p=flash,html-report,java,json-report,screenshot,spectacle,xml-report&o=windows&a=amd64
30-10-2021 17:10:08.273 [java] [DEBUG] classpath set to C:\Program Files\Java\jdk1.8.0_281\jre\lib\charsets.jar;C:\Program Files\Java\jdk1.8.0_281\jre\lib\deploy.jar;C:\Program Files\Java\jdk1.8.0_281\jre\lib\ext\access-bridge-64.jar;C:\Program Files\Java\jdk1.8.0_281\jre\lib\ext\cldrdata.jar;C:\Program Files\Java\jdk1.8.0_281\jre\lib\ext\dnsns.jar;C:\Program Files\Java\jdk1.8.0_281\jre\lib\ext\jaccess.jar;C:\Program Files\Java\jdk1.8.0_281\jre\lib\ext\jfxrt.jar;C:\Program Files\Java\jdk1.8.0_281\jre\lib\ext\localedata.jar;C:\Program Files\Java\jdk1.8.0_281\jre\lib\ext\nashorn.jar;C:\Program Files\Java\jdk1.8.0_281\jre\lib\ext\sunec.jar;C:\Program Files\Java\jdk1.8.0_281\jre\lib\ext\sunjce_provider.jar;C:\Program Files\Java\jdk1.8.0_281\jre\lib\ext\sunmscapi.jar;C:\Program Files\Java\jdk1.8.0_281\jre\lib\ext\sunpkcs11.jar;C:\Program Files\Java\jdk1.8.0_281\jre\lib\ext\zipfs.jar;C:\Program Files\Java\jdk1.8.0_281\jre\lib\javaws.jar;C:\Program Files\Java\jdk1.8.0_281\jre\lib\jce.jar;C:\Program Files\Java\jdk1.8.0_281\jre\lib\jfr.jar;C:\Program Files\Java\jdk1.8.0_281\jre\lib\jfxswt.jar;C:\Program Files\Java\jdk1.8.0_281\jre\lib\jsse.jar;C:\Program Files\Java\jdk1.8.0_281\jre\lib\management-agent.jar;C:\Program Files\Java\jdk1.8.0_281\jre\lib\plugin.jar;C:\Program Files\Java\jdk1.8.0_281\jre\lib\resources.jar;C:\Program Files\Java\jdk1.8.0_281\jre\lib\rt.jar;C:\Users\testinium\OneDrive\Masaüstü\selenium-ödev\selenium-ödev\trendyol-selenium\polenodev\target\test-classes;C:\Users\testinium\.m2\repository\junit\junit\4.12\junit-4.12.jar;C:\Users\testinium\.m2\repository\org\hamcrest\hamcrest-core\1.3\hamcrest-core-1.3.jar;C:\Users\testinium\.m2\repository\com\thoughtworks\gauge\gauge-java\0.7.15\gauge-java-0.7.15.jar;C:\Users\testinium\.m2\repository\org\assertj\assertj-core\3.19.0\assertj-core-3.19.0.jar;C:\Users\testinium\.m2\repository\org\reflections\reflections\0.9.9\reflections-0.9.9.jar;C:\Users\testinium\.m2\repository\org\javassist\javassist\3.18.2-GA\javassist-3.18.2-GA.jar;C:\Users\testinium\.m2\repository\com\google\code\findbugs\annotations\2.0.1\annotations-2.0.1.jar;C:\Users\testinium\.m2\repository\com\github\javaparser\javaparser-core\3.16.3\javaparser-core-3.16.3.jar;C:\Users\testinium\.m2\repository\commons-io\commons-io\2.8.0\commons-io-2.8.0.jar;C:\Users\testinium\.m2\repository\commons-lang\commons-lang\2.6\commons-lang-2.6.jar;C:\Users\testinium\.m2\repository\org\json\json\20210307\json-20210307.jar;C:\Users\testinium\.m2\repository\com\google\protobuf\protobuf-java\3.15.8\protobuf-java-3.15.8.jar;C:\Users\testinium\.m2\repository\com\google\guava\guava\30.1.1-jre\guava-30.1.1-jre.jar;C:\Users\testinium\.m2\repository\com\google\guava\failureaccess\1.0.1\failureaccess-1.0.1.jar;C:\Users\testinium\.m2\repository\com\google\guava\listenablefuture\9999.0-empty-to-avoid-conflict-with-guava\listenablefuture-9999.0-empty-to-avoid-conflict-with-guava.jar;C:\Users\testinium\.m2\repository\com\google\code\findbugs\jsr305\3.0.2\jsr305-3.0.2.jar;C:\Users\testinium\.m2\repository\org\checkerframework\checker-qual\3.8.0\checker-qual-3.8.0.jar;C:\Users\testinium\.m2\repository\com\google\errorprone\error_prone_annotations\2.5.1\error_prone_annotations-2.5.1.jar;C:\Users\testinium\.m2\repository\com\google\j2objc\j2objc-annotations\1.3\j2objc-annotations-1.3.jar;C:\Users\testinium\.m2\repository\io\grpc\grpc-netty-shaded\1.37.0\grpc-netty-shaded-1.37.0.jar;C:\Users\testinium\.m2\repository\io\grpc\grpc-core\1.37.0\grpc-core-1.37.0.jar;C:\Users\testinium\.m2\repository\com\google\android\annotations\4.1.1.4\annotations-4.1.1.4.jar;C:\Users\testinium\.m2\repository\io\perfmark\perfmark-api\0.23.0\perfmark-api-0.23.0.jar;C:\Users\testinium\.m2\repository\io\grpc\grpc-protobuf\1.37.0\grpc-protobuf-1.37.0.jar;C:\Users\testinium\.m2\repository\io\grpc\grpc-api\1.37.0\grpc-api-1.37.0.jar;C:\Users\testinium\.m2\repository\io\grpc\grpc-context\1.37.0\grpc-context-1.37.0.jar;C:\Users\testinium\.m2\repository\com\google\api\grpc\proto-google-common-protos\2.0.1\proto-google-common-protos-2.0.1.jar;C:\Users\testinium\.m2\repository\io\grpc\grpc-protobuf-lite\1.37.0\grpc-protobuf-lite-1.37.0.jar;C:\Users\testinium\.m2\repository\org\codehaus\mojo\animal-sniffer-annotations\1.19\animal-sniffer-annotations-1.19.jar;C:\Users\testinium\.m2\repository\io\grpc\grpc-stub\1.37.0\grpc-stub-1.37.0.jar;C:\Users\testinium\.m2\repository\javax\annotation\javax.annotation-api\1.3.2\javax.annotation-api-1.3.2.jar;C:\Users\testinium\.m2\repository\io\appium\java-client\7.3.0\java-client-7.3.0.jar;C:\Users\testinium\.m2\repository\org\seleniumhq\selenium\selenium-java\3.141.59\selenium-java-3.141.59.jar;C:\Users\testinium\.m2\repository\org\seleniumhq\selenium\selenium-chrome-driver\3.141.59\selenium-chrome-driver-3.141.59.jar;C:\Users\testinium\.m2\repository\org\seleniumhq\selenium\selenium-edge-driver\3.141.59\selenium-edge-driver-3.141.59.jar;C:\Users\testinium\.m2\repository\org\seleniumhq\selenium\selenium-firefox-driver\3.141.59\selenium-firefox-driver-3.141.59.jar;C:\Users\testinium\.m2\repository\org\seleniumhq\selenium\selenium-ie-driver\3.141.59\selenium-ie-driver-3.141.59.jar;C:\Users\testinium\.m2\repository\org\seleniumhq\selenium\selenium-opera-driver\3.141.59\selenium-opera-driver-3.141.59.jar;C:\Users\testinium\.m2\repository\org\seleniumhq\selenium\selenium-remote-driver\3.141.59\selenium-remote-driver-3.141.59.jar;C:\Users\testinium\.m2\repository\org\seleniumhq\selenium\selenium-safari-driver\3.141.59\selenium-safari-driver-3.141.59.jar;C:\Users\testinium\.m2\repository\net\bytebuddy\byte-buddy\1.8.15\byte-buddy-1.8.15.jar;C:\Users\testinium\.m2\repository\org\apache\commons\commons-exec\1.3\commons-exec-1.3.jar;C:\Users\testinium\.m2\repository\com\squareup\okhttp3\okhttp\3.11.0\okhttp-3.11.0.jar;C:\Users\testinium\.m2\repository\com\squareup\okio\okio\1.14.0\okio-1.14.0.jar;C:\Users\testinium\.m2\repository\org\seleniumhq\selenium\selenium-support\3.141.59\selenium-support-3.141.59.jar;C:\Users\testinium\.m2\repository\org\seleniumhq\selenium\selenium-api\3.141.59\selenium-api-3.141.59.jar;C:\Users\testinium\.m2\repository\com\google\code\gson\gson\2.8.5\gson-2.8.5.jar;C:\Users\testinium\.m2\repository\org\apache\httpcomponents\httpclient\4.5.9\httpclient-4.5.9.jar;C:\Users\testinium\.m2\repository\org\apache\httpcomponents\httpcore\4.4.11\httpcore-4.4.11.jar;C:\Users\testinium\.m2\repository\commons-logging\commons-logging\1.2\commons-logging-1.2.jar;C:\Users\testinium\.m2\repository\commons-codec\commons-codec\1.11\commons-codec-1.11.jar;C:\Users\testinium\.m2\repository\cglib\cglib\3.2.12\cglib-3.2.12.jar;C:\Users\testinium\.m2\repository\org\ow2\asm\asm\7.1\asm-7.1.jar;C:\Users\testinium\.m2\repository\commons-validator\commons-validator\1.6\commons-validator-1.6.jar;C:\Users\testinium\.m2\repository\commons-beanutils\commons-beanutils\1.9.2\commons-beanutils-1.9.2.jar;C:\Users\testinium\.m2\repository\commons-digester\commons-digester\1.8.1\commons-digester-1.8.1.jar;C:\Users\testinium\.m2\repository\commons-collections\commons-collections\3.2.2\commons-collections-3.2.2.jar;C:\Users\testinium\.m2\repository\org\apache\commons\commons-lang3\3.9\commons-lang3-3.9.jar;C:\Users\testinium\.m2\repository\org\springframework\spring-context\5.1.8.RELEASE\spring-context-5.1.8.RELEASE.jar;C:\Users\testinium\.m2\repository\org\springframework\spring-aop\5.1.8.RELEASE\spring-aop-5.1.8.RELEASE.jar;C:\Users\testinium\.m2\repository\org\springframework\spring-beans\5.1.8.RELEASE\spring-beans-5.1.8.RELEASE.jar;C:\Users\testinium\.m2\repository\org\springframework\spring-core\5.1.8.RELEASE\spring-core-5.1.8.RELEASE.jar;C:\Users\testinium\.m2\repository\org\springframework\spring-jcl\5.1.8.RELEASE\spring-jcl-5.1.8.RELEASE.jar;C:\Users\testinium\.m2\repository\org\springframework\spring-expression\5.1.8.RELEASE\spring-expression-5.1.8.RELEASE.jar;C:\Users\testinium\.m2\repository\org\aspectj\aspectjweaver\1.9.4\aspectjweaver-1.9.4.jar;C:\Users\testinium\.m2\repository\org\slf4j\slf4j-api\1.7.30\slf4j-api-1.7.30.jar;C:\Users\testinium\.m2\repository\org\slf4j\slf4j-log4j12\1.7.30\slf4j-log4j12-1.7.30.jar;C:\Users\testinium\.m2\repository\log4j\log4j\1.2.17\log4j-1.2.17.jar;C:\Users\testinium\.m2\repository\org\junit\jupiter\junit-jupiter\5.8.1\junit-jupiter-5.8.1.jar;C:\Users\testinium\.m2\repository\org\junit\jupiter\junit-jupiter-api\5.8.1\junit-jupiter-api-5.8.1.jar;C:\Users\testinium\.m2\repository\org\opentest4j\opentest4j\1.2.0\opentest4j-1.2.0.jar;C:\Users\testinium\.m2\repository\org\junit\platform\junit-platform-commons\1.8.1\junit-platform-commons-1.8.1.jar;C:\Users\testinium\.m2\repository\org\apiguardian\apiguardian-api\1.1.2\apiguardian-api-1.1.2.jar;C:\Users\testinium\.m2\repository\org\junit\jupiter\junit-jupiter-params\5.8.1\junit-jupiter-params-5.8.1.jar;C:\Users\testinium\.m2\repository\org\junit\jupiter\junit-jupiter-engine\5.8.1\junit-jupiter-engine-5.8.1.jar;C:\Users\testinium\.m2\repository\org\junit\platform\junit-platform-engine\1.8.1\junit-platform-engine-1.8.1.jar
30-10-2021 17:10:08.431 [java] [DEBUG] found java executable in C:\Program Files\Java\jdk1.8.0_281\jre\bin\java.exe
30-10-2021 17:10:08.431 [java] [DEBUG] running - C:\Program Files\Java\jdk1.8.0_281\jre\bin\java.exe [-Dfile.encoding=UTF-8 com.thoughtworks.gauge.GaugeRuntime --start]
30-10-2021 17:10:08.431 [java] [DEBUG] stdout/stderr is logged to logs\4336-java.exe.out
30-10-2021 17:10:08.850 [java] [DEBUG] multithreading is set to false
30-10-2021 17:10:09.295 [java] [DEBUG] Using reflection to scan dependencies for gauge implementations...
30-10-2021 17:10:09.936 [java] [DEBUG] gauge-java took 1085milliseconds to load and scan. This should be less than 'runner_connection_timeout' config value.
30-10-2021 17:10:09.936 [java] [DEBUG] run 'gauge config runner_connection_timeout' and verify that it is < 1085
30-10-2021 17:10:09.936 [java] [DEBUG] starting gRPC server...
30-10-2021 17:10:10.432 [java] [DEBUG] started gRPC server on port 63743
30-10-2021 17:10:10.432 [Gauge] [DEBUG] Attempting to connect to grpc server at port: 63743
30-10-2021 17:10:10.712 [Gauge] [DEBUG] Successfully made the connection with runner with port: 63743
30-10-2021 17:10:10.713 [Gauge] [DEBUG] Validation started.
30-10-2021 17:10:16.804 [java] [DEBUG] Scanning packages for steps
30-10-2021 17:10:16.935 [java] [DEBUG] Comparing 'org.example.pages.LoginPage.checkLogin' and 'org.example.pages.LoginPage.checkLogin'
30-10-2021 17:10:16.936 [java] [DEBUG] Found Login page doğrulama in current project scope.
30-10-2021 17:10:16.936 [java] [DEBUG] Comparing 'org.example.StepImplementation.clickElementByid' and 'org.example.StepImplementation.clickElementByid'
30-10-2021 17:10:16.937 [java] [DEBUG] Found {} İd'li elemente tıkla in current project scope.
30-10-2021 17:10:16.938 [java] [DEBUG] Comparing 'org.example.StepImplementation.clickElementByxpath' and 'org.example.StepImplementation.clickElementByxpath'
30-10-2021 17:10:16.938 [java] [DEBUG] Found {} xpath'li elemente tıkla in current project scope.
30-10-2021 17:10:16.938 [java] [DEBUG] Comparing 'org.example.StepImplementation.ScrollRandomPos' and 'org.example.StepImplementation.ScrollRandomPos'
30-10-2021 17:10:16.938 [java] [DEBUG] Found sayfa boyunca scroll et in current project scope.
30-10-2021 17:10:16.938 [java] [DEBUG] Comparing 'org.example.StepImplementation.waitSeconds' and 'org.example.StepImplementation.waitSeconds'
30-10-2021 17:10:16.939 [java] [DEBUG] Found {} saniye bekle in current project scope.
30-10-2021 17:10:16.939 [java] [DEBUG] Comparing 'org.example.StepImplementation.SendkeyElementByid' and 'org.example.StepImplementation.SendkeyElementByid'
30-10-2021 17:10:16.939 [java] [DEBUG] Found {} İd'li elemente {} değerini yaz in current project scope.
30-10-2021 17:10:16.940 [java] [DEBUG] Comparing 'org.example.StepImplementation.findAllProducts' and 'org.example.StepImplementation.findAllProducts'
30-10-2021 17:10:16.940 [java] [DEBUG] Found {} xpath'te bulunan sayfada görünen tüm ürünleri bul ve rastgele bir ürüne tıkla in current project scope.
30-10-2021 17:10:16.940 [java] [DEBUG] Comparing 'org.example.pages.WelcomePage.open' and 'org.example.pages.WelcomePage.open'
30-10-2021 17:10:16.941 [java] [DEBUG] Found Açılış Sayfası Kontrol in current project scope.
30-10-2021 17:10:16.941 [java] [DEBUG] Comparing 'org.example.StepImplementation.addToBasket' and 'org.example.StepImplementation.addToBasket'
30-10-2021 17:10:16.941 [java] [DEBUG] Found Sepete ekle in current project scope.
30-10-2021 17:10:16.942 [java] [DEBUG] Comparing 'org.example.pages.ProductPage.checkProductDetail' and 'org.example.pages.ProductPage.checkProductDetail'
30-10-2021 17:10:16.942 [java] [DEBUG] Found Product detail sayfası doğrulama in current project scope.
30-10-2021 17:10:16.942 [java] [DEBUG] Comparing 'org.example.pages.CategoryPage.checkCategoryPage' and 'org.example.pages.CategoryPage.checkCategoryPage'
30-10-2021 17:10:16.942 [java] [DEBUG] Found Kategori Sayfası Kontrol in current project scope.
30-10-2021 17:10:16.943 [java] [DEBUG] Comparing 'org.example.pages.ShoppingPage.checkShopping' and 'org.example.pages.ShoppingPage.checkShopping'
30-10-2021 17:10:16.943 [java] [DEBUG] Found Alışveriş Sayfası Doğrula in current project scope.
30-10-2021 17:10:16.943 [java] [DEBUG] Scanning packages for hooks
30-10-2021 17:10:16.971 [java] [DEBUG] Scanned steps (using static parsing + reflections): 
30-10-2021 17:10:16.972 [java] [DEBUG] 	Sepete ekle : public void addToBasket()
30-10-2021 17:10:16.972 [java] [DEBUG] 	{} xpath'li elemente tıkla : public void clickElementByxpath(String Key)
30-10-2021 17:10:16.972 [java] [DEBUG] 	Kategori Sayfası Kontrol : public void checkCategoryPage()
30-10-2021 17:10:16.972 [java] [DEBUG] 	Alışveriş Sayfası Doğrula : public void checkShopping()
30-10-2021 17:10:16.973 [java] [DEBUG] 	Açılış Sayfası Kontrol : public void open()
30-10-2021 17:10:16.973 [java] [DEBUG] 	{} İd'li elemente {} değerini yaz : public void SendkeyElementByid(String Key, String keyword)
30-10-2021 17:10:16.973 [java] [DEBUG] 	Product detail sayfası doğrulama : public void checkProductDetail()
30-10-2021 17:10:16.973 [java] [DEBUG] 	sayfa boyunca scroll et : public void ScrollRandomPos()
30-10-2021 17:10:16.973 [java] [DEBUG] 	{} saniye bekle : public void waitSeconds(ınt seconds)
30-10-2021 17:10:16.974 [java] [DEBUG] 	{} xpath'te bulunan sayfada görünen tüm ürünleri bul ve rastgele bir ürüne tıkla : public void findAllProducts(String Key)
30-10-2021 17:10:16.974 [java] [DEBUG] 	Login page doğrulama : public void checkLogin()
30-10-2021 17:10:16.974 [java] [DEBUG] 	{} İd'li elemente tıkla : public void clickElementByid(String Key)
30-10-2021 17:10:27.559 [Gauge] [DEBUG] Validation completed.
30-10-2021 17:10:27.562 [Gauge] [DEBUG] Run started
30-10-2021 17:10:27.566 [Gauge] [DEBUG] Starting Html Report plugin
30-10-2021 17:10:27.607 [Gauge] [DEBUG] Attempting to connect to grpc server at port: 61880
30-10-2021 17:10:27.609 [Gauge] [DEBUG] Successfully made the connection with plugin with port: 61880
30-10-2021 17:10:27.609 [Gauge] [DEBUG] Initialising suite data store.
30-10-2021 17:10:38.807 [java] [DEBUG] Executing '{} saniye bekle' using 'class org.example.StepImplementation.waitSeconds
30-10-2021 17:10:40.854 [java] [DEBUG] Executing 'Açılış Sayfası Kontrol' using 'class org.example.pages.WelcomePage.open
30-10-2021 17:10:41.670 [java] [DEBUG] Executing '{} İd'li elemente tıkla' using 'class org.example.StepImplementation.clickElementByid
30-10-2021 17:10:42.025 [java] [DEBUG] Executing '{} saniye bekle' using 'class org.example.StepImplementation.waitSeconds
30-10-2021 17:10:43.062 [java] [DEBUG] Executing 'Alışveriş Sayfası Doğrula' using 'class org.example.pages.ShoppingPage.checkShopping
30-10-2021 17:10:44.119 [java] [DEBUG] Executing '{} İd'li elemente tıkla' using 'class org.example.StepImplementation.clickElementByid
30-10-2021 17:10:44.516 [java] [DEBUG] Executing '{} saniye bekle' using 'class org.example.StepImplementation.waitSeconds
30-10-2021 17:10:45.560 [java] [DEBUG] Executing 'Kategori Sayfası Kontrol' using 'class org.example.pages.CategoryPage.checkCategoryPage
30-10-2021 17:10:46.876 [java] [DEBUG] Executing '{} xpath'li elemente tıkla' using 'class org.example.StepImplementation.clickElementByxpath
30-10-2021 17:10:47.692 [java] [DEBUG] Executing '{} saniye bekle' using 'class org.example.StepImplementation.waitSeconds
30-10-2021 17:10:48.718 [java] [DEBUG] Executing '{} xpath'li elemente tıkla' using 'class org.example.StepImplementation.clickElementByxpath
30-10-2021 17:10:49.576 [java] [DEBUG] Executing '{} saniye bekle' using 'class org.example.StepImplementation.waitSeconds
30-10-2021 17:10:50.594 [java] [DEBUG] Executing 'sayfa boyunca scroll et' using 'class org.example.StepImplementation.ScrollRandomPos
30-10-2021 17:10:52.043 [java] [DEBUG] Executing '{} saniye bekle' using 'class org.example.StepImplementation.waitSeconds
30-10-2021 17:10:53.071 [java] [DEBUG] Executing 'sayfa boyunca scroll et' using 'class org.example.StepImplementation.ScrollRandomPos
30-10-2021 17:10:54.538 [java] [DEBUG] Executing '{} saniye bekle' using 'class org.example.StepImplementation.waitSeconds
30-10-2021 17:10:55.559 [java] [DEBUG] Executing '{} xpath'te bulunan sayfada görünen tüm ürünleri bul ve rastgele bir ürüne tıkla' using 'class org.example.StepImplementation.findAllProducts
30-10-2021 17:10:55.809 [java] [DEBUG] Executing '{} saniye bekle' using 'class org.example.StepImplementation.waitSeconds
30-10-2021 17:10:56.830 [java] [DEBUG] Executing 'Product detail sayfası doğrulama' using 'class org.example.pages.ProductPage.checkProductDetail
30-10-2021 17:10:59.096 [java] [DEBUG] Executing '{} İd'li elemente tıkla' using 'class org.example.StepImplementation.clickElementByid
30-10-2021 17:10:59.416 [java] [DEBUG] Executing 'Login page doğrulama' using 'class org.example.pages.LoginPage.checkLogin
30-10-2021 17:11:00.156 [java] [DEBUG] Executing '{} saniye bekle' using 'class org.example.StepImplementation.waitSeconds
30-10-2021 17:11:01.179 [java] [DEBUG] Executing '{} İd'li elemente {} değerini yaz' using 'class org.example.StepImplementation.SendkeyElementByid
30-10-2021 17:11:01.917 [java] [DEBUG] Executing '{} saniye bekle' using 'class org.example.StepImplementation.waitSeconds
30-10-2021 17:11:02.933 [java] [DEBUG] Executing '{} İd'li elemente {} değerini yaz' using 'class org.example.StepImplementation.SendkeyElementByid
30-10-2021 17:11:03.738 [java] [DEBUG] Executing '{} saniye bekle' using 'class org.example.StepImplementation.waitSeconds
30-10-2021 17:11:04.755 [java] [DEBUG] Executing '{} İd'li elemente tıkla' using 'class org.example.StepImplementation.clickElementByid
30-10-2021 17:11:05.022 [java] [DEBUG] Executing '{} saniye bekle' using 'class org.example.StepImplementation.waitSeconds
30-10-2021 17:11:06.036 [java] [DEBUG] Executing '{} İd'li elemente tıkla' using 'class org.example.StepImplementation.clickElementByid
30-10-2021 17:11:06.311 [java] [DEBUG] Executing '{} saniye bekle' using 'class org.example.StepImplementation.waitSeconds
30-10-2021 17:11:07.336 [java] [DEBUG] Executing '{} xpath'te bulunan sayfada görünen tüm ürünleri bul ve rastgele bir ürüne tıkla' using 'class org.example.StepImplementation.findAllProducts
30-10-2021 17:11:07.499 [java] [DEBUG] Executing '{} saniye bekle' using 'class org.example.StepImplementation.waitSeconds
30-10-2021 17:11:08.521 [java] [DEBUG] Executing 'Sepete ekle' using 'class org.example.StepImplementation.addToBasket
30-10-2021 17:11:10.892 [java] [DEBUG] Executing '{} saniye bekle' using 'class org.example.StepImplementation.waitSeconds
30-10-2021 17:11:14.160 [html-report] [DEBUG] Transformed SuiteResult to report structure
30-10-2021 17:11:14.282 [html-report] [INFO] Successfully generated html-report to => C:\Users\testinium\OneDrive\Masaüstü\selenium-ödev\selenium-ödev\trendyol-selenium\polenodev\reports\html-report\index.html
30-10-2021 17:11:14.282 [html-report] [DEBUG] Done generating HTML report using theme from C:\Users\testinium\AppData\Roaming\gauge\plugins\html-report\4.0.12\themes\default
30-10-2021 17:11:14.282 [Gauge] [DEBUG] Sending kill message to Html Report plugin.
30-10-2021 17:11:14.285 [java] [DEBUG] Killing Java runner...
30-10-2021 17:11:14.287 [java] [DEBUG] Stopping execution pool...
30-10-2021 17:11:14.288 [java] [DEBUG] Shutting down grpc server...
30-10-2021 17:11:14.311 [java] [DEBUG] Runner killed gracefully.
30-10-2021 17:11:15.029 [Gauge] [DEBUG] Runner with PID:4336 has exited
30-10-2021 17:11:15.029 [Gauge] [INFO] Specifications:	1 executed	1 passed	0 failed	0 skipped
30-10-2021 17:11:15.029 [Gauge] [INFO] Scenarios:	1 executed	1 passed	0 failed	0 skipped
30-10-2021 17:11:15.029 [Gauge] [INFO] 
Total time taken: 46.592s
30-10-2021 17:11:15.031 [Gauge] [INFO] Updates are available. Run `gauge update -c` for more info.
